ARM GAS  /tmp/ccN6zIV2.s 			page 1


   1              		.cpu cortex-m4
   2              		.arch armv7e-m
   3              		.fpu fpv4-sp-d16
   4              		.eabi_attribute 27, 1
   5              		.eabi_attribute 28, 1
   6              		.eabi_attribute 20, 1
   7              		.eabi_attribute 21, 1
   8              		.eabi_attribute 23, 3
   9              		.eabi_attribute 24, 1
  10              		.eabi_attribute 25, 1
  11              		.eabi_attribute 26, 1
  12              		.eabi_attribute 30, 1
  13              		.eabi_attribute 34, 1
  14              		.eabi_attribute 18, 4
  15              		.file	"spi.c"
  16              		.text
  17              	.Ltext0:
  18              		.cfi_sections	.debug_frame
  19              		.file 1 "STM32F411/Peripherals/src/spi.c"
  20              		.section	.text.MX_SPI1_Init,"ax",%progbits
  21              		.align	1
  22              		.global	MX_SPI1_Init
  23              		.syntax unified
  24              		.thumb
  25              		.thumb_func
  27              	MX_SPI1_Init:
  28              	.LFB134:
   1:STM32F411/Peripherals/src/spi.c **** 
   2:STM32F411/Peripherals/src/spi.c **** /* Includes ------------------------------------------------------------------*/
   3:STM32F411/Peripherals/src/spi.c **** #include "spi.h"
   4:STM32F411/Peripherals/src/spi.c **** #include "utils.h"
   5:STM32F411/Peripherals/src/spi.c **** 
   6:STM32F411/Peripherals/src/spi.c **** /* Private Variable Declaration ----------------------------------------------*/
   7:STM32F411/Peripherals/src/spi.c **** SPI_HandleTypeDef hspi1;
   8:STM32F411/Peripherals/src/spi.c **** 
   9:STM32F411/Peripherals/src/spi.c **** /* Public Function Defnition -------------------------------------------------*/
  10:STM32F411/Peripherals/src/spi.c **** /* SPI1 init function */
  11:STM32F411/Peripherals/src/spi.c **** void MX_SPI1_Init(void)
  12:STM32F411/Peripherals/src/spi.c **** {
  29              		.loc 1 12 1 view -0
  30              		.cfi_startproc
  31              		@ args = 0, pretend = 0, frame = 0
  32              		@ frame_needed = 0, uses_anonymous_args = 0
  33 0000 08B5     		push	{r3, lr}
  34              	.LCFI0:
  35              		.cfi_def_cfa_offset 8
  36              		.cfi_offset 3, -8
  37              		.cfi_offset 14, -4
  13:STM32F411/Peripherals/src/spi.c ****   hspi1.Instance = SPI1;
  38              		.loc 1 13 3 view .LVU1
  39              		.loc 1 13 18 is_stmt 0 view .LVU2
  40 0002 0D48     		ldr	r0, .L5
  41 0004 0D4B     		ldr	r3, .L5+4
  42 0006 0360     		str	r3, [r0]
  14:STM32F411/Peripherals/src/spi.c ****   hspi1.Init.Mode = SPI_MODE_MASTER;
  43              		.loc 1 14 3 is_stmt 1 view .LVU3
  44              		.loc 1 14 19 is_stmt 0 view .LVU4
ARM GAS  /tmp/ccN6zIV2.s 			page 2


  45 0008 4FF48273 		mov	r3, #260
  46 000c 4360     		str	r3, [r0, #4]
  15:STM32F411/Peripherals/src/spi.c ****   hspi1.Init.Direction = SPI_DIRECTION_2LINES;
  47              		.loc 1 15 3 is_stmt 1 view .LVU5
  48              		.loc 1 15 24 is_stmt 0 view .LVU6
  49 000e 0023     		movs	r3, #0
  50 0010 8360     		str	r3, [r0, #8]
  16:STM32F411/Peripherals/src/spi.c ****   hspi1.Init.DataSize = SPI_DATASIZE_8BIT;
  51              		.loc 1 16 3 is_stmt 1 view .LVU7
  52              		.loc 1 16 23 is_stmt 0 view .LVU8
  53 0012 C360     		str	r3, [r0, #12]
  17:STM32F411/Peripherals/src/spi.c ****   hspi1.Init.CLKPolarity = SPI_POLARITY_LOW;
  54              		.loc 1 17 3 is_stmt 1 view .LVU9
  55              		.loc 1 17 26 is_stmt 0 view .LVU10
  56 0014 0361     		str	r3, [r0, #16]
  18:STM32F411/Peripherals/src/spi.c ****   hspi1.Init.CLKPhase = SPI_PHASE_1EDGE;
  57              		.loc 1 18 3 is_stmt 1 view .LVU11
  58              		.loc 1 18 23 is_stmt 0 view .LVU12
  59 0016 4361     		str	r3, [r0, #20]
  19:STM32F411/Peripherals/src/spi.c ****   hspi1.Init.NSS = SPI_NSS_HARD_OUTPUT;
  60              		.loc 1 19 3 is_stmt 1 view .LVU13
  61              		.loc 1 19 18 is_stmt 0 view .LVU14
  62 0018 4FF48022 		mov	r2, #262144
  63 001c 8261     		str	r2, [r0, #24]
  20:STM32F411/Peripherals/src/spi.c ****   hspi1.Init.BaudRatePrescaler = SPI_BAUDRATEPRESCALER_2;
  64              		.loc 1 20 3 is_stmt 1 view .LVU15
  65              		.loc 1 20 32 is_stmt 0 view .LVU16
  66 001e C361     		str	r3, [r0, #28]
  21:STM32F411/Peripherals/src/spi.c ****   hspi1.Init.FirstBit = SPI_FIRSTBIT_MSB;
  67              		.loc 1 21 3 is_stmt 1 view .LVU17
  68              		.loc 1 21 23 is_stmt 0 view .LVU18
  69 0020 0362     		str	r3, [r0, #32]
  22:STM32F411/Peripherals/src/spi.c ****   hspi1.Init.TIMode = SPI_TIMODE_DISABLE;
  70              		.loc 1 22 3 is_stmt 1 view .LVU19
  71              		.loc 1 22 21 is_stmt 0 view .LVU20
  72 0022 4362     		str	r3, [r0, #36]
  23:STM32F411/Peripherals/src/spi.c ****   hspi1.Init.CRCCalculation = SPI_CRCCALCULATION_DISABLE;
  73              		.loc 1 23 3 is_stmt 1 view .LVU21
  74              		.loc 1 23 29 is_stmt 0 view .LVU22
  75 0024 8362     		str	r3, [r0, #40]
  24:STM32F411/Peripherals/src/spi.c ****   hspi1.Init.CRCPolynomial = 10;
  76              		.loc 1 24 3 is_stmt 1 view .LVU23
  77              		.loc 1 24 28 is_stmt 0 view .LVU24
  78 0026 0A23     		movs	r3, #10
  79 0028 C362     		str	r3, [r0, #44]
  25:STM32F411/Peripherals/src/spi.c ****   if (HAL_SPI_Init(&hspi1) != HAL_OK)
  80              		.loc 1 25 3 is_stmt 1 view .LVU25
  81              		.loc 1 25 7 is_stmt 0 view .LVU26
  82 002a FFF7FEFF 		bl	HAL_SPI_Init
  83              	.LVL0:
  84              		.loc 1 25 6 discriminator 1 view .LVU27
  85 002e 00B9     		cbnz	r0, .L4
  86              	.L1:
  26:STM32F411/Peripherals/src/spi.c ****   {
  27:STM32F411/Peripherals/src/spi.c ****     Error_Handler();
  28:STM32F411/Peripherals/src/spi.c ****   }
  29:STM32F411/Peripherals/src/spi.c **** }
ARM GAS  /tmp/ccN6zIV2.s 			page 3


  87              		.loc 1 29 1 view .LVU28
  88 0030 08BD     		pop	{r3, pc}
  89              	.L4:
  27:STM32F411/Peripherals/src/spi.c ****   }
  90              		.loc 1 27 5 is_stmt 1 view .LVU29
  91 0032 FFF7FEFF 		bl	Error_Handler
  92              	.LVL1:
  93              		.loc 1 29 1 is_stmt 0 view .LVU30
  94 0036 FBE7     		b	.L1
  95              	.L6:
  96              		.align	2
  97              	.L5:
  98 0038 00000000 		.word	hspi1
  99 003c 00300140 		.word	1073819648
 100              		.cfi_endproc
 101              	.LFE134:
 103              		.section	.text.HAL_SPI_MspInit,"ax",%progbits
 104              		.align	1
 105              		.global	HAL_SPI_MspInit
 106              		.syntax unified
 107              		.thumb
 108              		.thumb_func
 110              	HAL_SPI_MspInit:
 111              	.LVL2:
 112              	.LFB135:
  30:STM32F411/Peripherals/src/spi.c **** 
  31:STM32F411/Peripherals/src/spi.c **** /* Private Function Declaration ----------------------------------------------*/
  32:STM32F411/Peripherals/src/spi.c **** void HAL_SPI_MspInit(SPI_HandleTypeDef* spiHandle)
  33:STM32F411/Peripherals/src/spi.c **** {
 113              		.loc 1 33 1 is_stmt 1 view -0
 114              		.cfi_startproc
 115              		@ args = 0, pretend = 0, frame = 32
 116              		@ frame_needed = 0, uses_anonymous_args = 0
 117              		.loc 1 33 1 is_stmt 0 view .LVU32
 118 0000 00B5     		push	{lr}
 119              	.LCFI1:
 120              		.cfi_def_cfa_offset 4
 121              		.cfi_offset 14, -4
 122 0002 89B0     		sub	sp, sp, #36
 123              	.LCFI2:
 124              		.cfi_def_cfa_offset 40
  34:STM32F411/Peripherals/src/spi.c **** 
  35:STM32F411/Peripherals/src/spi.c ****   GPIO_InitTypeDef GPIO_InitStruct = {0};
 125              		.loc 1 35 3 is_stmt 1 view .LVU33
 126              		.loc 1 35 20 is_stmt 0 view .LVU34
 127 0004 0023     		movs	r3, #0
 128 0006 0393     		str	r3, [sp, #12]
 129 0008 0493     		str	r3, [sp, #16]
 130 000a 0593     		str	r3, [sp, #20]
 131 000c 0693     		str	r3, [sp, #24]
 132 000e 0793     		str	r3, [sp, #28]
  36:STM32F411/Peripherals/src/spi.c ****   if(spiHandle->Instance==SPI1)
 133              		.loc 1 36 3 is_stmt 1 view .LVU35
 134              		.loc 1 36 15 is_stmt 0 view .LVU36
 135 0010 0268     		ldr	r2, [r0]
 136              		.loc 1 36 5 view .LVU37
 137 0012 154B     		ldr	r3, .L11
ARM GAS  /tmp/ccN6zIV2.s 			page 4


 138 0014 9A42     		cmp	r2, r3
 139 0016 02D0     		beq	.L10
 140              	.LVL3:
 141              	.L7:
  37:STM32F411/Peripherals/src/spi.c ****   {
  38:STM32F411/Peripherals/src/spi.c ****     /* SPI1 clock enable */
  39:STM32F411/Peripherals/src/spi.c ****     __HAL_RCC_SPI1_CLK_ENABLE();
  40:STM32F411/Peripherals/src/spi.c **** 
  41:STM32F411/Peripherals/src/spi.c ****     __HAL_RCC_GPIOA_CLK_ENABLE();
  42:STM32F411/Peripherals/src/spi.c ****     /**SPI1 GPIO Configuration
  43:STM32F411/Peripherals/src/spi.c ****     PA4     ------> SPI1_NSS
  44:STM32F411/Peripherals/src/spi.c ****     PA5     ------> SPI1_SCK
  45:STM32F411/Peripherals/src/spi.c ****     PA6     ------> SPI1_MISO
  46:STM32F411/Peripherals/src/spi.c ****     PA7     ------> SPI1_MOSI
  47:STM32F411/Peripherals/src/spi.c ****     */
  48:STM32F411/Peripherals/src/spi.c ****     GPIO_InitStruct.Pin = GPIO_PIN_4|GPIO_PIN_5|GPIO_PIN_6|GPIO_PIN_7;
  49:STM32F411/Peripherals/src/spi.c ****     GPIO_InitStruct.Mode = GPIO_MODE_AF_PP;
  50:STM32F411/Peripherals/src/spi.c ****     GPIO_InitStruct.Pull = GPIO_NOPULL;
  51:STM32F411/Peripherals/src/spi.c ****     GPIO_InitStruct.Speed = GPIO_SPEED_FREQ_VERY_HIGH;
  52:STM32F411/Peripherals/src/spi.c ****     GPIO_InitStruct.Alternate = GPIO_AF5_SPI1;
  53:STM32F411/Peripherals/src/spi.c ****     HAL_GPIO_Init(GPIOA, &GPIO_InitStruct);
  54:STM32F411/Peripherals/src/spi.c ****   }
  55:STM32F411/Peripherals/src/spi.c **** }
 142              		.loc 1 55 1 view .LVU38
 143 0018 09B0     		add	sp, sp, #36
 144              	.LCFI3:
 145              		.cfi_remember_state
 146              		.cfi_def_cfa_offset 4
 147              		@ sp needed
 148 001a 5DF804FB 		ldr	pc, [sp], #4
 149              	.LVL4:
 150              	.L10:
 151              	.LCFI4:
 152              		.cfi_restore_state
  39:STM32F411/Peripherals/src/spi.c **** 
 153              		.loc 1 39 5 is_stmt 1 view .LVU39
 154              	.LBB2:
  39:STM32F411/Peripherals/src/spi.c **** 
 155              		.loc 1 39 5 view .LVU40
 156 001e 0021     		movs	r1, #0
 157 0020 0191     		str	r1, [sp, #4]
  39:STM32F411/Peripherals/src/spi.c **** 
 158              		.loc 1 39 5 view .LVU41
 159 0022 03F58433 		add	r3, r3, #67584
 160 0026 5A6C     		ldr	r2, [r3, #68]
 161 0028 42F48052 		orr	r2, r2, #4096
 162 002c 5A64     		str	r2, [r3, #68]
  39:STM32F411/Peripherals/src/spi.c **** 
 163              		.loc 1 39 5 view .LVU42
 164 002e 5A6C     		ldr	r2, [r3, #68]
 165 0030 02F48052 		and	r2, r2, #4096
 166 0034 0192     		str	r2, [sp, #4]
  39:STM32F411/Peripherals/src/spi.c **** 
 167              		.loc 1 39 5 view .LVU43
 168 0036 019A     		ldr	r2, [sp, #4]
 169              	.LBE2:
  39:STM32F411/Peripherals/src/spi.c **** 
ARM GAS  /tmp/ccN6zIV2.s 			page 5


 170              		.loc 1 39 5 view .LVU44
  41:STM32F411/Peripherals/src/spi.c ****     /**SPI1 GPIO Configuration
 171              		.loc 1 41 5 view .LVU45
 172              	.LBB3:
  41:STM32F411/Peripherals/src/spi.c ****     /**SPI1 GPIO Configuration
 173              		.loc 1 41 5 view .LVU46
 174 0038 0291     		str	r1, [sp, #8]
  41:STM32F411/Peripherals/src/spi.c ****     /**SPI1 GPIO Configuration
 175              		.loc 1 41 5 view .LVU47
 176 003a 1A6B     		ldr	r2, [r3, #48]
 177 003c 42F00102 		orr	r2, r2, #1
 178 0040 1A63     		str	r2, [r3, #48]
  41:STM32F411/Peripherals/src/spi.c ****     /**SPI1 GPIO Configuration
 179              		.loc 1 41 5 view .LVU48
 180 0042 1B6B     		ldr	r3, [r3, #48]
 181 0044 03F00103 		and	r3, r3, #1
 182 0048 0293     		str	r3, [sp, #8]
  41:STM32F411/Peripherals/src/spi.c ****     /**SPI1 GPIO Configuration
 183              		.loc 1 41 5 view .LVU49
 184 004a 029B     		ldr	r3, [sp, #8]
 185              	.LBE3:
  41:STM32F411/Peripherals/src/spi.c ****     /**SPI1 GPIO Configuration
 186              		.loc 1 41 5 view .LVU50
  48:STM32F411/Peripherals/src/spi.c ****     GPIO_InitStruct.Mode = GPIO_MODE_AF_PP;
 187              		.loc 1 48 5 view .LVU51
  48:STM32F411/Peripherals/src/spi.c ****     GPIO_InitStruct.Mode = GPIO_MODE_AF_PP;
 188              		.loc 1 48 25 is_stmt 0 view .LVU52
 189 004c F023     		movs	r3, #240
 190 004e 0393     		str	r3, [sp, #12]
  49:STM32F411/Peripherals/src/spi.c ****     GPIO_InitStruct.Pull = GPIO_NOPULL;
 191              		.loc 1 49 5 is_stmt 1 view .LVU53
  49:STM32F411/Peripherals/src/spi.c ****     GPIO_InitStruct.Pull = GPIO_NOPULL;
 192              		.loc 1 49 26 is_stmt 0 view .LVU54
 193 0050 0223     		movs	r3, #2
 194 0052 0493     		str	r3, [sp, #16]
  50:STM32F411/Peripherals/src/spi.c ****     GPIO_InitStruct.Speed = GPIO_SPEED_FREQ_VERY_HIGH;
 195              		.loc 1 50 5 is_stmt 1 view .LVU55
  51:STM32F411/Peripherals/src/spi.c ****     GPIO_InitStruct.Alternate = GPIO_AF5_SPI1;
 196              		.loc 1 51 5 view .LVU56
  51:STM32F411/Peripherals/src/spi.c ****     GPIO_InitStruct.Alternate = GPIO_AF5_SPI1;
 197              		.loc 1 51 27 is_stmt 0 view .LVU57
 198 0054 0323     		movs	r3, #3
 199 0056 0693     		str	r3, [sp, #24]
  52:STM32F411/Peripherals/src/spi.c ****     HAL_GPIO_Init(GPIOA, &GPIO_InitStruct);
 200              		.loc 1 52 5 is_stmt 1 view .LVU58
  52:STM32F411/Peripherals/src/spi.c ****     HAL_GPIO_Init(GPIOA, &GPIO_InitStruct);
 201              		.loc 1 52 31 is_stmt 0 view .LVU59
 202 0058 0523     		movs	r3, #5
 203 005a 0793     		str	r3, [sp, #28]
  53:STM32F411/Peripherals/src/spi.c ****   }
 204              		.loc 1 53 5 is_stmt 1 view .LVU60
 205 005c 03A9     		add	r1, sp, #12
 206 005e 0348     		ldr	r0, .L11+4
 207              	.LVL5:
  53:STM32F411/Peripherals/src/spi.c ****   }
 208              		.loc 1 53 5 is_stmt 0 view .LVU61
 209 0060 FFF7FEFF 		bl	HAL_GPIO_Init
ARM GAS  /tmp/ccN6zIV2.s 			page 6


 210              	.LVL6:
 211              		.loc 1 55 1 view .LVU62
 212 0064 D8E7     		b	.L7
 213              	.L12:
 214 0066 00BF     		.align	2
 215              	.L11:
 216 0068 00300140 		.word	1073819648
 217 006c 00000240 		.word	1073872896
 218              		.cfi_endproc
 219              	.LFE135:
 221              		.section	.text.HAL_SPI_MspDeInit,"ax",%progbits
 222              		.align	1
 223              		.global	HAL_SPI_MspDeInit
 224              		.syntax unified
 225              		.thumb
 226              		.thumb_func
 228              	HAL_SPI_MspDeInit:
 229              	.LVL7:
 230              	.LFB136:
  56:STM32F411/Peripherals/src/spi.c **** 
  57:STM32F411/Peripherals/src/spi.c **** void HAL_SPI_MspDeInit(SPI_HandleTypeDef* spiHandle)
  58:STM32F411/Peripherals/src/spi.c **** {
 231              		.loc 1 58 1 is_stmt 1 view -0
 232              		.cfi_startproc
 233              		@ args = 0, pretend = 0, frame = 0
 234              		@ frame_needed = 0, uses_anonymous_args = 0
 235              		.loc 1 58 1 is_stmt 0 view .LVU64
 236 0000 08B5     		push	{r3, lr}
 237              	.LCFI5:
 238              		.cfi_def_cfa_offset 8
 239              		.cfi_offset 3, -8
 240              		.cfi_offset 14, -4
  59:STM32F411/Peripherals/src/spi.c **** 
  60:STM32F411/Peripherals/src/spi.c ****   if(spiHandle->Instance==SPI1)
 241              		.loc 1 60 3 is_stmt 1 view .LVU65
 242              		.loc 1 60 15 is_stmt 0 view .LVU66
 243 0002 0268     		ldr	r2, [r0]
 244              		.loc 1 60 5 view .LVU67
 245 0004 064B     		ldr	r3, .L17
 246 0006 9A42     		cmp	r2, r3
 247 0008 00D0     		beq	.L16
 248              	.LVL8:
 249              	.L13:
  61:STM32F411/Peripherals/src/spi.c ****   {
  62:STM32F411/Peripherals/src/spi.c ****     /* Peripheral clock disable */
  63:STM32F411/Peripherals/src/spi.c ****     __HAL_RCC_SPI1_CLK_DISABLE();
  64:STM32F411/Peripherals/src/spi.c **** 
  65:STM32F411/Peripherals/src/spi.c ****     /**SPI1 GPIO Configuration
  66:STM32F411/Peripherals/src/spi.c ****     PA4     ------> SPI1_NSS
  67:STM32F411/Peripherals/src/spi.c ****     PA5     ------> SPI1_SCK
  68:STM32F411/Peripherals/src/spi.c ****     PA6     ------> SPI1_MISO
  69:STM32F411/Peripherals/src/spi.c ****     PA7     ------> SPI1_MOSI
  70:STM32F411/Peripherals/src/spi.c ****     */
  71:STM32F411/Peripherals/src/spi.c ****     HAL_GPIO_DeInit(GPIOA, GPIO_PIN_4|GPIO_PIN_5|GPIO_PIN_6|GPIO_PIN_7);
  72:STM32F411/Peripherals/src/spi.c ****   }
  73:STM32F411/Peripherals/src/spi.c **** }
 250              		.loc 1 73 1 view .LVU68
ARM GAS  /tmp/ccN6zIV2.s 			page 7


 251 000a 08BD     		pop	{r3, pc}
 252              	.LVL9:
 253              	.L16:
  63:STM32F411/Peripherals/src/spi.c **** 
 254              		.loc 1 63 5 is_stmt 1 view .LVU69
 255 000c 054A     		ldr	r2, .L17+4
 256 000e 536C     		ldr	r3, [r2, #68]
 257 0010 23F48053 		bic	r3, r3, #4096
 258 0014 5364     		str	r3, [r2, #68]
  71:STM32F411/Peripherals/src/spi.c ****   }
 259              		.loc 1 71 5 view .LVU70
 260 0016 F021     		movs	r1, #240
 261 0018 0348     		ldr	r0, .L17+8
 262              	.LVL10:
  71:STM32F411/Peripherals/src/spi.c ****   }
 263              		.loc 1 71 5 is_stmt 0 view .LVU71
 264 001a FFF7FEFF 		bl	HAL_GPIO_DeInit
 265              	.LVL11:
 266              		.loc 1 73 1 view .LVU72
 267 001e F4E7     		b	.L13
 268              	.L18:
 269              		.align	2
 270              	.L17:
 271 0020 00300140 		.word	1073819648
 272 0024 00380240 		.word	1073887232
 273 0028 00000240 		.word	1073872896
 274              		.cfi_endproc
 275              	.LFE136:
 277              		.global	hspi1
 278              		.section	.bss.hspi1,"aw",%nobits
 279              		.align	2
 282              	hspi1:
 283 0000 00000000 		.space	88
 283      00000000 
 283      00000000 
 283      00000000 
 283      00000000 
 284              		.text
 285              	.Letext0:
 286              		.file 2 "/usr/lib/gcc/arm-none-eabi/13.2.1/include/stdint.h"
 287              		.file 3 "STM32F411/Drivers/CMSIS/Device/ST/STM32F4xx/Include/stm32f411xe.h"
 288              		.file 4 "STM32F411/Drivers/STM32F4xx_HAL_Driver/Inc/stm32f4xx_hal_def.h"
 289              		.file 5 "STM32F411/Drivers/STM32F4xx_HAL_Driver/Inc/stm32f4xx_hal_gpio.h"
 290              		.file 6 "STM32F411/Drivers/STM32F4xx_HAL_Driver/Inc/stm32f4xx_hal_dma.h"
 291              		.file 7 "STM32F411/Drivers/STM32F4xx_HAL_Driver/Inc/stm32f4xx_hal_spi.h"
 292              		.file 8 "STM32F411/Peripherals/inc/spi.h"
 293              		.file 9 "App/utils/inc/utils.h"
ARM GAS  /tmp/ccN6zIV2.s 			page 8


DEFINED SYMBOLS
                            *ABS*:00000000 spi.c
     /tmp/ccN6zIV2.s:21     .text.MX_SPI1_Init:00000000 $t
     /tmp/ccN6zIV2.s:27     .text.MX_SPI1_Init:00000000 MX_SPI1_Init
     /tmp/ccN6zIV2.s:98     .text.MX_SPI1_Init:00000038 $d
     /tmp/ccN6zIV2.s:282    .bss.hspi1:00000000 hspi1
     /tmp/ccN6zIV2.s:104    .text.HAL_SPI_MspInit:00000000 $t
     /tmp/ccN6zIV2.s:110    .text.HAL_SPI_MspInit:00000000 HAL_SPI_MspInit
     /tmp/ccN6zIV2.s:216    .text.HAL_SPI_MspInit:00000068 $d
     /tmp/ccN6zIV2.s:222    .text.HAL_SPI_MspDeInit:00000000 $t
     /tmp/ccN6zIV2.s:228    .text.HAL_SPI_MspDeInit:00000000 HAL_SPI_MspDeInit
     /tmp/ccN6zIV2.s:271    .text.HAL_SPI_MspDeInit:00000020 $d
     /tmp/ccN6zIV2.s:279    .bss.hspi1:00000000 $d

UNDEFINED SYMBOLS
HAL_SPI_Init
Error_Handler
HAL_GPIO_Init
HAL_GPIO_DeInit
