ARM GAS  /tmp/ccnjWaH0.s 			page 1


   1              		.cpu cortex-m4
   2              		.arch armv7e-m
   3              		.fpu fpv4-sp-d16
   4              		.eabi_attribute 27, 1
   5              		.eabi_attribute 28, 1
   6              		.eabi_attribute 20, 1
   7              		.eabi_attribute 21, 1
   8              		.eabi_attribute 23, 3
   9              		.eabi_attribute 24, 1
  10              		.eabi_attribute 25, 1
  11              		.eabi_attribute 26, 1
  12              		.eabi_attribute 30, 1
  13              		.eabi_attribute 34, 1
  14              		.eabi_attribute 18, 4
  15              		.file	"stm32f4xx_hal_pcd_ex.c"
  16              		.text
  17              	.Ltext0:
  18              		.cfi_sections	.debug_frame
  19              		.file 1 "STM32F411/Drivers/STM32F4xx_HAL_Driver/Src/stm32f4xx_hal_pcd_ex.c"
  20              		.section	.text.HAL_PCDEx_SetTxFiFo,"ax",%progbits
  21              		.align	1
  22              		.global	HAL_PCDEx_SetTxFiFo
  23              		.syntax unified
  24              		.thumb
  25              		.thumb_func
  27              	HAL_PCDEx_SetTxFiFo:
  28              	.LVL0:
  29              	.LFB134:
   1:STM32F411/Drivers/STM32F4xx_HAL_Driver/Src/stm32f4xx_hal_pcd_ex.c **** /**
   2:STM32F411/Drivers/STM32F4xx_HAL_Driver/Src/stm32f4xx_hal_pcd_ex.c ****   ******************************************************************************
   3:STM32F411/Drivers/STM32F4xx_HAL_Driver/Src/stm32f4xx_hal_pcd_ex.c ****   * @file    stm32f4xx_hal_pcd_ex.c
   4:STM32F411/Drivers/STM32F4xx_HAL_Driver/Src/stm32f4xx_hal_pcd_ex.c ****   * @author  MCD Application Team
   5:STM32F411/Drivers/STM32F4xx_HAL_Driver/Src/stm32f4xx_hal_pcd_ex.c ****   * @brief   PCD Extended HAL module driver.
   6:STM32F411/Drivers/STM32F4xx_HAL_Driver/Src/stm32f4xx_hal_pcd_ex.c ****   *          This file provides firmware functions to manage the following
   7:STM32F411/Drivers/STM32F4xx_HAL_Driver/Src/stm32f4xx_hal_pcd_ex.c ****   *          functionalities of the USB Peripheral Controller:
   8:STM32F411/Drivers/STM32F4xx_HAL_Driver/Src/stm32f4xx_hal_pcd_ex.c ****   *           + Extended features functions
   9:STM32F411/Drivers/STM32F4xx_HAL_Driver/Src/stm32f4xx_hal_pcd_ex.c ****   *
  10:STM32F411/Drivers/STM32F4xx_HAL_Driver/Src/stm32f4xx_hal_pcd_ex.c ****   ******************************************************************************
  11:STM32F411/Drivers/STM32F4xx_HAL_Driver/Src/stm32f4xx_hal_pcd_ex.c ****   * @attention
  12:STM32F411/Drivers/STM32F4xx_HAL_Driver/Src/stm32f4xx_hal_pcd_ex.c ****   *
  13:STM32F411/Drivers/STM32F4xx_HAL_Driver/Src/stm32f4xx_hal_pcd_ex.c ****   * Copyright (c) 2016 STMicroelectronics.
  14:STM32F411/Drivers/STM32F4xx_HAL_Driver/Src/stm32f4xx_hal_pcd_ex.c ****   * All rights reserved.
  15:STM32F411/Drivers/STM32F4xx_HAL_Driver/Src/stm32f4xx_hal_pcd_ex.c ****   *
  16:STM32F411/Drivers/STM32F4xx_HAL_Driver/Src/stm32f4xx_hal_pcd_ex.c ****   * This software is licensed under terms that can be found in the LICENSE file
  17:STM32F411/Drivers/STM32F4xx_HAL_Driver/Src/stm32f4xx_hal_pcd_ex.c ****   * in the root directory of this software component.
  18:STM32F411/Drivers/STM32F4xx_HAL_Driver/Src/stm32f4xx_hal_pcd_ex.c ****   * If no LICENSE file comes with this software, it is provided AS-IS.
  19:STM32F411/Drivers/STM32F4xx_HAL_Driver/Src/stm32f4xx_hal_pcd_ex.c ****   *
  20:STM32F411/Drivers/STM32F4xx_HAL_Driver/Src/stm32f4xx_hal_pcd_ex.c ****   ******************************************************************************
  21:STM32F411/Drivers/STM32F4xx_HAL_Driver/Src/stm32f4xx_hal_pcd_ex.c ****   */
  22:STM32F411/Drivers/STM32F4xx_HAL_Driver/Src/stm32f4xx_hal_pcd_ex.c **** 
  23:STM32F411/Drivers/STM32F4xx_HAL_Driver/Src/stm32f4xx_hal_pcd_ex.c **** /* Includes ------------------------------------------------------------------*/
  24:STM32F411/Drivers/STM32F4xx_HAL_Driver/Src/stm32f4xx_hal_pcd_ex.c **** #include "stm32f4xx_hal.h"
  25:STM32F411/Drivers/STM32F4xx_HAL_Driver/Src/stm32f4xx_hal_pcd_ex.c **** 
  26:STM32F411/Drivers/STM32F4xx_HAL_Driver/Src/stm32f4xx_hal_pcd_ex.c **** /** @addtogroup STM32F4xx_HAL_Driver
  27:STM32F411/Drivers/STM32F4xx_HAL_Driver/Src/stm32f4xx_hal_pcd_ex.c ****   * @{
  28:STM32F411/Drivers/STM32F4xx_HAL_Driver/Src/stm32f4xx_hal_pcd_ex.c ****   */
  29:STM32F411/Drivers/STM32F4xx_HAL_Driver/Src/stm32f4xx_hal_pcd_ex.c **** 
ARM GAS  /tmp/ccnjWaH0.s 			page 2


  30:STM32F411/Drivers/STM32F4xx_HAL_Driver/Src/stm32f4xx_hal_pcd_ex.c **** /** @defgroup PCDEx PCDEx
  31:STM32F411/Drivers/STM32F4xx_HAL_Driver/Src/stm32f4xx_hal_pcd_ex.c ****   * @brief PCD Extended HAL module driver
  32:STM32F411/Drivers/STM32F4xx_HAL_Driver/Src/stm32f4xx_hal_pcd_ex.c ****   * @{
  33:STM32F411/Drivers/STM32F4xx_HAL_Driver/Src/stm32f4xx_hal_pcd_ex.c ****   */
  34:STM32F411/Drivers/STM32F4xx_HAL_Driver/Src/stm32f4xx_hal_pcd_ex.c **** 
  35:STM32F411/Drivers/STM32F4xx_HAL_Driver/Src/stm32f4xx_hal_pcd_ex.c **** #ifdef HAL_PCD_MODULE_ENABLED
  36:STM32F411/Drivers/STM32F4xx_HAL_Driver/Src/stm32f4xx_hal_pcd_ex.c **** 
  37:STM32F411/Drivers/STM32F4xx_HAL_Driver/Src/stm32f4xx_hal_pcd_ex.c **** #if defined (USB_OTG_FS) || defined (USB_OTG_HS)
  38:STM32F411/Drivers/STM32F4xx_HAL_Driver/Src/stm32f4xx_hal_pcd_ex.c **** /* Private types -------------------------------------------------------------*/
  39:STM32F411/Drivers/STM32F4xx_HAL_Driver/Src/stm32f4xx_hal_pcd_ex.c **** /* Private variables ---------------------------------------------------------*/
  40:STM32F411/Drivers/STM32F4xx_HAL_Driver/Src/stm32f4xx_hal_pcd_ex.c **** /* Private constants ---------------------------------------------------------*/
  41:STM32F411/Drivers/STM32F4xx_HAL_Driver/Src/stm32f4xx_hal_pcd_ex.c **** /* Private macros ------------------------------------------------------------*/
  42:STM32F411/Drivers/STM32F4xx_HAL_Driver/Src/stm32f4xx_hal_pcd_ex.c **** /* Private functions ---------------------------------------------------------*/
  43:STM32F411/Drivers/STM32F4xx_HAL_Driver/Src/stm32f4xx_hal_pcd_ex.c **** /* Exported functions --------------------------------------------------------*/
  44:STM32F411/Drivers/STM32F4xx_HAL_Driver/Src/stm32f4xx_hal_pcd_ex.c **** 
  45:STM32F411/Drivers/STM32F4xx_HAL_Driver/Src/stm32f4xx_hal_pcd_ex.c **** /** @defgroup PCDEx_Exported_Functions PCDEx Exported Functions
  46:STM32F411/Drivers/STM32F4xx_HAL_Driver/Src/stm32f4xx_hal_pcd_ex.c ****   * @{
  47:STM32F411/Drivers/STM32F4xx_HAL_Driver/Src/stm32f4xx_hal_pcd_ex.c ****   */
  48:STM32F411/Drivers/STM32F4xx_HAL_Driver/Src/stm32f4xx_hal_pcd_ex.c **** 
  49:STM32F411/Drivers/STM32F4xx_HAL_Driver/Src/stm32f4xx_hal_pcd_ex.c **** /** @defgroup PCDEx_Exported_Functions_Group1 Peripheral Control functions
  50:STM32F411/Drivers/STM32F4xx_HAL_Driver/Src/stm32f4xx_hal_pcd_ex.c ****   * @brief    PCDEx control functions
  51:STM32F411/Drivers/STM32F4xx_HAL_Driver/Src/stm32f4xx_hal_pcd_ex.c ****   *
  52:STM32F411/Drivers/STM32F4xx_HAL_Driver/Src/stm32f4xx_hal_pcd_ex.c **** @verbatim
  53:STM32F411/Drivers/STM32F4xx_HAL_Driver/Src/stm32f4xx_hal_pcd_ex.c ****  ===============================================================================
  54:STM32F411/Drivers/STM32F4xx_HAL_Driver/Src/stm32f4xx_hal_pcd_ex.c ****                  ##### Extended features functions #####
  55:STM32F411/Drivers/STM32F4xx_HAL_Driver/Src/stm32f4xx_hal_pcd_ex.c ****  ===============================================================================
  56:STM32F411/Drivers/STM32F4xx_HAL_Driver/Src/stm32f4xx_hal_pcd_ex.c ****     [..]  This section provides functions allowing to:
  57:STM32F411/Drivers/STM32F4xx_HAL_Driver/Src/stm32f4xx_hal_pcd_ex.c ****       (+) Update FIFO configuration
  58:STM32F411/Drivers/STM32F4xx_HAL_Driver/Src/stm32f4xx_hal_pcd_ex.c **** 
  59:STM32F411/Drivers/STM32F4xx_HAL_Driver/Src/stm32f4xx_hal_pcd_ex.c **** @endverbatim
  60:STM32F411/Drivers/STM32F4xx_HAL_Driver/Src/stm32f4xx_hal_pcd_ex.c ****   * @{
  61:STM32F411/Drivers/STM32F4xx_HAL_Driver/Src/stm32f4xx_hal_pcd_ex.c ****   */
  62:STM32F411/Drivers/STM32F4xx_HAL_Driver/Src/stm32f4xx_hal_pcd_ex.c **** #if defined (USB_OTG_FS) || defined (USB_OTG_HS)
  63:STM32F411/Drivers/STM32F4xx_HAL_Driver/Src/stm32f4xx_hal_pcd_ex.c **** /**
  64:STM32F411/Drivers/STM32F4xx_HAL_Driver/Src/stm32f4xx_hal_pcd_ex.c ****   * @brief  Set Tx FIFO
  65:STM32F411/Drivers/STM32F4xx_HAL_Driver/Src/stm32f4xx_hal_pcd_ex.c ****   * @param  hpcd PCD handle
  66:STM32F411/Drivers/STM32F4xx_HAL_Driver/Src/stm32f4xx_hal_pcd_ex.c ****   * @param  fifo The number of Tx fifo
  67:STM32F411/Drivers/STM32F4xx_HAL_Driver/Src/stm32f4xx_hal_pcd_ex.c ****   * @param  size Fifo size
  68:STM32F411/Drivers/STM32F4xx_HAL_Driver/Src/stm32f4xx_hal_pcd_ex.c ****   * @retval HAL status
  69:STM32F411/Drivers/STM32F4xx_HAL_Driver/Src/stm32f4xx_hal_pcd_ex.c ****   */
  70:STM32F411/Drivers/STM32F4xx_HAL_Driver/Src/stm32f4xx_hal_pcd_ex.c **** HAL_StatusTypeDef HAL_PCDEx_SetTxFiFo(PCD_HandleTypeDef *hpcd, uint8_t fifo, uint16_t size)
  71:STM32F411/Drivers/STM32F4xx_HAL_Driver/Src/stm32f4xx_hal_pcd_ex.c **** {
  30              		.loc 1 71 1 view -0
  31              		.cfi_startproc
  32              		@ args = 0, pretend = 0, frame = 0
  33              		@ frame_needed = 0, uses_anonymous_args = 0
  34              		@ link register save eliminated.
  35              		.loc 1 71 1 is_stmt 0 view .LVU1
  36 0000 10B4     		push	{r4}
  37              	.LCFI0:
  38              		.cfi_def_cfa_offset 4
  39              		.cfi_offset 4, -4
  72:STM32F411/Drivers/STM32F4xx_HAL_Driver/Src/stm32f4xx_hal_pcd_ex.c ****   uint8_t i;
  40              		.loc 1 72 3 is_stmt 1 view .LVU2
  73:STM32F411/Drivers/STM32F4xx_HAL_Driver/Src/stm32f4xx_hal_pcd_ex.c ****   uint32_t Tx_Offset;
  41              		.loc 1 73 3 view .LVU3
  74:STM32F411/Drivers/STM32F4xx_HAL_Driver/Src/stm32f4xx_hal_pcd_ex.c **** 
ARM GAS  /tmp/ccnjWaH0.s 			page 3


  75:STM32F411/Drivers/STM32F4xx_HAL_Driver/Src/stm32f4xx_hal_pcd_ex.c ****   /*  TXn min size = 16 words. (n  : Transmit FIFO index)
  76:STM32F411/Drivers/STM32F4xx_HAL_Driver/Src/stm32f4xx_hal_pcd_ex.c ****       When a TxFIFO is not used, the Configuration should be as follows:
  77:STM32F411/Drivers/STM32F4xx_HAL_Driver/Src/stm32f4xx_hal_pcd_ex.c ****           case 1 :  n > m    and Txn is not used    (n,m  : Transmit FIFO indexes)
  78:STM32F411/Drivers/STM32F4xx_HAL_Driver/Src/stm32f4xx_hal_pcd_ex.c ****          --> Txm can use the space allocated for Txn.
  79:STM32F411/Drivers/STM32F4xx_HAL_Driver/Src/stm32f4xx_hal_pcd_ex.c ****          case2  :  n < m    and Txn is not used    (n,m  : Transmit FIFO indexes)
  80:STM32F411/Drivers/STM32F4xx_HAL_Driver/Src/stm32f4xx_hal_pcd_ex.c ****          --> Txn should be configured with the minimum space of 16 words
  81:STM32F411/Drivers/STM32F4xx_HAL_Driver/Src/stm32f4xx_hal_pcd_ex.c ****      The FIFO is used optimally when used TxFIFOs are allocated in the top
  82:STM32F411/Drivers/STM32F4xx_HAL_Driver/Src/stm32f4xx_hal_pcd_ex.c ****          of the FIFO.Ex: use EP1 and EP2 as IN instead of EP1 and EP3 as IN ones.
  83:STM32F411/Drivers/STM32F4xx_HAL_Driver/Src/stm32f4xx_hal_pcd_ex.c ****      When DMA is used 3n * FIFO locations should be reserved for internal DMA registers */
  84:STM32F411/Drivers/STM32F4xx_HAL_Driver/Src/stm32f4xx_hal_pcd_ex.c **** 
  85:STM32F411/Drivers/STM32F4xx_HAL_Driver/Src/stm32f4xx_hal_pcd_ex.c ****   Tx_Offset = hpcd->Instance->GRXFSIZ;
  42              		.loc 1 85 3 view .LVU4
  43              		.loc 1 85 19 is_stmt 0 view .LVU5
  44 0002 0468     		ldr	r4, [r0]
  45              		.loc 1 85 13 view .LVU6
  46 0004 606A     		ldr	r0, [r4, #36]
  47              	.LVL1:
  86:STM32F411/Drivers/STM32F4xx_HAL_Driver/Src/stm32f4xx_hal_pcd_ex.c **** 
  87:STM32F411/Drivers/STM32F4xx_HAL_Driver/Src/stm32f4xx_hal_pcd_ex.c ****   if (fifo == 0U)
  48              		.loc 1 87 3 is_stmt 1 view .LVU7
  49              		.loc 1 87 6 is_stmt 0 view .LVU8
  50 0006 31B9     		cbnz	r1, .L2
  88:STM32F411/Drivers/STM32F4xx_HAL_Driver/Src/stm32f4xx_hal_pcd_ex.c ****   {
  89:STM32F411/Drivers/STM32F4xx_HAL_Driver/Src/stm32f4xx_hal_pcd_ex.c ****     hpcd->Instance->DIEPTXF0_HNPTXFSIZ = ((uint32_t)size << 16) | Tx_Offset;
  51              		.loc 1 89 5 is_stmt 1 view .LVU9
  52              		.loc 1 89 65 is_stmt 0 view .LVU10
  53 0008 40EA0240 		orr	r0, r0, r2, lsl #16
  54              	.LVL2:
  55              		.loc 1 89 40 view .LVU11
  56 000c A062     		str	r0, [r4, #40]
  57              	.LVL3:
  58              	.L3:
  90:STM32F411/Drivers/STM32F4xx_HAL_Driver/Src/stm32f4xx_hal_pcd_ex.c ****   }
  91:STM32F411/Drivers/STM32F4xx_HAL_Driver/Src/stm32f4xx_hal_pcd_ex.c ****   else
  92:STM32F411/Drivers/STM32F4xx_HAL_Driver/Src/stm32f4xx_hal_pcd_ex.c ****   {
  93:STM32F411/Drivers/STM32F4xx_HAL_Driver/Src/stm32f4xx_hal_pcd_ex.c ****     Tx_Offset += (hpcd->Instance->DIEPTXF0_HNPTXFSIZ) >> 16;
  94:STM32F411/Drivers/STM32F4xx_HAL_Driver/Src/stm32f4xx_hal_pcd_ex.c ****     for (i = 0U; i < (fifo - 1U); i++)
  95:STM32F411/Drivers/STM32F4xx_HAL_Driver/Src/stm32f4xx_hal_pcd_ex.c ****     {
  96:STM32F411/Drivers/STM32F4xx_HAL_Driver/Src/stm32f4xx_hal_pcd_ex.c ****       Tx_Offset += (hpcd->Instance->DIEPTXF[i] >> 16);
  97:STM32F411/Drivers/STM32F4xx_HAL_Driver/Src/stm32f4xx_hal_pcd_ex.c ****     }
  98:STM32F411/Drivers/STM32F4xx_HAL_Driver/Src/stm32f4xx_hal_pcd_ex.c **** 
  99:STM32F411/Drivers/STM32F4xx_HAL_Driver/Src/stm32f4xx_hal_pcd_ex.c ****     /* Multiply Tx_Size by 2 to get higher performance */
 100:STM32F411/Drivers/STM32F4xx_HAL_Driver/Src/stm32f4xx_hal_pcd_ex.c ****     hpcd->Instance->DIEPTXF[fifo - 1U] = ((uint32_t)size << 16) | Tx_Offset;
 101:STM32F411/Drivers/STM32F4xx_HAL_Driver/Src/stm32f4xx_hal_pcd_ex.c ****   }
 102:STM32F411/Drivers/STM32F4xx_HAL_Driver/Src/stm32f4xx_hal_pcd_ex.c **** 
 103:STM32F411/Drivers/STM32F4xx_HAL_Driver/Src/stm32f4xx_hal_pcd_ex.c ****   return HAL_OK;
  59              		.loc 1 103 3 is_stmt 1 view .LVU12
 104:STM32F411/Drivers/STM32F4xx_HAL_Driver/Src/stm32f4xx_hal_pcd_ex.c **** }
  60              		.loc 1 104 1 is_stmt 0 view .LVU13
  61 000e 0020     		movs	r0, #0
  62 0010 5DF8044B 		ldr	r4, [sp], #4
  63              	.LCFI1:
  64              		.cfi_remember_state
  65              		.cfi_restore 4
  66              		.cfi_def_cfa_offset 0
  67 0014 7047     		bx	lr
  68              	.LVL4:
ARM GAS  /tmp/ccnjWaH0.s 			page 4


  69              	.L2:
  70              	.LCFI2:
  71              		.cfi_restore_state
  72              		.loc 1 104 1 view .LVU14
  73 0016 8C46     		mov	ip, r1
  93:STM32F411/Drivers/STM32F4xx_HAL_Driver/Src/stm32f4xx_hal_pcd_ex.c ****     for (i = 0U; i < (fifo - 1U); i++)
  74              		.loc 1 93 5 is_stmt 1 view .LVU15
  93:STM32F411/Drivers/STM32F4xx_HAL_Driver/Src/stm32f4xx_hal_pcd_ex.c ****     for (i = 0U; i < (fifo - 1U); i++)
  75              		.loc 1 93 33 is_stmt 0 view .LVU16
  76 0018 A36A     		ldr	r3, [r4, #40]
  93:STM32F411/Drivers/STM32F4xx_HAL_Driver/Src/stm32f4xx_hal_pcd_ex.c ****     for (i = 0U; i < (fifo - 1U); i++)
  77              		.loc 1 93 15 view .LVU17
  78 001a 00EB1340 		add	r0, r0, r3, lsr #16
  79              	.LVL5:
  94:STM32F411/Drivers/STM32F4xx_HAL_Driver/Src/stm32f4xx_hal_pcd_ex.c ****     {
  80              		.loc 1 94 5 is_stmt 1 view .LVU18
  94:STM32F411/Drivers/STM32F4xx_HAL_Driver/Src/stm32f4xx_hal_pcd_ex.c ****     {
  81              		.loc 1 94 12 is_stmt 0 view .LVU19
  82 001e 0023     		movs	r3, #0
  94:STM32F411/Drivers/STM32F4xx_HAL_Driver/Src/stm32f4xx_hal_pcd_ex.c ****     {
  83              		.loc 1 94 5 view .LVU20
  84 0020 08E0     		b	.L4
  85              	.LVL6:
  86              	.L5:
  96:STM32F411/Drivers/STM32F4xx_HAL_Driver/Src/stm32f4xx_hal_pcd_ex.c ****     }
  87              		.loc 1 96 7 is_stmt 1 view .LVU21
  96:STM32F411/Drivers/STM32F4xx_HAL_Driver/Src/stm32f4xx_hal_pcd_ex.c ****     }
  88              		.loc 1 96 44 is_stmt 0 view .LVU22
  89 0022 03F14001 		add	r1, r3, #64
  90 0026 04EB8101 		add	r1, r4, r1, lsl #2
  91 002a 4968     		ldr	r1, [r1, #4]
  96:STM32F411/Drivers/STM32F4xx_HAL_Driver/Src/stm32f4xx_hal_pcd_ex.c ****     }
  92              		.loc 1 96 17 view .LVU23
  93 002c 00EB1140 		add	r0, r0, r1, lsr #16
  94              	.LVL7:
  94:STM32F411/Drivers/STM32F4xx_HAL_Driver/Src/stm32f4xx_hal_pcd_ex.c ****     {
  95              		.loc 1 94 36 is_stmt 1 discriminator 3 view .LVU24
  96 0030 0133     		adds	r3, r3, #1
  97              	.LVL8:
  94:STM32F411/Drivers/STM32F4xx_HAL_Driver/Src/stm32f4xx_hal_pcd_ex.c ****     {
  98              		.loc 1 94 36 is_stmt 0 discriminator 3 view .LVU25
  99 0032 DBB2     		uxtb	r3, r3
 100              	.LVL9:
 101              	.L4:
  94:STM32F411/Drivers/STM32F4xx_HAL_Driver/Src/stm32f4xx_hal_pcd_ex.c ****     {
 102              		.loc 1 94 20 is_stmt 1 discriminator 1 view .LVU26
  94:STM32F411/Drivers/STM32F4xx_HAL_Driver/Src/stm32f4xx_hal_pcd_ex.c ****     {
 103              		.loc 1 94 28 is_stmt 0 discriminator 1 view .LVU27
 104 0034 0CF1FF31 		add	r1, ip, #-1
  94:STM32F411/Drivers/STM32F4xx_HAL_Driver/Src/stm32f4xx_hal_pcd_ex.c ****     {
 105              		.loc 1 94 20 discriminator 1 view .LVU28
 106 0038 8B42     		cmp	r3, r1
 107 003a F2D3     		bcc	.L5
 100:STM32F411/Drivers/STM32F4xx_HAL_Driver/Src/stm32f4xx_hal_pcd_ex.c ****   }
 108              		.loc 1 100 5 is_stmt 1 view .LVU29
 100:STM32F411/Drivers/STM32F4xx_HAL_Driver/Src/stm32f4xx_hal_pcd_ex.c ****   }
 109              		.loc 1 100 65 is_stmt 0 view .LVU30
ARM GAS  /tmp/ccnjWaH0.s 			page 5


 110 003c 40EA0240 		orr	r0, r0, r2, lsl #16
 111              	.LVL10:
 100:STM32F411/Drivers/STM32F4xx_HAL_Driver/Src/stm32f4xx_hal_pcd_ex.c ****   }
 112              		.loc 1 100 40 view .LVU31
 113 0040 0CF13F01 		add	r1, ip, #63
 114 0044 04EB8104 		add	r4, r4, r1, lsl #2
 115 0048 6060     		str	r0, [r4, #4]
 116 004a E0E7     		b	.L3
 117              		.cfi_endproc
 118              	.LFE134:
 120              		.section	.text.HAL_PCDEx_SetRxFiFo,"ax",%progbits
 121              		.align	1
 122              		.global	HAL_PCDEx_SetRxFiFo
 123              		.syntax unified
 124              		.thumb
 125              		.thumb_func
 127              	HAL_PCDEx_SetRxFiFo:
 128              	.LVL11:
 129              	.LFB135:
 105:STM32F411/Drivers/STM32F4xx_HAL_Driver/Src/stm32f4xx_hal_pcd_ex.c **** 
 106:STM32F411/Drivers/STM32F4xx_HAL_Driver/Src/stm32f4xx_hal_pcd_ex.c **** /**
 107:STM32F411/Drivers/STM32F4xx_HAL_Driver/Src/stm32f4xx_hal_pcd_ex.c ****   * @brief  Set Rx FIFO
 108:STM32F411/Drivers/STM32F4xx_HAL_Driver/Src/stm32f4xx_hal_pcd_ex.c ****   * @param  hpcd PCD handle
 109:STM32F411/Drivers/STM32F4xx_HAL_Driver/Src/stm32f4xx_hal_pcd_ex.c ****   * @param  size Size of Rx fifo
 110:STM32F411/Drivers/STM32F4xx_HAL_Driver/Src/stm32f4xx_hal_pcd_ex.c ****   * @retval HAL status
 111:STM32F411/Drivers/STM32F4xx_HAL_Driver/Src/stm32f4xx_hal_pcd_ex.c ****   */
 112:STM32F411/Drivers/STM32F4xx_HAL_Driver/Src/stm32f4xx_hal_pcd_ex.c **** HAL_StatusTypeDef HAL_PCDEx_SetRxFiFo(PCD_HandleTypeDef *hpcd, uint16_t size)
 113:STM32F411/Drivers/STM32F4xx_HAL_Driver/Src/stm32f4xx_hal_pcd_ex.c **** {
 130              		.loc 1 113 1 is_stmt 1 view -0
 131              		.cfi_startproc
 132              		@ args = 0, pretend = 0, frame = 0
 133              		@ frame_needed = 0, uses_anonymous_args = 0
 134              		@ link register save eliminated.
 114:STM32F411/Drivers/STM32F4xx_HAL_Driver/Src/stm32f4xx_hal_pcd_ex.c ****   hpcd->Instance->GRXFSIZ = size;
 135              		.loc 1 114 3 view .LVU33
 136              		.loc 1 114 7 is_stmt 0 view .LVU34
 137 0000 0368     		ldr	r3, [r0]
 138              		.loc 1 114 27 view .LVU35
 139 0002 5962     		str	r1, [r3, #36]
 115:STM32F411/Drivers/STM32F4xx_HAL_Driver/Src/stm32f4xx_hal_pcd_ex.c **** 
 116:STM32F411/Drivers/STM32F4xx_HAL_Driver/Src/stm32f4xx_hal_pcd_ex.c ****   return HAL_OK;
 140              		.loc 1 116 3 is_stmt 1 view .LVU36
 117:STM32F411/Drivers/STM32F4xx_HAL_Driver/Src/stm32f4xx_hal_pcd_ex.c **** }
 141              		.loc 1 117 1 is_stmt 0 view .LVU37
 142 0004 0020     		movs	r0, #0
 143              	.LVL12:
 144              		.loc 1 117 1 view .LVU38
 145 0006 7047     		bx	lr
 146              		.cfi_endproc
 147              	.LFE135:
 149              		.section	.text.HAL_PCDEx_LPM_Callback,"ax",%progbits
 150              		.align	1
 151              		.weak	HAL_PCDEx_LPM_Callback
 152              		.syntax unified
 153              		.thumb
 154              		.thumb_func
 156              	HAL_PCDEx_LPM_Callback:
ARM GAS  /tmp/ccnjWaH0.s 			page 6


 157              	.LVL13:
 158              	.LFB136:
 118:STM32F411/Drivers/STM32F4xx_HAL_Driver/Src/stm32f4xx_hal_pcd_ex.c **** #if defined(STM32F446xx) || defined(STM32F469xx) || defined(STM32F479xx) || defined(STM32F412Zx) \
 119:STM32F411/Drivers/STM32F4xx_HAL_Driver/Src/stm32f4xx_hal_pcd_ex.c ****  || defined(STM32F412Vx) || defined(STM32F412Rx) || defined(STM32F412Cx) || defined(STM32F413xx) \
 120:STM32F411/Drivers/STM32F4xx_HAL_Driver/Src/stm32f4xx_hal_pcd_ex.c ****  || defined(STM32F423xx)
 121:STM32F411/Drivers/STM32F4xx_HAL_Driver/Src/stm32f4xx_hal_pcd_ex.c **** /**
 122:STM32F411/Drivers/STM32F4xx_HAL_Driver/Src/stm32f4xx_hal_pcd_ex.c ****   * @brief  Activate LPM feature.
 123:STM32F411/Drivers/STM32F4xx_HAL_Driver/Src/stm32f4xx_hal_pcd_ex.c ****   * @param  hpcd PCD handle
 124:STM32F411/Drivers/STM32F4xx_HAL_Driver/Src/stm32f4xx_hal_pcd_ex.c ****   * @retval HAL status
 125:STM32F411/Drivers/STM32F4xx_HAL_Driver/Src/stm32f4xx_hal_pcd_ex.c ****   */
 126:STM32F411/Drivers/STM32F4xx_HAL_Driver/Src/stm32f4xx_hal_pcd_ex.c **** HAL_StatusTypeDef HAL_PCDEx_ActivateLPM(PCD_HandleTypeDef *hpcd)
 127:STM32F411/Drivers/STM32F4xx_HAL_Driver/Src/stm32f4xx_hal_pcd_ex.c **** {
 128:STM32F411/Drivers/STM32F4xx_HAL_Driver/Src/stm32f4xx_hal_pcd_ex.c ****   USB_OTG_GlobalTypeDef *USBx = hpcd->Instance;
 129:STM32F411/Drivers/STM32F4xx_HAL_Driver/Src/stm32f4xx_hal_pcd_ex.c **** 
 130:STM32F411/Drivers/STM32F4xx_HAL_Driver/Src/stm32f4xx_hal_pcd_ex.c ****   hpcd->lpm_active = 1U;
 131:STM32F411/Drivers/STM32F4xx_HAL_Driver/Src/stm32f4xx_hal_pcd_ex.c ****   hpcd->LPM_State = LPM_L0;
 132:STM32F411/Drivers/STM32F4xx_HAL_Driver/Src/stm32f4xx_hal_pcd_ex.c ****   USBx->GINTMSK |= USB_OTG_GINTMSK_LPMINTM;
 133:STM32F411/Drivers/STM32F4xx_HAL_Driver/Src/stm32f4xx_hal_pcd_ex.c ****   USBx->GLPMCFG |= (USB_OTG_GLPMCFG_LPMEN | USB_OTG_GLPMCFG_LPMACK | USB_OTG_GLPMCFG_ENBESL);
 134:STM32F411/Drivers/STM32F4xx_HAL_Driver/Src/stm32f4xx_hal_pcd_ex.c **** 
 135:STM32F411/Drivers/STM32F4xx_HAL_Driver/Src/stm32f4xx_hal_pcd_ex.c ****   return HAL_OK;
 136:STM32F411/Drivers/STM32F4xx_HAL_Driver/Src/stm32f4xx_hal_pcd_ex.c **** }
 137:STM32F411/Drivers/STM32F4xx_HAL_Driver/Src/stm32f4xx_hal_pcd_ex.c **** 
 138:STM32F411/Drivers/STM32F4xx_HAL_Driver/Src/stm32f4xx_hal_pcd_ex.c **** /**
 139:STM32F411/Drivers/STM32F4xx_HAL_Driver/Src/stm32f4xx_hal_pcd_ex.c ****   * @brief  Deactivate LPM feature.
 140:STM32F411/Drivers/STM32F4xx_HAL_Driver/Src/stm32f4xx_hal_pcd_ex.c ****   * @param  hpcd PCD handle
 141:STM32F411/Drivers/STM32F4xx_HAL_Driver/Src/stm32f4xx_hal_pcd_ex.c ****   * @retval HAL status
 142:STM32F411/Drivers/STM32F4xx_HAL_Driver/Src/stm32f4xx_hal_pcd_ex.c ****   */
 143:STM32F411/Drivers/STM32F4xx_HAL_Driver/Src/stm32f4xx_hal_pcd_ex.c **** HAL_StatusTypeDef HAL_PCDEx_DeActivateLPM(PCD_HandleTypeDef *hpcd)
 144:STM32F411/Drivers/STM32F4xx_HAL_Driver/Src/stm32f4xx_hal_pcd_ex.c **** {
 145:STM32F411/Drivers/STM32F4xx_HAL_Driver/Src/stm32f4xx_hal_pcd_ex.c ****   USB_OTG_GlobalTypeDef *USBx = hpcd->Instance;
 146:STM32F411/Drivers/STM32F4xx_HAL_Driver/Src/stm32f4xx_hal_pcd_ex.c **** 
 147:STM32F411/Drivers/STM32F4xx_HAL_Driver/Src/stm32f4xx_hal_pcd_ex.c ****   hpcd->lpm_active = 0U;
 148:STM32F411/Drivers/STM32F4xx_HAL_Driver/Src/stm32f4xx_hal_pcd_ex.c ****   USBx->GINTMSK &= ~USB_OTG_GINTMSK_LPMINTM;
 149:STM32F411/Drivers/STM32F4xx_HAL_Driver/Src/stm32f4xx_hal_pcd_ex.c ****   USBx->GLPMCFG &= ~(USB_OTG_GLPMCFG_LPMEN | USB_OTG_GLPMCFG_LPMACK | USB_OTG_GLPMCFG_ENBESL);
 150:STM32F411/Drivers/STM32F4xx_HAL_Driver/Src/stm32f4xx_hal_pcd_ex.c **** 
 151:STM32F411/Drivers/STM32F4xx_HAL_Driver/Src/stm32f4xx_hal_pcd_ex.c ****   return HAL_OK;
 152:STM32F411/Drivers/STM32F4xx_HAL_Driver/Src/stm32f4xx_hal_pcd_ex.c **** }
 153:STM32F411/Drivers/STM32F4xx_HAL_Driver/Src/stm32f4xx_hal_pcd_ex.c **** #endif /* defined(STM32F446xx) || defined(STM32F469xx) || defined(STM32F479xx) || defined(STM32F412
 154:STM32F411/Drivers/STM32F4xx_HAL_Driver/Src/stm32f4xx_hal_pcd_ex.c ****           defined(STM32F412Vx) || defined(STM32F412Rx) || defined(STM32F412Cx) || defined(STM32F413
 155:STM32F411/Drivers/STM32F4xx_HAL_Driver/Src/stm32f4xx_hal_pcd_ex.c ****           defined(STM32F423xx) */
 156:STM32F411/Drivers/STM32F4xx_HAL_Driver/Src/stm32f4xx_hal_pcd_ex.c **** #if defined(STM32F412Zx) || defined(STM32F412Vx) || defined(STM32F412Rx) \
 157:STM32F411/Drivers/STM32F4xx_HAL_Driver/Src/stm32f4xx_hal_pcd_ex.c ****  || defined(STM32F412Cx) || defined(STM32F413xx) || defined(STM32F423xx)
 158:STM32F411/Drivers/STM32F4xx_HAL_Driver/Src/stm32f4xx_hal_pcd_ex.c **** /**
 159:STM32F411/Drivers/STM32F4xx_HAL_Driver/Src/stm32f4xx_hal_pcd_ex.c ****   * @brief  Handle BatteryCharging Process.
 160:STM32F411/Drivers/STM32F4xx_HAL_Driver/Src/stm32f4xx_hal_pcd_ex.c ****   * @param  hpcd PCD handle
 161:STM32F411/Drivers/STM32F4xx_HAL_Driver/Src/stm32f4xx_hal_pcd_ex.c ****   * @retval HAL status
 162:STM32F411/Drivers/STM32F4xx_HAL_Driver/Src/stm32f4xx_hal_pcd_ex.c ****   */
 163:STM32F411/Drivers/STM32F4xx_HAL_Driver/Src/stm32f4xx_hal_pcd_ex.c **** void HAL_PCDEx_BCD_VBUSDetect(PCD_HandleTypeDef *hpcd)
 164:STM32F411/Drivers/STM32F4xx_HAL_Driver/Src/stm32f4xx_hal_pcd_ex.c **** {
 165:STM32F411/Drivers/STM32F4xx_HAL_Driver/Src/stm32f4xx_hal_pcd_ex.c ****   USB_OTG_GlobalTypeDef *USBx = hpcd->Instance;
 166:STM32F411/Drivers/STM32F4xx_HAL_Driver/Src/stm32f4xx_hal_pcd_ex.c ****   uint32_t tickstart = HAL_GetTick();
 167:STM32F411/Drivers/STM32F4xx_HAL_Driver/Src/stm32f4xx_hal_pcd_ex.c **** 
 168:STM32F411/Drivers/STM32F4xx_HAL_Driver/Src/stm32f4xx_hal_pcd_ex.c ****   /* Enable DCD : Data Contact Detect */
 169:STM32F411/Drivers/STM32F4xx_HAL_Driver/Src/stm32f4xx_hal_pcd_ex.c ****   USBx->GCCFG |= USB_OTG_GCCFG_DCDEN;
 170:STM32F411/Drivers/STM32F4xx_HAL_Driver/Src/stm32f4xx_hal_pcd_ex.c **** 
 171:STM32F411/Drivers/STM32F4xx_HAL_Driver/Src/stm32f4xx_hal_pcd_ex.c ****   /* Wait for Min DCD Timeout */
 172:STM32F411/Drivers/STM32F4xx_HAL_Driver/Src/stm32f4xx_hal_pcd_ex.c ****   HAL_Delay(300U);
ARM GAS  /tmp/ccnjWaH0.s 			page 7


 173:STM32F411/Drivers/STM32F4xx_HAL_Driver/Src/stm32f4xx_hal_pcd_ex.c **** 
 174:STM32F411/Drivers/STM32F4xx_HAL_Driver/Src/stm32f4xx_hal_pcd_ex.c ****   /* Check Detect flag */
 175:STM32F411/Drivers/STM32F4xx_HAL_Driver/Src/stm32f4xx_hal_pcd_ex.c ****   if ((USBx->GCCFG & USB_OTG_GCCFG_DCDET) == USB_OTG_GCCFG_DCDET)
 176:STM32F411/Drivers/STM32F4xx_HAL_Driver/Src/stm32f4xx_hal_pcd_ex.c ****   {
 177:STM32F411/Drivers/STM32F4xx_HAL_Driver/Src/stm32f4xx_hal_pcd_ex.c **** #if (USE_HAL_PCD_REGISTER_CALLBACKS == 1U)
 178:STM32F411/Drivers/STM32F4xx_HAL_Driver/Src/stm32f4xx_hal_pcd_ex.c ****     hpcd->BCDCallback(hpcd, PCD_BCD_CONTACT_DETECTION);
 179:STM32F411/Drivers/STM32F4xx_HAL_Driver/Src/stm32f4xx_hal_pcd_ex.c **** #else
 180:STM32F411/Drivers/STM32F4xx_HAL_Driver/Src/stm32f4xx_hal_pcd_ex.c ****     HAL_PCDEx_BCD_Callback(hpcd, PCD_BCD_CONTACT_DETECTION);
 181:STM32F411/Drivers/STM32F4xx_HAL_Driver/Src/stm32f4xx_hal_pcd_ex.c **** #endif /* USE_HAL_PCD_REGISTER_CALLBACKS */
 182:STM32F411/Drivers/STM32F4xx_HAL_Driver/Src/stm32f4xx_hal_pcd_ex.c ****   }
 183:STM32F411/Drivers/STM32F4xx_HAL_Driver/Src/stm32f4xx_hal_pcd_ex.c **** 
 184:STM32F411/Drivers/STM32F4xx_HAL_Driver/Src/stm32f4xx_hal_pcd_ex.c ****   /* Primary detection: checks if connected to Standard Downstream Port
 185:STM32F411/Drivers/STM32F4xx_HAL_Driver/Src/stm32f4xx_hal_pcd_ex.c ****   (without charging capability) */
 186:STM32F411/Drivers/STM32F4xx_HAL_Driver/Src/stm32f4xx_hal_pcd_ex.c ****   USBx->GCCFG &= ~USB_OTG_GCCFG_DCDEN;
 187:STM32F411/Drivers/STM32F4xx_HAL_Driver/Src/stm32f4xx_hal_pcd_ex.c ****   HAL_Delay(50U);
 188:STM32F411/Drivers/STM32F4xx_HAL_Driver/Src/stm32f4xx_hal_pcd_ex.c ****   USBx->GCCFG |= USB_OTG_GCCFG_PDEN;
 189:STM32F411/Drivers/STM32F4xx_HAL_Driver/Src/stm32f4xx_hal_pcd_ex.c ****   HAL_Delay(50U);
 190:STM32F411/Drivers/STM32F4xx_HAL_Driver/Src/stm32f4xx_hal_pcd_ex.c **** 
 191:STM32F411/Drivers/STM32F4xx_HAL_Driver/Src/stm32f4xx_hal_pcd_ex.c ****   if ((USBx->GCCFG & USB_OTG_GCCFG_PDET) == 0U)
 192:STM32F411/Drivers/STM32F4xx_HAL_Driver/Src/stm32f4xx_hal_pcd_ex.c ****   {
 193:STM32F411/Drivers/STM32F4xx_HAL_Driver/Src/stm32f4xx_hal_pcd_ex.c ****     /* Case of Standard Downstream Port */
 194:STM32F411/Drivers/STM32F4xx_HAL_Driver/Src/stm32f4xx_hal_pcd_ex.c **** #if (USE_HAL_PCD_REGISTER_CALLBACKS == 1U)
 195:STM32F411/Drivers/STM32F4xx_HAL_Driver/Src/stm32f4xx_hal_pcd_ex.c ****     hpcd->BCDCallback(hpcd, PCD_BCD_STD_DOWNSTREAM_PORT);
 196:STM32F411/Drivers/STM32F4xx_HAL_Driver/Src/stm32f4xx_hal_pcd_ex.c **** #else
 197:STM32F411/Drivers/STM32F4xx_HAL_Driver/Src/stm32f4xx_hal_pcd_ex.c ****     HAL_PCDEx_BCD_Callback(hpcd, PCD_BCD_STD_DOWNSTREAM_PORT);
 198:STM32F411/Drivers/STM32F4xx_HAL_Driver/Src/stm32f4xx_hal_pcd_ex.c **** #endif /* USE_HAL_PCD_REGISTER_CALLBACKS */
 199:STM32F411/Drivers/STM32F4xx_HAL_Driver/Src/stm32f4xx_hal_pcd_ex.c ****   }
 200:STM32F411/Drivers/STM32F4xx_HAL_Driver/Src/stm32f4xx_hal_pcd_ex.c ****   else
 201:STM32F411/Drivers/STM32F4xx_HAL_Driver/Src/stm32f4xx_hal_pcd_ex.c ****   {
 202:STM32F411/Drivers/STM32F4xx_HAL_Driver/Src/stm32f4xx_hal_pcd_ex.c ****     /* start secondary detection to check connection to Charging Downstream
 203:STM32F411/Drivers/STM32F4xx_HAL_Driver/Src/stm32f4xx_hal_pcd_ex.c ****     Port or Dedicated Charging Port */
 204:STM32F411/Drivers/STM32F4xx_HAL_Driver/Src/stm32f4xx_hal_pcd_ex.c ****     USBx->GCCFG &= ~(USB_OTG_GCCFG_PDEN);
 205:STM32F411/Drivers/STM32F4xx_HAL_Driver/Src/stm32f4xx_hal_pcd_ex.c ****     HAL_Delay(50U);
 206:STM32F411/Drivers/STM32F4xx_HAL_Driver/Src/stm32f4xx_hal_pcd_ex.c ****     USBx->GCCFG |= USB_OTG_GCCFG_SDEN;
 207:STM32F411/Drivers/STM32F4xx_HAL_Driver/Src/stm32f4xx_hal_pcd_ex.c ****     HAL_Delay(50U);
 208:STM32F411/Drivers/STM32F4xx_HAL_Driver/Src/stm32f4xx_hal_pcd_ex.c **** 
 209:STM32F411/Drivers/STM32F4xx_HAL_Driver/Src/stm32f4xx_hal_pcd_ex.c ****     if ((USBx->GCCFG & USB_OTG_GCCFG_SDET) == USB_OTG_GCCFG_SDET)
 210:STM32F411/Drivers/STM32F4xx_HAL_Driver/Src/stm32f4xx_hal_pcd_ex.c ****     {
 211:STM32F411/Drivers/STM32F4xx_HAL_Driver/Src/stm32f4xx_hal_pcd_ex.c ****       /* case Dedicated Charging Port  */
 212:STM32F411/Drivers/STM32F4xx_HAL_Driver/Src/stm32f4xx_hal_pcd_ex.c **** #if (USE_HAL_PCD_REGISTER_CALLBACKS == 1U)
 213:STM32F411/Drivers/STM32F4xx_HAL_Driver/Src/stm32f4xx_hal_pcd_ex.c ****       hpcd->BCDCallback(hpcd, PCD_BCD_DEDICATED_CHARGING_PORT);
 214:STM32F411/Drivers/STM32F4xx_HAL_Driver/Src/stm32f4xx_hal_pcd_ex.c **** #else
 215:STM32F411/Drivers/STM32F4xx_HAL_Driver/Src/stm32f4xx_hal_pcd_ex.c ****       HAL_PCDEx_BCD_Callback(hpcd, PCD_BCD_DEDICATED_CHARGING_PORT);
 216:STM32F411/Drivers/STM32F4xx_HAL_Driver/Src/stm32f4xx_hal_pcd_ex.c **** #endif /* USE_HAL_PCD_REGISTER_CALLBACKS */
 217:STM32F411/Drivers/STM32F4xx_HAL_Driver/Src/stm32f4xx_hal_pcd_ex.c ****     }
 218:STM32F411/Drivers/STM32F4xx_HAL_Driver/Src/stm32f4xx_hal_pcd_ex.c ****     else
 219:STM32F411/Drivers/STM32F4xx_HAL_Driver/Src/stm32f4xx_hal_pcd_ex.c ****     {
 220:STM32F411/Drivers/STM32F4xx_HAL_Driver/Src/stm32f4xx_hal_pcd_ex.c ****       /* case Charging Downstream Port */
 221:STM32F411/Drivers/STM32F4xx_HAL_Driver/Src/stm32f4xx_hal_pcd_ex.c **** #if (USE_HAL_PCD_REGISTER_CALLBACKS == 1U)
 222:STM32F411/Drivers/STM32F4xx_HAL_Driver/Src/stm32f4xx_hal_pcd_ex.c ****       hpcd->BCDCallback(hpcd, PCD_BCD_CHARGING_DOWNSTREAM_PORT);
 223:STM32F411/Drivers/STM32F4xx_HAL_Driver/Src/stm32f4xx_hal_pcd_ex.c **** #else
 224:STM32F411/Drivers/STM32F4xx_HAL_Driver/Src/stm32f4xx_hal_pcd_ex.c ****       HAL_PCDEx_BCD_Callback(hpcd, PCD_BCD_CHARGING_DOWNSTREAM_PORT);
 225:STM32F411/Drivers/STM32F4xx_HAL_Driver/Src/stm32f4xx_hal_pcd_ex.c **** #endif /* USE_HAL_PCD_REGISTER_CALLBACKS */
 226:STM32F411/Drivers/STM32F4xx_HAL_Driver/Src/stm32f4xx_hal_pcd_ex.c ****     }
 227:STM32F411/Drivers/STM32F4xx_HAL_Driver/Src/stm32f4xx_hal_pcd_ex.c ****   }
 228:STM32F411/Drivers/STM32F4xx_HAL_Driver/Src/stm32f4xx_hal_pcd_ex.c **** 
 229:STM32F411/Drivers/STM32F4xx_HAL_Driver/Src/stm32f4xx_hal_pcd_ex.c ****   /* Battery Charging capability discovery finished */
ARM GAS  /tmp/ccnjWaH0.s 			page 8


 230:STM32F411/Drivers/STM32F4xx_HAL_Driver/Src/stm32f4xx_hal_pcd_ex.c ****   (void)HAL_PCDEx_DeActivateBCD(hpcd);
 231:STM32F411/Drivers/STM32F4xx_HAL_Driver/Src/stm32f4xx_hal_pcd_ex.c **** 
 232:STM32F411/Drivers/STM32F4xx_HAL_Driver/Src/stm32f4xx_hal_pcd_ex.c ****   /* Check for the Timeout, else start USB Device */
 233:STM32F411/Drivers/STM32F4xx_HAL_Driver/Src/stm32f4xx_hal_pcd_ex.c ****   if ((HAL_GetTick() - tickstart) > 1000U)
 234:STM32F411/Drivers/STM32F4xx_HAL_Driver/Src/stm32f4xx_hal_pcd_ex.c ****   {
 235:STM32F411/Drivers/STM32F4xx_HAL_Driver/Src/stm32f4xx_hal_pcd_ex.c **** #if (USE_HAL_PCD_REGISTER_CALLBACKS == 1U)
 236:STM32F411/Drivers/STM32F4xx_HAL_Driver/Src/stm32f4xx_hal_pcd_ex.c ****     hpcd->BCDCallback(hpcd, PCD_BCD_ERROR);
 237:STM32F411/Drivers/STM32F4xx_HAL_Driver/Src/stm32f4xx_hal_pcd_ex.c **** #else
 238:STM32F411/Drivers/STM32F4xx_HAL_Driver/Src/stm32f4xx_hal_pcd_ex.c ****     HAL_PCDEx_BCD_Callback(hpcd, PCD_BCD_ERROR);
 239:STM32F411/Drivers/STM32F4xx_HAL_Driver/Src/stm32f4xx_hal_pcd_ex.c **** #endif /* USE_HAL_PCD_REGISTER_CALLBACKS */
 240:STM32F411/Drivers/STM32F4xx_HAL_Driver/Src/stm32f4xx_hal_pcd_ex.c ****   }
 241:STM32F411/Drivers/STM32F4xx_HAL_Driver/Src/stm32f4xx_hal_pcd_ex.c ****   else
 242:STM32F411/Drivers/STM32F4xx_HAL_Driver/Src/stm32f4xx_hal_pcd_ex.c ****   {
 243:STM32F411/Drivers/STM32F4xx_HAL_Driver/Src/stm32f4xx_hal_pcd_ex.c **** #if (USE_HAL_PCD_REGISTER_CALLBACKS == 1U)
 244:STM32F411/Drivers/STM32F4xx_HAL_Driver/Src/stm32f4xx_hal_pcd_ex.c ****     hpcd->BCDCallback(hpcd, PCD_BCD_DISCOVERY_COMPLETED);
 245:STM32F411/Drivers/STM32F4xx_HAL_Driver/Src/stm32f4xx_hal_pcd_ex.c **** #else
 246:STM32F411/Drivers/STM32F4xx_HAL_Driver/Src/stm32f4xx_hal_pcd_ex.c ****     HAL_PCDEx_BCD_Callback(hpcd, PCD_BCD_DISCOVERY_COMPLETED);
 247:STM32F411/Drivers/STM32F4xx_HAL_Driver/Src/stm32f4xx_hal_pcd_ex.c **** #endif /* USE_HAL_PCD_REGISTER_CALLBACKS */
 248:STM32F411/Drivers/STM32F4xx_HAL_Driver/Src/stm32f4xx_hal_pcd_ex.c ****   }
 249:STM32F411/Drivers/STM32F4xx_HAL_Driver/Src/stm32f4xx_hal_pcd_ex.c **** }
 250:STM32F411/Drivers/STM32F4xx_HAL_Driver/Src/stm32f4xx_hal_pcd_ex.c **** 
 251:STM32F411/Drivers/STM32F4xx_HAL_Driver/Src/stm32f4xx_hal_pcd_ex.c **** /**
 252:STM32F411/Drivers/STM32F4xx_HAL_Driver/Src/stm32f4xx_hal_pcd_ex.c ****   * @brief  Activate BatteryCharging feature.
 253:STM32F411/Drivers/STM32F4xx_HAL_Driver/Src/stm32f4xx_hal_pcd_ex.c ****   * @param  hpcd PCD handle
 254:STM32F411/Drivers/STM32F4xx_HAL_Driver/Src/stm32f4xx_hal_pcd_ex.c ****   * @retval HAL status
 255:STM32F411/Drivers/STM32F4xx_HAL_Driver/Src/stm32f4xx_hal_pcd_ex.c ****   */
 256:STM32F411/Drivers/STM32F4xx_HAL_Driver/Src/stm32f4xx_hal_pcd_ex.c **** HAL_StatusTypeDef HAL_PCDEx_ActivateBCD(PCD_HandleTypeDef *hpcd)
 257:STM32F411/Drivers/STM32F4xx_HAL_Driver/Src/stm32f4xx_hal_pcd_ex.c **** {
 258:STM32F411/Drivers/STM32F4xx_HAL_Driver/Src/stm32f4xx_hal_pcd_ex.c ****   USB_OTG_GlobalTypeDef *USBx = hpcd->Instance;
 259:STM32F411/Drivers/STM32F4xx_HAL_Driver/Src/stm32f4xx_hal_pcd_ex.c **** 
 260:STM32F411/Drivers/STM32F4xx_HAL_Driver/Src/stm32f4xx_hal_pcd_ex.c ****   USBx->GCCFG &= ~(USB_OTG_GCCFG_PDEN);
 261:STM32F411/Drivers/STM32F4xx_HAL_Driver/Src/stm32f4xx_hal_pcd_ex.c ****   USBx->GCCFG &= ~(USB_OTG_GCCFG_SDEN);
 262:STM32F411/Drivers/STM32F4xx_HAL_Driver/Src/stm32f4xx_hal_pcd_ex.c **** 
 263:STM32F411/Drivers/STM32F4xx_HAL_Driver/Src/stm32f4xx_hal_pcd_ex.c ****   /* Power Down USB transceiver  */
 264:STM32F411/Drivers/STM32F4xx_HAL_Driver/Src/stm32f4xx_hal_pcd_ex.c ****   USBx->GCCFG &= ~(USB_OTG_GCCFG_PWRDWN);
 265:STM32F411/Drivers/STM32F4xx_HAL_Driver/Src/stm32f4xx_hal_pcd_ex.c **** 
 266:STM32F411/Drivers/STM32F4xx_HAL_Driver/Src/stm32f4xx_hal_pcd_ex.c ****   /* Enable Battery charging */
 267:STM32F411/Drivers/STM32F4xx_HAL_Driver/Src/stm32f4xx_hal_pcd_ex.c ****   USBx->GCCFG |= USB_OTG_GCCFG_BCDEN;
 268:STM32F411/Drivers/STM32F4xx_HAL_Driver/Src/stm32f4xx_hal_pcd_ex.c **** 
 269:STM32F411/Drivers/STM32F4xx_HAL_Driver/Src/stm32f4xx_hal_pcd_ex.c ****   hpcd->battery_charging_active = 1U;
 270:STM32F411/Drivers/STM32F4xx_HAL_Driver/Src/stm32f4xx_hal_pcd_ex.c **** 
 271:STM32F411/Drivers/STM32F4xx_HAL_Driver/Src/stm32f4xx_hal_pcd_ex.c ****   return HAL_OK;
 272:STM32F411/Drivers/STM32F4xx_HAL_Driver/Src/stm32f4xx_hal_pcd_ex.c **** }
 273:STM32F411/Drivers/STM32F4xx_HAL_Driver/Src/stm32f4xx_hal_pcd_ex.c **** 
 274:STM32F411/Drivers/STM32F4xx_HAL_Driver/Src/stm32f4xx_hal_pcd_ex.c **** /**
 275:STM32F411/Drivers/STM32F4xx_HAL_Driver/Src/stm32f4xx_hal_pcd_ex.c ****   * @brief  Deactivate BatteryCharging feature.
 276:STM32F411/Drivers/STM32F4xx_HAL_Driver/Src/stm32f4xx_hal_pcd_ex.c ****   * @param  hpcd PCD handle
 277:STM32F411/Drivers/STM32F4xx_HAL_Driver/Src/stm32f4xx_hal_pcd_ex.c ****   * @retval HAL status
 278:STM32F411/Drivers/STM32F4xx_HAL_Driver/Src/stm32f4xx_hal_pcd_ex.c ****   */
 279:STM32F411/Drivers/STM32F4xx_HAL_Driver/Src/stm32f4xx_hal_pcd_ex.c **** HAL_StatusTypeDef HAL_PCDEx_DeActivateBCD(PCD_HandleTypeDef *hpcd)
 280:STM32F411/Drivers/STM32F4xx_HAL_Driver/Src/stm32f4xx_hal_pcd_ex.c **** {
 281:STM32F411/Drivers/STM32F4xx_HAL_Driver/Src/stm32f4xx_hal_pcd_ex.c ****   USB_OTG_GlobalTypeDef *USBx = hpcd->Instance;
 282:STM32F411/Drivers/STM32F4xx_HAL_Driver/Src/stm32f4xx_hal_pcd_ex.c **** 
 283:STM32F411/Drivers/STM32F4xx_HAL_Driver/Src/stm32f4xx_hal_pcd_ex.c ****   USBx->GCCFG &= ~(USB_OTG_GCCFG_SDEN);
 284:STM32F411/Drivers/STM32F4xx_HAL_Driver/Src/stm32f4xx_hal_pcd_ex.c ****   USBx->GCCFG &= ~(USB_OTG_GCCFG_PDEN);
 285:STM32F411/Drivers/STM32F4xx_HAL_Driver/Src/stm32f4xx_hal_pcd_ex.c **** 
 286:STM32F411/Drivers/STM32F4xx_HAL_Driver/Src/stm32f4xx_hal_pcd_ex.c ****   /* Disable Battery charging */
ARM GAS  /tmp/ccnjWaH0.s 			page 9


 287:STM32F411/Drivers/STM32F4xx_HAL_Driver/Src/stm32f4xx_hal_pcd_ex.c ****   USBx->GCCFG &= ~(USB_OTG_GCCFG_BCDEN);
 288:STM32F411/Drivers/STM32F4xx_HAL_Driver/Src/stm32f4xx_hal_pcd_ex.c **** 
 289:STM32F411/Drivers/STM32F4xx_HAL_Driver/Src/stm32f4xx_hal_pcd_ex.c ****   hpcd->battery_charging_active = 0U;
 290:STM32F411/Drivers/STM32F4xx_HAL_Driver/Src/stm32f4xx_hal_pcd_ex.c **** 
 291:STM32F411/Drivers/STM32F4xx_HAL_Driver/Src/stm32f4xx_hal_pcd_ex.c ****   return HAL_OK;
 292:STM32F411/Drivers/STM32F4xx_HAL_Driver/Src/stm32f4xx_hal_pcd_ex.c **** }
 293:STM32F411/Drivers/STM32F4xx_HAL_Driver/Src/stm32f4xx_hal_pcd_ex.c **** #endif /* defined(STM32F412Zx) || defined(STM32F412Vx) || defined(STM32F412Rx) ||
 294:STM32F411/Drivers/STM32F4xx_HAL_Driver/Src/stm32f4xx_hal_pcd_ex.c ****           defined(STM32F412Cx) || defined(STM32F413xx) || defined(STM32F423xx) */
 295:STM32F411/Drivers/STM32F4xx_HAL_Driver/Src/stm32f4xx_hal_pcd_ex.c **** #endif /* defined (USB_OTG_FS) || defined (USB_OTG_HS) */
 296:STM32F411/Drivers/STM32F4xx_HAL_Driver/Src/stm32f4xx_hal_pcd_ex.c **** 
 297:STM32F411/Drivers/STM32F4xx_HAL_Driver/Src/stm32f4xx_hal_pcd_ex.c **** /**
 298:STM32F411/Drivers/STM32F4xx_HAL_Driver/Src/stm32f4xx_hal_pcd_ex.c ****   * @brief  Send LPM message to user layer callback.
 299:STM32F411/Drivers/STM32F4xx_HAL_Driver/Src/stm32f4xx_hal_pcd_ex.c ****   * @param  hpcd PCD handle
 300:STM32F411/Drivers/STM32F4xx_HAL_Driver/Src/stm32f4xx_hal_pcd_ex.c ****   * @param  msg LPM message
 301:STM32F411/Drivers/STM32F4xx_HAL_Driver/Src/stm32f4xx_hal_pcd_ex.c ****   * @retval HAL status
 302:STM32F411/Drivers/STM32F4xx_HAL_Driver/Src/stm32f4xx_hal_pcd_ex.c ****   */
 303:STM32F411/Drivers/STM32F4xx_HAL_Driver/Src/stm32f4xx_hal_pcd_ex.c **** __weak void HAL_PCDEx_LPM_Callback(PCD_HandleTypeDef *hpcd, PCD_LPM_MsgTypeDef msg)
 304:STM32F411/Drivers/STM32F4xx_HAL_Driver/Src/stm32f4xx_hal_pcd_ex.c **** {
 159              		.loc 1 304 1 is_stmt 1 view -0
 160              		.cfi_startproc
 161              		@ args = 0, pretend = 0, frame = 0
 162              		@ frame_needed = 0, uses_anonymous_args = 0
 163              		@ link register save eliminated.
 305:STM32F411/Drivers/STM32F4xx_HAL_Driver/Src/stm32f4xx_hal_pcd_ex.c ****   /* Prevent unused argument(s) compilation warning */
 306:STM32F411/Drivers/STM32F4xx_HAL_Driver/Src/stm32f4xx_hal_pcd_ex.c ****   UNUSED(hpcd);
 164              		.loc 1 306 3 view .LVU40
 307:STM32F411/Drivers/STM32F4xx_HAL_Driver/Src/stm32f4xx_hal_pcd_ex.c ****   UNUSED(msg);
 165              		.loc 1 307 3 view .LVU41
 308:STM32F411/Drivers/STM32F4xx_HAL_Driver/Src/stm32f4xx_hal_pcd_ex.c **** 
 309:STM32F411/Drivers/STM32F4xx_HAL_Driver/Src/stm32f4xx_hal_pcd_ex.c ****   /* NOTE : This function should not be modified, when the callback is needed,
 310:STM32F411/Drivers/STM32F4xx_HAL_Driver/Src/stm32f4xx_hal_pcd_ex.c ****             the HAL_PCDEx_LPM_Callback could be implemented in the user file
 311:STM32F411/Drivers/STM32F4xx_HAL_Driver/Src/stm32f4xx_hal_pcd_ex.c ****    */
 312:STM32F411/Drivers/STM32F4xx_HAL_Driver/Src/stm32f4xx_hal_pcd_ex.c **** }
 166              		.loc 1 312 1 is_stmt 0 view .LVU42
 167 0000 7047     		bx	lr
 168              		.cfi_endproc
 169              	.LFE136:
 171              		.section	.text.HAL_PCDEx_BCD_Callback,"ax",%progbits
 172              		.align	1
 173              		.weak	HAL_PCDEx_BCD_Callback
 174              		.syntax unified
 175              		.thumb
 176              		.thumb_func
 178              	HAL_PCDEx_BCD_Callback:
 179              	.LVL14:
 180              	.LFB137:
 313:STM32F411/Drivers/STM32F4xx_HAL_Driver/Src/stm32f4xx_hal_pcd_ex.c **** 
 314:STM32F411/Drivers/STM32F4xx_HAL_Driver/Src/stm32f4xx_hal_pcd_ex.c **** /**
 315:STM32F411/Drivers/STM32F4xx_HAL_Driver/Src/stm32f4xx_hal_pcd_ex.c ****   * @brief  Send BatteryCharging message to user layer callback.
 316:STM32F411/Drivers/STM32F4xx_HAL_Driver/Src/stm32f4xx_hal_pcd_ex.c ****   * @param  hpcd PCD handle
 317:STM32F411/Drivers/STM32F4xx_HAL_Driver/Src/stm32f4xx_hal_pcd_ex.c ****   * @param  msg LPM message
 318:STM32F411/Drivers/STM32F4xx_HAL_Driver/Src/stm32f4xx_hal_pcd_ex.c ****   * @retval HAL status
 319:STM32F411/Drivers/STM32F4xx_HAL_Driver/Src/stm32f4xx_hal_pcd_ex.c ****   */
 320:STM32F411/Drivers/STM32F4xx_HAL_Driver/Src/stm32f4xx_hal_pcd_ex.c **** __weak void HAL_PCDEx_BCD_Callback(PCD_HandleTypeDef *hpcd, PCD_BCD_MsgTypeDef msg)
 321:STM32F411/Drivers/STM32F4xx_HAL_Driver/Src/stm32f4xx_hal_pcd_ex.c **** {
 181              		.loc 1 321 1 is_stmt 1 view -0
 182              		.cfi_startproc
ARM GAS  /tmp/ccnjWaH0.s 			page 10


 183              		@ args = 0, pretend = 0, frame = 0
 184              		@ frame_needed = 0, uses_anonymous_args = 0
 185              		@ link register save eliminated.
 322:STM32F411/Drivers/STM32F4xx_HAL_Driver/Src/stm32f4xx_hal_pcd_ex.c ****   /* Prevent unused argument(s) compilation warning */
 323:STM32F411/Drivers/STM32F4xx_HAL_Driver/Src/stm32f4xx_hal_pcd_ex.c ****   UNUSED(hpcd);
 186              		.loc 1 323 3 view .LVU44
 324:STM32F411/Drivers/STM32F4xx_HAL_Driver/Src/stm32f4xx_hal_pcd_ex.c ****   UNUSED(msg);
 187              		.loc 1 324 3 view .LVU45
 325:STM32F411/Drivers/STM32F4xx_HAL_Driver/Src/stm32f4xx_hal_pcd_ex.c **** 
 326:STM32F411/Drivers/STM32F4xx_HAL_Driver/Src/stm32f4xx_hal_pcd_ex.c ****   /* NOTE : This function should not be modified, when the callback is needed,
 327:STM32F411/Drivers/STM32F4xx_HAL_Driver/Src/stm32f4xx_hal_pcd_ex.c ****             the HAL_PCDEx_BCD_Callback could be implemented in the user file
 328:STM32F411/Drivers/STM32F4xx_HAL_Driver/Src/stm32f4xx_hal_pcd_ex.c ****    */
 329:STM32F411/Drivers/STM32F4xx_HAL_Driver/Src/stm32f4xx_hal_pcd_ex.c **** }
 188              		.loc 1 329 1 is_stmt 0 view .LVU46
 189 0000 7047     		bx	lr
 190              		.cfi_endproc
 191              	.LFE137:
 193              		.text
 194              	.Letext0:
 195              		.file 2 "/usr/lib/gcc/arm-none-eabi/13.2.1/include/stdint.h"
 196              		.file 3 "STM32F411/Drivers/CMSIS/Device/ST/STM32F4xx/Include/stm32f411xe.h"
 197              		.file 4 "STM32F411/Drivers/STM32F4xx_HAL_Driver/Inc/stm32f4xx_hal_def.h"
 198              		.file 5 "STM32F411/Drivers/STM32F4xx_HAL_Driver/Inc/stm32f4xx_ll_usb.h"
 199              		.file 6 "STM32F411/Drivers/STM32F4xx_HAL_Driver/Inc/stm32f4xx_hal_pcd.h"
ARM GAS  /tmp/ccnjWaH0.s 			page 11


DEFINED SYMBOLS
                            *ABS*:00000000 stm32f4xx_hal_pcd_ex.c
     /tmp/ccnjWaH0.s:21     .text.HAL_PCDEx_SetTxFiFo:00000000 $t
     /tmp/ccnjWaH0.s:27     .text.HAL_PCDEx_SetTxFiFo:00000000 HAL_PCDEx_SetTxFiFo
     /tmp/ccnjWaH0.s:121    .text.HAL_PCDEx_SetRxFiFo:00000000 $t
     /tmp/ccnjWaH0.s:127    .text.HAL_PCDEx_SetRxFiFo:00000000 HAL_PCDEx_SetRxFiFo
     /tmp/ccnjWaH0.s:150    .text.HAL_PCDEx_LPM_Callback:00000000 $t
     /tmp/ccnjWaH0.s:156    .text.HAL_PCDEx_LPM_Callback:00000000 HAL_PCDEx_LPM_Callback
     /tmp/ccnjWaH0.s:172    .text.HAL_PCDEx_BCD_Callback:00000000 $t
     /tmp/ccnjWaH0.s:178    .text.HAL_PCDEx_BCD_Callback:00000000 HAL_PCDEx_BCD_Callback

NO UNDEFINED SYMBOLS
