ARM GAS  /tmp/cc1gnzjH.s 			page 1


   1              		.cpu cortex-m4
   2              		.arch armv7e-m
   3              		.fpu fpv4-sp-d16
   4              		.eabi_attribute 27, 1
   5              		.eabi_attribute 28, 1
   6              		.eabi_attribute 20, 1
   7              		.eabi_attribute 21, 1
   8              		.eabi_attribute 23, 3
   9              		.eabi_attribute 24, 1
  10              		.eabi_attribute 25, 1
  11              		.eabi_attribute 26, 1
  12              		.eabi_attribute 30, 1
  13              		.eabi_attribute 34, 1
  14              		.eabi_attribute 18, 4
  15              		.file	"stm32f4xx_hal_timebase_tim.c"
  16              		.text
  17              	.Ltext0:
  18              		.cfi_sections	.debug_frame
  19              		.file 1 "STM32F411/Peripherals/src/stm32f4xx_hal_timebase_tim.c"
  20              		.section	.text.HAL_InitTick,"ax",%progbits
  21              		.align	1
  22              		.global	HAL_InitTick
  23              		.syntax unified
  24              		.thumb
  25              		.thumb_func
  27              	HAL_InitTick:
  28              	.LVL0:
  29              	.LFB134:
   1:STM32F411/Peripherals/src/stm32f4xx_hal_timebase_tim.c **** /**
   2:STM32F411/Peripherals/src/stm32f4xx_hal_timebase_tim.c ****   ******************************************************************************
   3:STM32F411/Peripherals/src/stm32f4xx_hal_timebase_tim.c ****   * @file    stm32f4xx_hal_timebase_tim.c
   4:STM32F411/Peripherals/src/stm32f4xx_hal_timebase_tim.c ****   * @brief   HAL time base based on the hardware TIM.
   5:STM32F411/Peripherals/src/stm32f4xx_hal_timebase_tim.c ****   ******************************************************************************
   6:STM32F411/Peripherals/src/stm32f4xx_hal_timebase_tim.c **** */
   7:STM32F411/Peripherals/src/stm32f4xx_hal_timebase_tim.c **** 
   8:STM32F411/Peripherals/src/stm32f4xx_hal_timebase_tim.c **** /* Includes ------------------------------------------------------------------*/
   9:STM32F411/Peripherals/src/stm32f4xx_hal_timebase_tim.c **** #include "stm32f4xx_hal.h"
  10:STM32F411/Peripherals/src/stm32f4xx_hal_timebase_tim.c **** #include "stm32f4xx_hal_tim.h"
  11:STM32F411/Peripherals/src/stm32f4xx_hal_timebase_tim.c **** 
  12:STM32F411/Peripherals/src/stm32f4xx_hal_timebase_tim.c **** /* Private typedef -----------------------------------------------------------*/
  13:STM32F411/Peripherals/src/stm32f4xx_hal_timebase_tim.c **** 
  14:STM32F411/Peripherals/src/stm32f4xx_hal_timebase_tim.c **** /* Private define ------------------------------------------------------------*/
  15:STM32F411/Peripherals/src/stm32f4xx_hal_timebase_tim.c **** 
  16:STM32F411/Peripherals/src/stm32f4xx_hal_timebase_tim.c **** /* Private macro -------------------------------------------------------------*/
  17:STM32F411/Peripherals/src/stm32f4xx_hal_timebase_tim.c **** 
  18:STM32F411/Peripherals/src/stm32f4xx_hal_timebase_tim.c **** /* Private variables ---------------------------------------------------------*/
  19:STM32F411/Peripherals/src/stm32f4xx_hal_timebase_tim.c **** TIM_HandleTypeDef        htim1;
  20:STM32F411/Peripherals/src/stm32f4xx_hal_timebase_tim.c **** 
  21:STM32F411/Peripherals/src/stm32f4xx_hal_timebase_tim.c **** /* Private function prototypes -----------------------------------------------*/
  22:STM32F411/Peripherals/src/stm32f4xx_hal_timebase_tim.c **** 
  23:STM32F411/Peripherals/src/stm32f4xx_hal_timebase_tim.c **** /* Private functions ---------------------------------------------------------*/
  24:STM32F411/Peripherals/src/stm32f4xx_hal_timebase_tim.c **** 
  25:STM32F411/Peripherals/src/stm32f4xx_hal_timebase_tim.c **** /**
  26:STM32F411/Peripherals/src/stm32f4xx_hal_timebase_tim.c ****   * @brief  This function configures the TIM1 as a time base source.
  27:STM32F411/Peripherals/src/stm32f4xx_hal_timebase_tim.c ****   *         The time source is configured  to have 1ms time base with a dedicated
  28:STM32F411/Peripherals/src/stm32f4xx_hal_timebase_tim.c ****   *         Tick interrupt priority.
  29:STM32F411/Peripherals/src/stm32f4xx_hal_timebase_tim.c ****   * @note   This function is called  automatically at the beginning of program after
ARM GAS  /tmp/cc1gnzjH.s 			page 2


  30:STM32F411/Peripherals/src/stm32f4xx_hal_timebase_tim.c ****   *         reset by HAL_Init() or at any time when clock is configured, by HAL_RCC_ClockConfig().
  31:STM32F411/Peripherals/src/stm32f4xx_hal_timebase_tim.c ****   * @param  TickPriority: Tick interrupt priority.
  32:STM32F411/Peripherals/src/stm32f4xx_hal_timebase_tim.c ****   * @retval HAL status
  33:STM32F411/Peripherals/src/stm32f4xx_hal_timebase_tim.c ****   */
  34:STM32F411/Peripherals/src/stm32f4xx_hal_timebase_tim.c **** HAL_StatusTypeDef HAL_InitTick(uint32_t TickPriority)
  35:STM32F411/Peripherals/src/stm32f4xx_hal_timebase_tim.c **** {
  30              		.loc 1 35 1 view -0
  31              		.cfi_startproc
  32              		@ args = 0, pretend = 0, frame = 32
  33              		@ frame_needed = 0, uses_anonymous_args = 0
  34              		.loc 1 35 1 is_stmt 0 view .LVU1
  35 0000 30B5     		push	{r4, r5, lr}
  36              	.LCFI0:
  37              		.cfi_def_cfa_offset 12
  38              		.cfi_offset 4, -12
  39              		.cfi_offset 5, -8
  40              		.cfi_offset 14, -4
  41 0002 89B0     		sub	sp, sp, #36
  42              	.LCFI1:
  43              		.cfi_def_cfa_offset 48
  44 0004 0546     		mov	r5, r0
  36:STM32F411/Peripherals/src/stm32f4xx_hal_timebase_tim.c ****   RCC_ClkInitTypeDef    clkconfig;
  45              		.loc 1 36 3 is_stmt 1 view .LVU2
  37:STM32F411/Peripherals/src/stm32f4xx_hal_timebase_tim.c ****   uint32_t              uwTimclock = 0U;
  46              		.loc 1 37 3 view .LVU3
  47              	.LVL1:
  38:STM32F411/Peripherals/src/stm32f4xx_hal_timebase_tim.c **** 
  39:STM32F411/Peripherals/src/stm32f4xx_hal_timebase_tim.c ****   uint32_t              uwPrescalerValue = 0U;
  48              		.loc 1 39 3 view .LVU4
  40:STM32F411/Peripherals/src/stm32f4xx_hal_timebase_tim.c ****   uint32_t              pFLatency;
  49              		.loc 1 40 3 view .LVU5
  41:STM32F411/Peripherals/src/stm32f4xx_hal_timebase_tim.c ****   HAL_StatusTypeDef     status;
  50              		.loc 1 41 3 view .LVU6
  42:STM32F411/Peripherals/src/stm32f4xx_hal_timebase_tim.c **** 
  43:STM32F411/Peripherals/src/stm32f4xx_hal_timebase_tim.c ****   /* Enable TIM1 clock */
  44:STM32F411/Peripherals/src/stm32f4xx_hal_timebase_tim.c ****   __HAL_RCC_TIM1_CLK_ENABLE();
  51              		.loc 1 44 3 view .LVU7
  52              	.LBB2:
  53              		.loc 1 44 3 view .LVU8
  54 0006 0024     		movs	r4, #0
  55 0008 0194     		str	r4, [sp, #4]
  56              		.loc 1 44 3 view .LVU9
  57 000a 1D4B     		ldr	r3, .L7
  58 000c 5A6C     		ldr	r2, [r3, #68]
  59 000e 42F00102 		orr	r2, r2, #1
  60 0012 5A64     		str	r2, [r3, #68]
  61              		.loc 1 44 3 view .LVU10
  62 0014 5B6C     		ldr	r3, [r3, #68]
  63 0016 03F00103 		and	r3, r3, #1
  64 001a 0193     		str	r3, [sp, #4]
  65              		.loc 1 44 3 view .LVU11
  66 001c 019B     		ldr	r3, [sp, #4]
  67              	.LBE2:
  68              		.loc 1 44 3 view .LVU12
  45:STM32F411/Peripherals/src/stm32f4xx_hal_timebase_tim.c ****   /* Get clock configuration */
  46:STM32F411/Peripherals/src/stm32f4xx_hal_timebase_tim.c ****   HAL_RCC_GetClockConfig(&clkconfig, &pFLatency);
  69              		.loc 1 46 3 view .LVU13
ARM GAS  /tmp/cc1gnzjH.s 			page 3


  70 001e 02A9     		add	r1, sp, #8
  71 0020 03A8     		add	r0, sp, #12
  72              	.LVL2:
  73              		.loc 1 46 3 is_stmt 0 view .LVU14
  74 0022 FFF7FEFF 		bl	HAL_RCC_GetClockConfig
  75              	.LVL3:
  47:STM32F411/Peripherals/src/stm32f4xx_hal_timebase_tim.c ****   /* Compute TIM1 clock */
  48:STM32F411/Peripherals/src/stm32f4xx_hal_timebase_tim.c ****       uwTimclock = HAL_RCC_GetPCLK2Freq();
  76              		.loc 1 48 7 is_stmt 1 view .LVU15
  77              		.loc 1 48 20 is_stmt 0 view .LVU16
  78 0026 FFF7FEFF 		bl	HAL_RCC_GetPCLK2Freq
  79              	.LVL4:
  49:STM32F411/Peripherals/src/stm32f4xx_hal_timebase_tim.c **** 
  50:STM32F411/Peripherals/src/stm32f4xx_hal_timebase_tim.c ****   /* Compute the prescaler value to have TIM1 counter clock equal to 1MHz */
  51:STM32F411/Peripherals/src/stm32f4xx_hal_timebase_tim.c ****   uwPrescalerValue = (uint32_t) ((uwTimclock / 1000000U) - 1U);
  80              		.loc 1 51 3 is_stmt 1 view .LVU17
  81              		.loc 1 51 46 is_stmt 0 view .LVU18
  82 002a 164A     		ldr	r2, .L7+4
  83 002c A2FB0023 		umull	r2, r3, r2, r0
  84              	.LVL5:
  85              		.loc 1 51 46 view .LVU19
  86 0030 9B0C     		lsrs	r3, r3, #18
  87              		.loc 1 51 20 view .LVU20
  88 0032 013B     		subs	r3, r3, #1
  89              	.LVL6:
  52:STM32F411/Peripherals/src/stm32f4xx_hal_timebase_tim.c **** 
  53:STM32F411/Peripherals/src/stm32f4xx_hal_timebase_tim.c ****   /* Initialize TIM1 */
  54:STM32F411/Peripherals/src/stm32f4xx_hal_timebase_tim.c ****   htim1.Instance = TIM1;
  90              		.loc 1 54 3 is_stmt 1 view .LVU21
  91              		.loc 1 54 18 is_stmt 0 view .LVU22
  92 0034 1448     		ldr	r0, .L7+8
  93 0036 154A     		ldr	r2, .L7+12
  94 0038 0260     		str	r2, [r0]
  55:STM32F411/Peripherals/src/stm32f4xx_hal_timebase_tim.c **** 
  56:STM32F411/Peripherals/src/stm32f4xx_hal_timebase_tim.c ****   /* Initialize TIMx peripheral as follow:
  57:STM32F411/Peripherals/src/stm32f4xx_hal_timebase_tim.c **** 
  58:STM32F411/Peripherals/src/stm32f4xx_hal_timebase_tim.c ****   + Period = [(TIM1CLK/1000) - 1]. to have a (1/1000) s time base.
  59:STM32F411/Peripherals/src/stm32f4xx_hal_timebase_tim.c ****   + Prescaler = (uwTimclock/1000000 - 1) to have a 1MHz counter clock.
  60:STM32F411/Peripherals/src/stm32f4xx_hal_timebase_tim.c ****   + ClockDivision = 0
  61:STM32F411/Peripherals/src/stm32f4xx_hal_timebase_tim.c ****   + Counter direction = Up
  62:STM32F411/Peripherals/src/stm32f4xx_hal_timebase_tim.c ****   */
  63:STM32F411/Peripherals/src/stm32f4xx_hal_timebase_tim.c ****   htim1.Init.Period = (1000000U / 1000U) - 1U;
  95              		.loc 1 63 3 is_stmt 1 view .LVU23
  96              		.loc 1 63 21 is_stmt 0 view .LVU24
  97 003a 40F2E732 		movw	r2, #999
  98 003e C260     		str	r2, [r0, #12]
  64:STM32F411/Peripherals/src/stm32f4xx_hal_timebase_tim.c ****   htim1.Init.Prescaler = uwPrescalerValue;
  99              		.loc 1 64 3 is_stmt 1 view .LVU25
 100              		.loc 1 64 24 is_stmt 0 view .LVU26
 101 0040 4360     		str	r3, [r0, #4]
  65:STM32F411/Peripherals/src/stm32f4xx_hal_timebase_tim.c ****   htim1.Init.ClockDivision = 0;
 102              		.loc 1 65 3 is_stmt 1 view .LVU27
 103              		.loc 1 65 28 is_stmt 0 view .LVU28
 104 0042 0461     		str	r4, [r0, #16]
  66:STM32F411/Peripherals/src/stm32f4xx_hal_timebase_tim.c ****   htim1.Init.CounterMode = TIM_COUNTERMODE_UP;
 105              		.loc 1 66 3 is_stmt 1 view .LVU29
 106              		.loc 1 66 26 is_stmt 0 view .LVU30
ARM GAS  /tmp/cc1gnzjH.s 			page 4


 107 0044 8460     		str	r4, [r0, #8]
  67:STM32F411/Peripherals/src/stm32f4xx_hal_timebase_tim.c ****   htim1.Init.AutoReloadPreload = TIM_AUTORELOAD_PRELOAD_DISABLE;
 108              		.loc 1 67 3 is_stmt 1 view .LVU31
 109              		.loc 1 67 32 is_stmt 0 view .LVU32
 110 0046 8461     		str	r4, [r0, #24]
  68:STM32F411/Peripherals/src/stm32f4xx_hal_timebase_tim.c **** 
  69:STM32F411/Peripherals/src/stm32f4xx_hal_timebase_tim.c ****   status = HAL_TIM_Base_Init(&htim1);
 111              		.loc 1 69 3 is_stmt 1 view .LVU33
 112              		.loc 1 69 12 is_stmt 0 view .LVU34
 113 0048 FFF7FEFF 		bl	HAL_TIM_Base_Init
 114              	.LVL7:
  70:STM32F411/Peripherals/src/stm32f4xx_hal_timebase_tim.c ****   if (status == HAL_OK)
 115              		.loc 1 70 3 is_stmt 1 view .LVU35
 116              		.loc 1 70 6 is_stmt 0 view .LVU36
 117 004c 0446     		mov	r4, r0
 118 004e 10B1     		cbz	r0, .L5
 119              	.LVL8:
 120              	.L2:
  71:STM32F411/Peripherals/src/stm32f4xx_hal_timebase_tim.c ****   {
  72:STM32F411/Peripherals/src/stm32f4xx_hal_timebase_tim.c ****     /* Start the TIM time Base generation in interrupt mode */
  73:STM32F411/Peripherals/src/stm32f4xx_hal_timebase_tim.c ****     status = HAL_TIM_Base_Start_IT(&htim1);
  74:STM32F411/Peripherals/src/stm32f4xx_hal_timebase_tim.c ****     if (status == HAL_OK)
  75:STM32F411/Peripherals/src/stm32f4xx_hal_timebase_tim.c ****     {
  76:STM32F411/Peripherals/src/stm32f4xx_hal_timebase_tim.c ****     /* Enable the TIM1 global Interrupt */
  77:STM32F411/Peripherals/src/stm32f4xx_hal_timebase_tim.c ****         HAL_NVIC_EnableIRQ(TIM1_UP_TIM10_IRQn);
  78:STM32F411/Peripherals/src/stm32f4xx_hal_timebase_tim.c ****       /* Configure the SysTick IRQ priority */
  79:STM32F411/Peripherals/src/stm32f4xx_hal_timebase_tim.c ****       if (TickPriority < (1UL << __NVIC_PRIO_BITS))
  80:STM32F411/Peripherals/src/stm32f4xx_hal_timebase_tim.c ****       {
  81:STM32F411/Peripherals/src/stm32f4xx_hal_timebase_tim.c ****         /* Configure the TIM IRQ priority */
  82:STM32F411/Peripherals/src/stm32f4xx_hal_timebase_tim.c ****         HAL_NVIC_SetPriority(TIM1_UP_TIM10_IRQn, TickPriority, 0U);
  83:STM32F411/Peripherals/src/stm32f4xx_hal_timebase_tim.c ****         uwTickPrio = TickPriority;
  84:STM32F411/Peripherals/src/stm32f4xx_hal_timebase_tim.c ****       }
  85:STM32F411/Peripherals/src/stm32f4xx_hal_timebase_tim.c ****       else
  86:STM32F411/Peripherals/src/stm32f4xx_hal_timebase_tim.c ****       {
  87:STM32F411/Peripherals/src/stm32f4xx_hal_timebase_tim.c ****         status = HAL_ERROR;
  88:STM32F411/Peripherals/src/stm32f4xx_hal_timebase_tim.c ****       }
  89:STM32F411/Peripherals/src/stm32f4xx_hal_timebase_tim.c ****     }
  90:STM32F411/Peripherals/src/stm32f4xx_hal_timebase_tim.c ****   }
  91:STM32F411/Peripherals/src/stm32f4xx_hal_timebase_tim.c **** 
  92:STM32F411/Peripherals/src/stm32f4xx_hal_timebase_tim.c ****  /* Return function status */
  93:STM32F411/Peripherals/src/stm32f4xx_hal_timebase_tim.c ****   return status;
 121              		.loc 1 93 3 is_stmt 1 view .LVU37
  94:STM32F411/Peripherals/src/stm32f4xx_hal_timebase_tim.c **** }
 122              		.loc 1 94 1 is_stmt 0 view .LVU38
 123 0050 2046     		mov	r0, r4
 124 0052 09B0     		add	sp, sp, #36
 125              	.LCFI2:
 126              		.cfi_remember_state
 127              		.cfi_def_cfa_offset 12
 128              		@ sp needed
 129 0054 30BD     		pop	{r4, r5, pc}
 130              	.LVL9:
 131              	.L5:
 132              	.LCFI3:
 133              		.cfi_restore_state
  73:STM32F411/Peripherals/src/stm32f4xx_hal_timebase_tim.c ****     if (status == HAL_OK)
 134              		.loc 1 73 5 is_stmt 1 view .LVU39
ARM GAS  /tmp/cc1gnzjH.s 			page 5


  73:STM32F411/Peripherals/src/stm32f4xx_hal_timebase_tim.c ****     if (status == HAL_OK)
 135              		.loc 1 73 14 is_stmt 0 view .LVU40
 136 0056 0C48     		ldr	r0, .L7+8
 137              	.LVL10:
  73:STM32F411/Peripherals/src/stm32f4xx_hal_timebase_tim.c ****     if (status == HAL_OK)
 138              		.loc 1 73 14 view .LVU41
 139 0058 FFF7FEFF 		bl	HAL_TIM_Base_Start_IT
 140              	.LVL11:
  74:STM32F411/Peripherals/src/stm32f4xx_hal_timebase_tim.c ****     {
 141              		.loc 1 74 5 is_stmt 1 view .LVU42
  74:STM32F411/Peripherals/src/stm32f4xx_hal_timebase_tim.c ****     {
 142              		.loc 1 74 8 is_stmt 0 view .LVU43
 143 005c 0446     		mov	r4, r0
 144 005e 0028     		cmp	r0, #0
 145 0060 F6D1     		bne	.L2
  77:STM32F411/Peripherals/src/stm32f4xx_hal_timebase_tim.c ****       /* Configure the SysTick IRQ priority */
 146              		.loc 1 77 9 is_stmt 1 view .LVU44
 147 0062 1920     		movs	r0, #25
 148              	.LVL12:
  77:STM32F411/Peripherals/src/stm32f4xx_hal_timebase_tim.c ****       /* Configure the SysTick IRQ priority */
 149              		.loc 1 77 9 is_stmt 0 view .LVU45
 150 0064 FFF7FEFF 		bl	HAL_NVIC_EnableIRQ
 151              	.LVL13:
  79:STM32F411/Peripherals/src/stm32f4xx_hal_timebase_tim.c ****       {
 152              		.loc 1 79 7 is_stmt 1 view .LVU46
  79:STM32F411/Peripherals/src/stm32f4xx_hal_timebase_tim.c ****       {
 153              		.loc 1 79 10 is_stmt 0 view .LVU47
 154 0068 0F2D     		cmp	r5, #15
 155 006a 01D9     		bls	.L6
  87:STM32F411/Peripherals/src/stm32f4xx_hal_timebase_tim.c ****       }
 156              		.loc 1 87 16 view .LVU48
 157 006c 0124     		movs	r4, #1
 158              	.LVL14:
  87:STM32F411/Peripherals/src/stm32f4xx_hal_timebase_tim.c ****       }
 159              		.loc 1 87 16 view .LVU49
 160 006e EFE7     		b	.L2
 161              	.LVL15:
 162              	.L6:
  82:STM32F411/Peripherals/src/stm32f4xx_hal_timebase_tim.c ****         uwTickPrio = TickPriority;
 163              		.loc 1 82 9 is_stmt 1 view .LVU50
 164 0070 0022     		movs	r2, #0
 165 0072 2946     		mov	r1, r5
 166 0074 1920     		movs	r0, #25
 167 0076 FFF7FEFF 		bl	HAL_NVIC_SetPriority
 168              	.LVL16:
  83:STM32F411/Peripherals/src/stm32f4xx_hal_timebase_tim.c ****       }
 169              		.loc 1 83 9 view .LVU51
  83:STM32F411/Peripherals/src/stm32f4xx_hal_timebase_tim.c ****       }
 170              		.loc 1 83 20 is_stmt 0 view .LVU52
 171 007a 054B     		ldr	r3, .L7+16
 172 007c 1D60     		str	r5, [r3]
 173 007e E7E7     		b	.L2
 174              	.L8:
 175              		.align	2
 176              	.L7:
 177 0080 00380240 		.word	1073887232
 178 0084 83DE1B43 		.word	1125899907
ARM GAS  /tmp/cc1gnzjH.s 			page 6


 179 0088 00000000 		.word	htim1
 180 008c 00000140 		.word	1073807360
 181 0090 00000000 		.word	uwTickPrio
 182              		.cfi_endproc
 183              	.LFE134:
 185              		.section	.text.HAL_SuspendTick,"ax",%progbits
 186              		.align	1
 187              		.global	HAL_SuspendTick
 188              		.syntax unified
 189              		.thumb
 190              		.thumb_func
 192              	HAL_SuspendTick:
 193              	.LFB135:
  95:STM32F411/Peripherals/src/stm32f4xx_hal_timebase_tim.c **** 
  96:STM32F411/Peripherals/src/stm32f4xx_hal_timebase_tim.c **** /**
  97:STM32F411/Peripherals/src/stm32f4xx_hal_timebase_tim.c ****   * @brief  Suspend Tick increment.
  98:STM32F411/Peripherals/src/stm32f4xx_hal_timebase_tim.c ****   * @note   Disable the tick increment by disabling TIM1 update interrupt.
  99:STM32F411/Peripherals/src/stm32f4xx_hal_timebase_tim.c ****   * @param  None
 100:STM32F411/Peripherals/src/stm32f4xx_hal_timebase_tim.c ****   * @retval None
 101:STM32F411/Peripherals/src/stm32f4xx_hal_timebase_tim.c ****   */
 102:STM32F411/Peripherals/src/stm32f4xx_hal_timebase_tim.c **** void HAL_SuspendTick(void)
 103:STM32F411/Peripherals/src/stm32f4xx_hal_timebase_tim.c **** {
 194              		.loc 1 103 1 is_stmt 1 view -0
 195              		.cfi_startproc
 196              		@ args = 0, pretend = 0, frame = 0
 197              		@ frame_needed = 0, uses_anonymous_args = 0
 198              		@ link register save eliminated.
 104:STM32F411/Peripherals/src/stm32f4xx_hal_timebase_tim.c ****   /* Disable TIM1 update Interrupt */
 105:STM32F411/Peripherals/src/stm32f4xx_hal_timebase_tim.c ****   __HAL_TIM_DISABLE_IT(&htim1, TIM_IT_UPDATE);
 199              		.loc 1 105 3 view .LVU54
 200 0000 034B     		ldr	r3, .L10
 201 0002 1A68     		ldr	r2, [r3]
 202 0004 D368     		ldr	r3, [r2, #12]
 203 0006 23F00103 		bic	r3, r3, #1
 204 000a D360     		str	r3, [r2, #12]
 106:STM32F411/Peripherals/src/stm32f4xx_hal_timebase_tim.c **** }
 205              		.loc 1 106 1 is_stmt 0 view .LVU55
 206 000c 7047     		bx	lr
 207              	.L11:
 208 000e 00BF     		.align	2
 209              	.L10:
 210 0010 00000000 		.word	htim1
 211              		.cfi_endproc
 212              	.LFE135:
 214              		.section	.text.HAL_ResumeTick,"ax",%progbits
 215              		.align	1
 216              		.global	HAL_ResumeTick
 217              		.syntax unified
 218              		.thumb
 219              		.thumb_func
 221              	HAL_ResumeTick:
 222              	.LFB136:
 107:STM32F411/Peripherals/src/stm32f4xx_hal_timebase_tim.c **** 
 108:STM32F411/Peripherals/src/stm32f4xx_hal_timebase_tim.c **** /**
 109:STM32F411/Peripherals/src/stm32f4xx_hal_timebase_tim.c ****   * @brief  Resume Tick increment.
 110:STM32F411/Peripherals/src/stm32f4xx_hal_timebase_tim.c ****   * @note   Enable the tick increment by Enabling TIM1 update interrupt.
 111:STM32F411/Peripherals/src/stm32f4xx_hal_timebase_tim.c ****   * @param  None
ARM GAS  /tmp/cc1gnzjH.s 			page 7


 112:STM32F411/Peripherals/src/stm32f4xx_hal_timebase_tim.c ****   * @retval None
 113:STM32F411/Peripherals/src/stm32f4xx_hal_timebase_tim.c ****   */
 114:STM32F411/Peripherals/src/stm32f4xx_hal_timebase_tim.c **** void HAL_ResumeTick(void)
 115:STM32F411/Peripherals/src/stm32f4xx_hal_timebase_tim.c **** {
 223              		.loc 1 115 1 is_stmt 1 view -0
 224              		.cfi_startproc
 225              		@ args = 0, pretend = 0, frame = 0
 226              		@ frame_needed = 0, uses_anonymous_args = 0
 227              		@ link register save eliminated.
 116:STM32F411/Peripherals/src/stm32f4xx_hal_timebase_tim.c ****   /* Enable TIM1 Update interrupt */
 117:STM32F411/Peripherals/src/stm32f4xx_hal_timebase_tim.c ****   __HAL_TIM_ENABLE_IT(&htim1, TIM_IT_UPDATE);
 228              		.loc 1 117 3 view .LVU57
 229 0000 034B     		ldr	r3, .L13
 230 0002 1A68     		ldr	r2, [r3]
 231 0004 D368     		ldr	r3, [r2, #12]
 232 0006 43F00103 		orr	r3, r3, #1
 233 000a D360     		str	r3, [r2, #12]
 118:STM32F411/Peripherals/src/stm32f4xx_hal_timebase_tim.c **** }
 234              		.loc 1 118 1 is_stmt 0 view .LVU58
 235 000c 7047     		bx	lr
 236              	.L14:
 237 000e 00BF     		.align	2
 238              	.L13:
 239 0010 00000000 		.word	htim1
 240              		.cfi_endproc
 241              	.LFE136:
 243              		.global	htim1
 244              		.section	.bss.htim1,"aw",%nobits
 245              		.align	2
 248              	htim1:
 249 0000 00000000 		.space	72
 249      00000000 
 249      00000000 
 249      00000000 
 249      00000000 
 250              		.text
 251              	.Letext0:
 252              		.file 2 "STM32F411/Drivers/CMSIS/Device/ST/STM32F4xx/Include/stm32f411xe.h"
 253              		.file 3 "/usr/lib/gcc/arm-none-eabi/13.2.1/include/stdint.h"
 254              		.file 4 "STM32F411/Drivers/STM32F4xx_HAL_Driver/Inc/stm32f4xx_hal_def.h"
 255              		.file 5 "STM32F411/Drivers/STM32F4xx_HAL_Driver/Inc/stm32f4xx_hal_rcc.h"
 256              		.file 6 "STM32F411/Drivers/STM32F4xx_HAL_Driver/Inc/stm32f4xx_hal_dma.h"
 257              		.file 7 "STM32F411/Drivers/STM32F4xx_HAL_Driver/Inc/stm32f4xx_hal_tim.h"
 258              		.file 8 "STM32F411/Drivers/STM32F4xx_HAL_Driver/Inc/stm32f4xx_hal.h"
 259              		.file 9 "STM32F411/Drivers/STM32F4xx_HAL_Driver/Inc/stm32f4xx_hal_cortex.h"
ARM GAS  /tmp/cc1gnzjH.s 			page 8


DEFINED SYMBOLS
                            *ABS*:00000000 stm32f4xx_hal_timebase_tim.c
     /tmp/cc1gnzjH.s:21     .text.HAL_InitTick:00000000 $t
     /tmp/cc1gnzjH.s:27     .text.HAL_InitTick:00000000 HAL_InitTick
     /tmp/cc1gnzjH.s:177    .text.HAL_InitTick:00000080 $d
     /tmp/cc1gnzjH.s:248    .bss.htim1:00000000 htim1
     /tmp/cc1gnzjH.s:186    .text.HAL_SuspendTick:00000000 $t
     /tmp/cc1gnzjH.s:192    .text.HAL_SuspendTick:00000000 HAL_SuspendTick
     /tmp/cc1gnzjH.s:210    .text.HAL_SuspendTick:00000010 $d
     /tmp/cc1gnzjH.s:215    .text.HAL_ResumeTick:00000000 $t
     /tmp/cc1gnzjH.s:221    .text.HAL_ResumeTick:00000000 HAL_ResumeTick
     /tmp/cc1gnzjH.s:239    .text.HAL_ResumeTick:00000010 $d
     /tmp/cc1gnzjH.s:245    .bss.htim1:00000000 $d

UNDEFINED SYMBOLS
HAL_RCC_GetClockConfig
HAL_RCC_GetPCLK2Freq
HAL_TIM_Base_Init
HAL_TIM_Base_Start_IT
HAL_NVIC_EnableIRQ
HAL_NVIC_SetPriority
uwTickPrio
