ARM GAS  /tmp/ccpDeFt2.s 			page 1


   1              		.cpu cortex-m4
   2              		.arch armv7e-m
   3              		.fpu fpv4-sp-d16
   4              		.eabi_attribute 27, 1
   5              		.eabi_attribute 28, 1
   6              		.eabi_attribute 20, 1
   7              		.eabi_attribute 21, 1
   8              		.eabi_attribute 23, 3
   9              		.eabi_attribute 24, 1
  10              		.eabi_attribute 25, 1
  11              		.eabi_attribute 26, 1
  12              		.eabi_attribute 30, 1
  13              		.eabi_attribute 34, 1
  14              		.eabi_attribute 18, 4
  15              		.file	"stm32f4xx_hal_crc.c"
  16              		.text
  17              	.Ltext0:
  18              		.cfi_sections	.debug_frame
  19              		.file 1 "STM32F411/Drivers/STM32F4xx_HAL_Driver/Src/stm32f4xx_hal_crc.c"
  20              		.section	.text.HAL_CRC_MspInit,"ax",%progbits
  21              		.align	1
  22              		.weak	HAL_CRC_MspInit
  23              		.syntax unified
  24              		.thumb
  25              		.thumb_func
  27              	HAL_CRC_MspInit:
  28              	.LVL0:
  29              	.LFB136:
   1:STM32F411/Drivers/STM32F4xx_HAL_Driver/Src/stm32f4xx_hal_crc.c **** /**
   2:STM32F411/Drivers/STM32F4xx_HAL_Driver/Src/stm32f4xx_hal_crc.c ****   ******************************************************************************
   3:STM32F411/Drivers/STM32F4xx_HAL_Driver/Src/stm32f4xx_hal_crc.c ****   * @file    stm32f4xx_hal_crc.c
   4:STM32F411/Drivers/STM32F4xx_HAL_Driver/Src/stm32f4xx_hal_crc.c ****   * @author  MCD Application Team
   5:STM32F411/Drivers/STM32F4xx_HAL_Driver/Src/stm32f4xx_hal_crc.c ****   * @brief   CRC HAL module driver.
   6:STM32F411/Drivers/STM32F4xx_HAL_Driver/Src/stm32f4xx_hal_crc.c ****   *          This file provides firmware functions to manage the following
   7:STM32F411/Drivers/STM32F4xx_HAL_Driver/Src/stm32f4xx_hal_crc.c ****   *          functionalities of the Cyclic Redundancy Check (CRC) peripheral:
   8:STM32F411/Drivers/STM32F4xx_HAL_Driver/Src/stm32f4xx_hal_crc.c ****   *           + Initialization and de-initialization functions
   9:STM32F411/Drivers/STM32F4xx_HAL_Driver/Src/stm32f4xx_hal_crc.c ****   *           + Peripheral Control functions
  10:STM32F411/Drivers/STM32F4xx_HAL_Driver/Src/stm32f4xx_hal_crc.c ****   *           + Peripheral State functions
  11:STM32F411/Drivers/STM32F4xx_HAL_Driver/Src/stm32f4xx_hal_crc.c ****   *
  12:STM32F411/Drivers/STM32F4xx_HAL_Driver/Src/stm32f4xx_hal_crc.c ****   ******************************************************************************
  13:STM32F411/Drivers/STM32F4xx_HAL_Driver/Src/stm32f4xx_hal_crc.c ****   * @attention
  14:STM32F411/Drivers/STM32F4xx_HAL_Driver/Src/stm32f4xx_hal_crc.c ****   *
  15:STM32F411/Drivers/STM32F4xx_HAL_Driver/Src/stm32f4xx_hal_crc.c ****   * Copyright (c) 2016 STMicroelectronics.
  16:STM32F411/Drivers/STM32F4xx_HAL_Driver/Src/stm32f4xx_hal_crc.c ****   * All rights reserved.
  17:STM32F411/Drivers/STM32F4xx_HAL_Driver/Src/stm32f4xx_hal_crc.c ****   *
  18:STM32F411/Drivers/STM32F4xx_HAL_Driver/Src/stm32f4xx_hal_crc.c ****   * This software is licensed under terms that can be found in the LICENSE file
  19:STM32F411/Drivers/STM32F4xx_HAL_Driver/Src/stm32f4xx_hal_crc.c ****   * in the root directory of this software component.
  20:STM32F411/Drivers/STM32F4xx_HAL_Driver/Src/stm32f4xx_hal_crc.c ****   * If no LICENSE file comes with this software, it is provided AS-IS.
  21:STM32F411/Drivers/STM32F4xx_HAL_Driver/Src/stm32f4xx_hal_crc.c ****   *
  22:STM32F411/Drivers/STM32F4xx_HAL_Driver/Src/stm32f4xx_hal_crc.c ****   ******************************************************************************
  23:STM32F411/Drivers/STM32F4xx_HAL_Driver/Src/stm32f4xx_hal_crc.c ****   @verbatim
  24:STM32F411/Drivers/STM32F4xx_HAL_Driver/Src/stm32f4xx_hal_crc.c ****  ===============================================================================
  25:STM32F411/Drivers/STM32F4xx_HAL_Driver/Src/stm32f4xx_hal_crc.c ****                      ##### How to use this driver #####
  26:STM32F411/Drivers/STM32F4xx_HAL_Driver/Src/stm32f4xx_hal_crc.c ****  ===============================================================================
  27:STM32F411/Drivers/STM32F4xx_HAL_Driver/Src/stm32f4xx_hal_crc.c ****     [..]
  28:STM32F411/Drivers/STM32F4xx_HAL_Driver/Src/stm32f4xx_hal_crc.c ****          (+) Enable CRC AHB clock using __HAL_RCC_CRC_CLK_ENABLE();
  29:STM32F411/Drivers/STM32F4xx_HAL_Driver/Src/stm32f4xx_hal_crc.c ****          (+) Initialize CRC calculator
ARM GAS  /tmp/ccpDeFt2.s 			page 2


  30:STM32F411/Drivers/STM32F4xx_HAL_Driver/Src/stm32f4xx_hal_crc.c ****              (++) specify generating polynomial (peripheral default or non-default one)
  31:STM32F411/Drivers/STM32F4xx_HAL_Driver/Src/stm32f4xx_hal_crc.c ****              (++) specify initialization value (peripheral default or non-default one)
  32:STM32F411/Drivers/STM32F4xx_HAL_Driver/Src/stm32f4xx_hal_crc.c ****              (++) specify input data format
  33:STM32F411/Drivers/STM32F4xx_HAL_Driver/Src/stm32f4xx_hal_crc.c ****              (++) specify input or output data inversion mode if any
  34:STM32F411/Drivers/STM32F4xx_HAL_Driver/Src/stm32f4xx_hal_crc.c ****          (+) Use HAL_CRC_Accumulate() function to compute the CRC value of the
  35:STM32F411/Drivers/STM32F4xx_HAL_Driver/Src/stm32f4xx_hal_crc.c ****              input data buffer starting with the previously computed CRC as
  36:STM32F411/Drivers/STM32F4xx_HAL_Driver/Src/stm32f4xx_hal_crc.c ****              initialization value
  37:STM32F411/Drivers/STM32F4xx_HAL_Driver/Src/stm32f4xx_hal_crc.c ****          (+) Use HAL_CRC_Calculate() function to compute the CRC value of the
  38:STM32F411/Drivers/STM32F4xx_HAL_Driver/Src/stm32f4xx_hal_crc.c ****              input data buffer starting with the defined initialization value
  39:STM32F411/Drivers/STM32F4xx_HAL_Driver/Src/stm32f4xx_hal_crc.c ****              (default or non-default) to initiate CRC calculation
  40:STM32F411/Drivers/STM32F4xx_HAL_Driver/Src/stm32f4xx_hal_crc.c **** 
  41:STM32F411/Drivers/STM32F4xx_HAL_Driver/Src/stm32f4xx_hal_crc.c ****   @endverbatim
  42:STM32F411/Drivers/STM32F4xx_HAL_Driver/Src/stm32f4xx_hal_crc.c ****   ******************************************************************************
  43:STM32F411/Drivers/STM32F4xx_HAL_Driver/Src/stm32f4xx_hal_crc.c ****   */
  44:STM32F411/Drivers/STM32F4xx_HAL_Driver/Src/stm32f4xx_hal_crc.c **** 
  45:STM32F411/Drivers/STM32F4xx_HAL_Driver/Src/stm32f4xx_hal_crc.c **** /* Includes ------------------------------------------------------------------*/
  46:STM32F411/Drivers/STM32F4xx_HAL_Driver/Src/stm32f4xx_hal_crc.c **** #include "stm32f4xx_hal.h"
  47:STM32F411/Drivers/STM32F4xx_HAL_Driver/Src/stm32f4xx_hal_crc.c **** 
  48:STM32F411/Drivers/STM32F4xx_HAL_Driver/Src/stm32f4xx_hal_crc.c **** /** @addtogroup STM32F4xx_HAL_Driver
  49:STM32F411/Drivers/STM32F4xx_HAL_Driver/Src/stm32f4xx_hal_crc.c ****   * @{
  50:STM32F411/Drivers/STM32F4xx_HAL_Driver/Src/stm32f4xx_hal_crc.c ****   */
  51:STM32F411/Drivers/STM32F4xx_HAL_Driver/Src/stm32f4xx_hal_crc.c **** 
  52:STM32F411/Drivers/STM32F4xx_HAL_Driver/Src/stm32f4xx_hal_crc.c **** /** @defgroup CRC CRC
  53:STM32F411/Drivers/STM32F4xx_HAL_Driver/Src/stm32f4xx_hal_crc.c ****   * @brief CRC HAL module driver.
  54:STM32F411/Drivers/STM32F4xx_HAL_Driver/Src/stm32f4xx_hal_crc.c ****   * @{
  55:STM32F411/Drivers/STM32F4xx_HAL_Driver/Src/stm32f4xx_hal_crc.c ****   */
  56:STM32F411/Drivers/STM32F4xx_HAL_Driver/Src/stm32f4xx_hal_crc.c **** 
  57:STM32F411/Drivers/STM32F4xx_HAL_Driver/Src/stm32f4xx_hal_crc.c **** #ifdef HAL_CRC_MODULE_ENABLED
  58:STM32F411/Drivers/STM32F4xx_HAL_Driver/Src/stm32f4xx_hal_crc.c **** 
  59:STM32F411/Drivers/STM32F4xx_HAL_Driver/Src/stm32f4xx_hal_crc.c **** /* Private typedef -----------------------------------------------------------*/
  60:STM32F411/Drivers/STM32F4xx_HAL_Driver/Src/stm32f4xx_hal_crc.c **** /* Private define ------------------------------------------------------------*/
  61:STM32F411/Drivers/STM32F4xx_HAL_Driver/Src/stm32f4xx_hal_crc.c **** /* Private macro -------------------------------------------------------------*/
  62:STM32F411/Drivers/STM32F4xx_HAL_Driver/Src/stm32f4xx_hal_crc.c **** /* Private variables ---------------------------------------------------------*/
  63:STM32F411/Drivers/STM32F4xx_HAL_Driver/Src/stm32f4xx_hal_crc.c **** /* Private function prototypes -----------------------------------------------*/
  64:STM32F411/Drivers/STM32F4xx_HAL_Driver/Src/stm32f4xx_hal_crc.c **** 
  65:STM32F411/Drivers/STM32F4xx_HAL_Driver/Src/stm32f4xx_hal_crc.c **** /* Exported functions --------------------------------------------------------*/
  66:STM32F411/Drivers/STM32F4xx_HAL_Driver/Src/stm32f4xx_hal_crc.c **** 
  67:STM32F411/Drivers/STM32F4xx_HAL_Driver/Src/stm32f4xx_hal_crc.c **** /** @defgroup CRC_Exported_Functions CRC Exported Functions
  68:STM32F411/Drivers/STM32F4xx_HAL_Driver/Src/stm32f4xx_hal_crc.c ****   * @{
  69:STM32F411/Drivers/STM32F4xx_HAL_Driver/Src/stm32f4xx_hal_crc.c ****   */
  70:STM32F411/Drivers/STM32F4xx_HAL_Driver/Src/stm32f4xx_hal_crc.c **** 
  71:STM32F411/Drivers/STM32F4xx_HAL_Driver/Src/stm32f4xx_hal_crc.c **** /** @defgroup CRC_Exported_Functions_Group1 Initialization and de-initialization functions
  72:STM32F411/Drivers/STM32F4xx_HAL_Driver/Src/stm32f4xx_hal_crc.c ****   *  @brief    Initialization and Configuration functions.
  73:STM32F411/Drivers/STM32F4xx_HAL_Driver/Src/stm32f4xx_hal_crc.c ****   *
  74:STM32F411/Drivers/STM32F4xx_HAL_Driver/Src/stm32f4xx_hal_crc.c **** @verbatim
  75:STM32F411/Drivers/STM32F4xx_HAL_Driver/Src/stm32f4xx_hal_crc.c ****  ===============================================================================
  76:STM32F411/Drivers/STM32F4xx_HAL_Driver/Src/stm32f4xx_hal_crc.c ****             ##### Initialization and de-initialization functions #####
  77:STM32F411/Drivers/STM32F4xx_HAL_Driver/Src/stm32f4xx_hal_crc.c ****  ===============================================================================
  78:STM32F411/Drivers/STM32F4xx_HAL_Driver/Src/stm32f4xx_hal_crc.c ****     [..]  This section provides functions allowing to:
  79:STM32F411/Drivers/STM32F4xx_HAL_Driver/Src/stm32f4xx_hal_crc.c ****       (+) Initialize the CRC according to the specified parameters
  80:STM32F411/Drivers/STM32F4xx_HAL_Driver/Src/stm32f4xx_hal_crc.c ****           in the CRC_InitTypeDef and create the associated handle
  81:STM32F411/Drivers/STM32F4xx_HAL_Driver/Src/stm32f4xx_hal_crc.c ****       (+) DeInitialize the CRC peripheral
  82:STM32F411/Drivers/STM32F4xx_HAL_Driver/Src/stm32f4xx_hal_crc.c ****       (+) Initialize the CRC MSP (MCU Specific Package)
  83:STM32F411/Drivers/STM32F4xx_HAL_Driver/Src/stm32f4xx_hal_crc.c ****       (+) DeInitialize the CRC MSP
  84:STM32F411/Drivers/STM32F4xx_HAL_Driver/Src/stm32f4xx_hal_crc.c **** 
  85:STM32F411/Drivers/STM32F4xx_HAL_Driver/Src/stm32f4xx_hal_crc.c **** @endverbatim
  86:STM32F411/Drivers/STM32F4xx_HAL_Driver/Src/stm32f4xx_hal_crc.c ****   * @{
ARM GAS  /tmp/ccpDeFt2.s 			page 3


  87:STM32F411/Drivers/STM32F4xx_HAL_Driver/Src/stm32f4xx_hal_crc.c ****   */
  88:STM32F411/Drivers/STM32F4xx_HAL_Driver/Src/stm32f4xx_hal_crc.c **** 
  89:STM32F411/Drivers/STM32F4xx_HAL_Driver/Src/stm32f4xx_hal_crc.c **** /**
  90:STM32F411/Drivers/STM32F4xx_HAL_Driver/Src/stm32f4xx_hal_crc.c ****   * @brief  Initialize the CRC according to the specified
  91:STM32F411/Drivers/STM32F4xx_HAL_Driver/Src/stm32f4xx_hal_crc.c ****   *         parameters in the CRC_InitTypeDef and create the associated handle.
  92:STM32F411/Drivers/STM32F4xx_HAL_Driver/Src/stm32f4xx_hal_crc.c ****   * @param  hcrc CRC handle
  93:STM32F411/Drivers/STM32F4xx_HAL_Driver/Src/stm32f4xx_hal_crc.c ****   * @retval HAL status
  94:STM32F411/Drivers/STM32F4xx_HAL_Driver/Src/stm32f4xx_hal_crc.c ****   */
  95:STM32F411/Drivers/STM32F4xx_HAL_Driver/Src/stm32f4xx_hal_crc.c **** HAL_StatusTypeDef HAL_CRC_Init(CRC_HandleTypeDef *hcrc)
  96:STM32F411/Drivers/STM32F4xx_HAL_Driver/Src/stm32f4xx_hal_crc.c **** {
  97:STM32F411/Drivers/STM32F4xx_HAL_Driver/Src/stm32f4xx_hal_crc.c ****   /* Check the CRC handle allocation */
  98:STM32F411/Drivers/STM32F4xx_HAL_Driver/Src/stm32f4xx_hal_crc.c ****   if (hcrc == NULL)
  99:STM32F411/Drivers/STM32F4xx_HAL_Driver/Src/stm32f4xx_hal_crc.c ****   {
 100:STM32F411/Drivers/STM32F4xx_HAL_Driver/Src/stm32f4xx_hal_crc.c ****     return HAL_ERROR;
 101:STM32F411/Drivers/STM32F4xx_HAL_Driver/Src/stm32f4xx_hal_crc.c ****   }
 102:STM32F411/Drivers/STM32F4xx_HAL_Driver/Src/stm32f4xx_hal_crc.c **** 
 103:STM32F411/Drivers/STM32F4xx_HAL_Driver/Src/stm32f4xx_hal_crc.c ****   /* Check the parameters */
 104:STM32F411/Drivers/STM32F4xx_HAL_Driver/Src/stm32f4xx_hal_crc.c ****   assert_param(IS_CRC_ALL_INSTANCE(hcrc->Instance));
 105:STM32F411/Drivers/STM32F4xx_HAL_Driver/Src/stm32f4xx_hal_crc.c **** 
 106:STM32F411/Drivers/STM32F4xx_HAL_Driver/Src/stm32f4xx_hal_crc.c ****   if (hcrc->State == HAL_CRC_STATE_RESET)
 107:STM32F411/Drivers/STM32F4xx_HAL_Driver/Src/stm32f4xx_hal_crc.c ****   {
 108:STM32F411/Drivers/STM32F4xx_HAL_Driver/Src/stm32f4xx_hal_crc.c ****     /* Allocate lock resource and initialize it */
 109:STM32F411/Drivers/STM32F4xx_HAL_Driver/Src/stm32f4xx_hal_crc.c ****     hcrc->Lock = HAL_UNLOCKED;
 110:STM32F411/Drivers/STM32F4xx_HAL_Driver/Src/stm32f4xx_hal_crc.c ****     /* Init the low level hardware */
 111:STM32F411/Drivers/STM32F4xx_HAL_Driver/Src/stm32f4xx_hal_crc.c ****     HAL_CRC_MspInit(hcrc);
 112:STM32F411/Drivers/STM32F4xx_HAL_Driver/Src/stm32f4xx_hal_crc.c ****   }
 113:STM32F411/Drivers/STM32F4xx_HAL_Driver/Src/stm32f4xx_hal_crc.c **** 
 114:STM32F411/Drivers/STM32F4xx_HAL_Driver/Src/stm32f4xx_hal_crc.c ****   /* Change CRC peripheral state */
 115:STM32F411/Drivers/STM32F4xx_HAL_Driver/Src/stm32f4xx_hal_crc.c ****   hcrc->State = HAL_CRC_STATE_READY;
 116:STM32F411/Drivers/STM32F4xx_HAL_Driver/Src/stm32f4xx_hal_crc.c **** 
 117:STM32F411/Drivers/STM32F4xx_HAL_Driver/Src/stm32f4xx_hal_crc.c ****   /* Return function status */
 118:STM32F411/Drivers/STM32F4xx_HAL_Driver/Src/stm32f4xx_hal_crc.c ****   return HAL_OK;
 119:STM32F411/Drivers/STM32F4xx_HAL_Driver/Src/stm32f4xx_hal_crc.c **** }
 120:STM32F411/Drivers/STM32F4xx_HAL_Driver/Src/stm32f4xx_hal_crc.c **** 
 121:STM32F411/Drivers/STM32F4xx_HAL_Driver/Src/stm32f4xx_hal_crc.c **** /**
 122:STM32F411/Drivers/STM32F4xx_HAL_Driver/Src/stm32f4xx_hal_crc.c ****   * @brief  DeInitialize the CRC peripheral.
 123:STM32F411/Drivers/STM32F4xx_HAL_Driver/Src/stm32f4xx_hal_crc.c ****   * @param  hcrc CRC handle
 124:STM32F411/Drivers/STM32F4xx_HAL_Driver/Src/stm32f4xx_hal_crc.c ****   * @retval HAL status
 125:STM32F411/Drivers/STM32F4xx_HAL_Driver/Src/stm32f4xx_hal_crc.c ****   */
 126:STM32F411/Drivers/STM32F4xx_HAL_Driver/Src/stm32f4xx_hal_crc.c **** HAL_StatusTypeDef HAL_CRC_DeInit(CRC_HandleTypeDef *hcrc)
 127:STM32F411/Drivers/STM32F4xx_HAL_Driver/Src/stm32f4xx_hal_crc.c **** {
 128:STM32F411/Drivers/STM32F4xx_HAL_Driver/Src/stm32f4xx_hal_crc.c ****   /* Check the CRC handle allocation */
 129:STM32F411/Drivers/STM32F4xx_HAL_Driver/Src/stm32f4xx_hal_crc.c ****   if (hcrc == NULL)
 130:STM32F411/Drivers/STM32F4xx_HAL_Driver/Src/stm32f4xx_hal_crc.c ****   {
 131:STM32F411/Drivers/STM32F4xx_HAL_Driver/Src/stm32f4xx_hal_crc.c ****     return HAL_ERROR;
 132:STM32F411/Drivers/STM32F4xx_HAL_Driver/Src/stm32f4xx_hal_crc.c ****   }
 133:STM32F411/Drivers/STM32F4xx_HAL_Driver/Src/stm32f4xx_hal_crc.c **** 
 134:STM32F411/Drivers/STM32F4xx_HAL_Driver/Src/stm32f4xx_hal_crc.c ****   /* Check the parameters */
 135:STM32F411/Drivers/STM32F4xx_HAL_Driver/Src/stm32f4xx_hal_crc.c ****   assert_param(IS_CRC_ALL_INSTANCE(hcrc->Instance));
 136:STM32F411/Drivers/STM32F4xx_HAL_Driver/Src/stm32f4xx_hal_crc.c **** 
 137:STM32F411/Drivers/STM32F4xx_HAL_Driver/Src/stm32f4xx_hal_crc.c ****   /* Check the CRC peripheral state */
 138:STM32F411/Drivers/STM32F4xx_HAL_Driver/Src/stm32f4xx_hal_crc.c ****   if (hcrc->State == HAL_CRC_STATE_BUSY)
 139:STM32F411/Drivers/STM32F4xx_HAL_Driver/Src/stm32f4xx_hal_crc.c ****   {
 140:STM32F411/Drivers/STM32F4xx_HAL_Driver/Src/stm32f4xx_hal_crc.c ****     return HAL_BUSY;
 141:STM32F411/Drivers/STM32F4xx_HAL_Driver/Src/stm32f4xx_hal_crc.c ****   }
 142:STM32F411/Drivers/STM32F4xx_HAL_Driver/Src/stm32f4xx_hal_crc.c **** 
 143:STM32F411/Drivers/STM32F4xx_HAL_Driver/Src/stm32f4xx_hal_crc.c ****   /* Change CRC peripheral state */
ARM GAS  /tmp/ccpDeFt2.s 			page 4


 144:STM32F411/Drivers/STM32F4xx_HAL_Driver/Src/stm32f4xx_hal_crc.c ****   hcrc->State = HAL_CRC_STATE_BUSY;
 145:STM32F411/Drivers/STM32F4xx_HAL_Driver/Src/stm32f4xx_hal_crc.c **** 
 146:STM32F411/Drivers/STM32F4xx_HAL_Driver/Src/stm32f4xx_hal_crc.c ****   /* Reset CRC calculation unit */
 147:STM32F411/Drivers/STM32F4xx_HAL_Driver/Src/stm32f4xx_hal_crc.c ****   __HAL_CRC_DR_RESET(hcrc);
 148:STM32F411/Drivers/STM32F4xx_HAL_Driver/Src/stm32f4xx_hal_crc.c **** 
 149:STM32F411/Drivers/STM32F4xx_HAL_Driver/Src/stm32f4xx_hal_crc.c ****   /* Reset IDR register content */
 150:STM32F411/Drivers/STM32F4xx_HAL_Driver/Src/stm32f4xx_hal_crc.c ****   __HAL_CRC_SET_IDR(hcrc, 0);
 151:STM32F411/Drivers/STM32F4xx_HAL_Driver/Src/stm32f4xx_hal_crc.c **** 
 152:STM32F411/Drivers/STM32F4xx_HAL_Driver/Src/stm32f4xx_hal_crc.c ****   /* DeInit the low level hardware */
 153:STM32F411/Drivers/STM32F4xx_HAL_Driver/Src/stm32f4xx_hal_crc.c ****   HAL_CRC_MspDeInit(hcrc);
 154:STM32F411/Drivers/STM32F4xx_HAL_Driver/Src/stm32f4xx_hal_crc.c **** 
 155:STM32F411/Drivers/STM32F4xx_HAL_Driver/Src/stm32f4xx_hal_crc.c ****   /* Change CRC peripheral state */
 156:STM32F411/Drivers/STM32F4xx_HAL_Driver/Src/stm32f4xx_hal_crc.c ****   hcrc->State = HAL_CRC_STATE_RESET;
 157:STM32F411/Drivers/STM32F4xx_HAL_Driver/Src/stm32f4xx_hal_crc.c **** 
 158:STM32F411/Drivers/STM32F4xx_HAL_Driver/Src/stm32f4xx_hal_crc.c ****   /* Process unlocked */
 159:STM32F411/Drivers/STM32F4xx_HAL_Driver/Src/stm32f4xx_hal_crc.c ****   __HAL_UNLOCK(hcrc);
 160:STM32F411/Drivers/STM32F4xx_HAL_Driver/Src/stm32f4xx_hal_crc.c **** 
 161:STM32F411/Drivers/STM32F4xx_HAL_Driver/Src/stm32f4xx_hal_crc.c ****   /* Return function status */
 162:STM32F411/Drivers/STM32F4xx_HAL_Driver/Src/stm32f4xx_hal_crc.c ****   return HAL_OK;
 163:STM32F411/Drivers/STM32F4xx_HAL_Driver/Src/stm32f4xx_hal_crc.c **** }
 164:STM32F411/Drivers/STM32F4xx_HAL_Driver/Src/stm32f4xx_hal_crc.c **** 
 165:STM32F411/Drivers/STM32F4xx_HAL_Driver/Src/stm32f4xx_hal_crc.c **** /**
 166:STM32F411/Drivers/STM32F4xx_HAL_Driver/Src/stm32f4xx_hal_crc.c ****   * @brief  Initializes the CRC MSP.
 167:STM32F411/Drivers/STM32F4xx_HAL_Driver/Src/stm32f4xx_hal_crc.c ****   * @param  hcrc CRC handle
 168:STM32F411/Drivers/STM32F4xx_HAL_Driver/Src/stm32f4xx_hal_crc.c ****   * @retval None
 169:STM32F411/Drivers/STM32F4xx_HAL_Driver/Src/stm32f4xx_hal_crc.c ****   */
 170:STM32F411/Drivers/STM32F4xx_HAL_Driver/Src/stm32f4xx_hal_crc.c **** __weak void HAL_CRC_MspInit(CRC_HandleTypeDef *hcrc)
 171:STM32F411/Drivers/STM32F4xx_HAL_Driver/Src/stm32f4xx_hal_crc.c **** {
  30              		.loc 1 171 1 view -0
  31              		.cfi_startproc
  32              		@ args = 0, pretend = 0, frame = 0
  33              		@ frame_needed = 0, uses_anonymous_args = 0
  34              		@ link register save eliminated.
 172:STM32F411/Drivers/STM32F4xx_HAL_Driver/Src/stm32f4xx_hal_crc.c ****   /* Prevent unused argument(s) compilation warning */
 173:STM32F411/Drivers/STM32F4xx_HAL_Driver/Src/stm32f4xx_hal_crc.c ****   UNUSED(hcrc);
  35              		.loc 1 173 3 view .LVU1
 174:STM32F411/Drivers/STM32F4xx_HAL_Driver/Src/stm32f4xx_hal_crc.c **** 
 175:STM32F411/Drivers/STM32F4xx_HAL_Driver/Src/stm32f4xx_hal_crc.c ****   /* NOTE : This function should not be modified, when the callback is needed,
 176:STM32F411/Drivers/STM32F4xx_HAL_Driver/Src/stm32f4xx_hal_crc.c ****             the HAL_CRC_MspInit can be implemented in the user file
 177:STM32F411/Drivers/STM32F4xx_HAL_Driver/Src/stm32f4xx_hal_crc.c ****    */
 178:STM32F411/Drivers/STM32F4xx_HAL_Driver/Src/stm32f4xx_hal_crc.c **** }
  36              		.loc 1 178 1 is_stmt 0 view .LVU2
  37 0000 7047     		bx	lr
  38              		.cfi_endproc
  39              	.LFE136:
  41              		.section	.text.HAL_CRC_Init,"ax",%progbits
  42              		.align	1
  43              		.global	HAL_CRC_Init
  44              		.syntax unified
  45              		.thumb
  46              		.thumb_func
  48              	HAL_CRC_Init:
  49              	.LVL1:
  50              	.LFB134:
  96:STM32F411/Drivers/STM32F4xx_HAL_Driver/Src/stm32f4xx_hal_crc.c ****   /* Check the CRC handle allocation */
  51              		.loc 1 96 1 is_stmt 1 view -0
  52              		.cfi_startproc
ARM GAS  /tmp/ccpDeFt2.s 			page 5


  53              		@ args = 0, pretend = 0, frame = 0
  54              		@ frame_needed = 0, uses_anonymous_args = 0
  98:STM32F411/Drivers/STM32F4xx_HAL_Driver/Src/stm32f4xx_hal_crc.c ****   {
  55              		.loc 1 98 3 view .LVU4
  98:STM32F411/Drivers/STM32F4xx_HAL_Driver/Src/stm32f4xx_hal_crc.c ****   {
  56              		.loc 1 98 6 is_stmt 0 view .LVU5
  57 0000 58B1     		cbz	r0, .L5
  96:STM32F411/Drivers/STM32F4xx_HAL_Driver/Src/stm32f4xx_hal_crc.c ****   /* Check the CRC handle allocation */
  58              		.loc 1 96 1 view .LVU6
  59 0002 10B5     		push	{r4, lr}
  60              	.LCFI0:
  61              		.cfi_def_cfa_offset 8
  62              		.cfi_offset 4, -8
  63              		.cfi_offset 14, -4
  64 0004 0446     		mov	r4, r0
 104:STM32F411/Drivers/STM32F4xx_HAL_Driver/Src/stm32f4xx_hal_crc.c **** 
  65              		.loc 1 104 3 is_stmt 1 view .LVU7
 106:STM32F411/Drivers/STM32F4xx_HAL_Driver/Src/stm32f4xx_hal_crc.c ****   {
  66              		.loc 1 106 3 view .LVU8
 106:STM32F411/Drivers/STM32F4xx_HAL_Driver/Src/stm32f4xx_hal_crc.c ****   {
  67              		.loc 1 106 11 is_stmt 0 view .LVU9
  68 0006 4379     		ldrb	r3, [r0, #5]	@ zero_extendqisi2
 106:STM32F411/Drivers/STM32F4xx_HAL_Driver/Src/stm32f4xx_hal_crc.c ****   {
  69              		.loc 1 106 6 view .LVU10
  70 0008 1BB1     		cbz	r3, .L10
  71              	.LVL2:
  72              	.L4:
 115:STM32F411/Drivers/STM32F4xx_HAL_Driver/Src/stm32f4xx_hal_crc.c **** 
  73              		.loc 1 115 3 is_stmt 1 view .LVU11
 115:STM32F411/Drivers/STM32F4xx_HAL_Driver/Src/stm32f4xx_hal_crc.c **** 
  74              		.loc 1 115 15 is_stmt 0 view .LVU12
  75 000a 0123     		movs	r3, #1
  76 000c 6371     		strb	r3, [r4, #5]
 118:STM32F411/Drivers/STM32F4xx_HAL_Driver/Src/stm32f4xx_hal_crc.c **** }
  77              		.loc 1 118 3 is_stmt 1 view .LVU13
 118:STM32F411/Drivers/STM32F4xx_HAL_Driver/Src/stm32f4xx_hal_crc.c **** }
  78              		.loc 1 118 10 is_stmt 0 view .LVU14
  79 000e 0020     		movs	r0, #0
 119:STM32F411/Drivers/STM32F4xx_HAL_Driver/Src/stm32f4xx_hal_crc.c **** 
  80              		.loc 1 119 1 view .LVU15
  81 0010 10BD     		pop	{r4, pc}
  82              	.LVL3:
  83              	.L10:
 109:STM32F411/Drivers/STM32F4xx_HAL_Driver/Src/stm32f4xx_hal_crc.c ****     /* Init the low level hardware */
  84              		.loc 1 109 5 is_stmt 1 view .LVU16
 109:STM32F411/Drivers/STM32F4xx_HAL_Driver/Src/stm32f4xx_hal_crc.c ****     /* Init the low level hardware */
  85              		.loc 1 109 16 is_stmt 0 view .LVU17
  86 0012 0371     		strb	r3, [r0, #4]
 111:STM32F411/Drivers/STM32F4xx_HAL_Driver/Src/stm32f4xx_hal_crc.c ****   }
  87              		.loc 1 111 5 is_stmt 1 view .LVU18
  88 0014 FFF7FEFF 		bl	HAL_CRC_MspInit
  89              	.LVL4:
 111:STM32F411/Drivers/STM32F4xx_HAL_Driver/Src/stm32f4xx_hal_crc.c ****   }
  90              		.loc 1 111 5 is_stmt 0 view .LVU19
  91 0018 F7E7     		b	.L4
  92              	.LVL5:
  93              	.L5:
ARM GAS  /tmp/ccpDeFt2.s 			page 6


  94              	.LCFI1:
  95              		.cfi_def_cfa_offset 0
  96              		.cfi_restore 4
  97              		.cfi_restore 14
 100:STM32F411/Drivers/STM32F4xx_HAL_Driver/Src/stm32f4xx_hal_crc.c ****   }
  98              		.loc 1 100 12 view .LVU20
  99 001a 0120     		movs	r0, #1
 100              	.LVL6:
 119:STM32F411/Drivers/STM32F4xx_HAL_Driver/Src/stm32f4xx_hal_crc.c **** 
 101              		.loc 1 119 1 view .LVU21
 102 001c 7047     		bx	lr
 103              		.cfi_endproc
 104              	.LFE134:
 106              		.section	.text.HAL_CRC_MspDeInit,"ax",%progbits
 107              		.align	1
 108              		.weak	HAL_CRC_MspDeInit
 109              		.syntax unified
 110              		.thumb
 111              		.thumb_func
 113              	HAL_CRC_MspDeInit:
 114              	.LVL7:
 115              	.LFB137:
 179:STM32F411/Drivers/STM32F4xx_HAL_Driver/Src/stm32f4xx_hal_crc.c **** 
 180:STM32F411/Drivers/STM32F4xx_HAL_Driver/Src/stm32f4xx_hal_crc.c **** /**
 181:STM32F411/Drivers/STM32F4xx_HAL_Driver/Src/stm32f4xx_hal_crc.c ****   * @brief  DeInitialize the CRC MSP.
 182:STM32F411/Drivers/STM32F4xx_HAL_Driver/Src/stm32f4xx_hal_crc.c ****   * @param  hcrc CRC handle
 183:STM32F411/Drivers/STM32F4xx_HAL_Driver/Src/stm32f4xx_hal_crc.c ****   * @retval None
 184:STM32F411/Drivers/STM32F4xx_HAL_Driver/Src/stm32f4xx_hal_crc.c ****   */
 185:STM32F411/Drivers/STM32F4xx_HAL_Driver/Src/stm32f4xx_hal_crc.c **** __weak void HAL_CRC_MspDeInit(CRC_HandleTypeDef *hcrc)
 186:STM32F411/Drivers/STM32F4xx_HAL_Driver/Src/stm32f4xx_hal_crc.c **** {
 116              		.loc 1 186 1 is_stmt 1 view -0
 117              		.cfi_startproc
 118              		@ args = 0, pretend = 0, frame = 0
 119              		@ frame_needed = 0, uses_anonymous_args = 0
 120              		@ link register save eliminated.
 187:STM32F411/Drivers/STM32F4xx_HAL_Driver/Src/stm32f4xx_hal_crc.c ****   /* Prevent unused argument(s) compilation warning */
 188:STM32F411/Drivers/STM32F4xx_HAL_Driver/Src/stm32f4xx_hal_crc.c ****   UNUSED(hcrc);
 121              		.loc 1 188 3 view .LVU23
 189:STM32F411/Drivers/STM32F4xx_HAL_Driver/Src/stm32f4xx_hal_crc.c **** 
 190:STM32F411/Drivers/STM32F4xx_HAL_Driver/Src/stm32f4xx_hal_crc.c ****   /* NOTE : This function should not be modified, when the callback is needed,
 191:STM32F411/Drivers/STM32F4xx_HAL_Driver/Src/stm32f4xx_hal_crc.c ****             the HAL_CRC_MspDeInit can be implemented in the user file
 192:STM32F411/Drivers/STM32F4xx_HAL_Driver/Src/stm32f4xx_hal_crc.c ****    */
 193:STM32F411/Drivers/STM32F4xx_HAL_Driver/Src/stm32f4xx_hal_crc.c **** }
 122              		.loc 1 193 1 is_stmt 0 view .LVU24
 123 0000 7047     		bx	lr
 124              		.cfi_endproc
 125              	.LFE137:
 127              		.section	.text.HAL_CRC_DeInit,"ax",%progbits
 128              		.align	1
 129              		.global	HAL_CRC_DeInit
 130              		.syntax unified
 131              		.thumb
 132              		.thumb_func
 134              	HAL_CRC_DeInit:
 135              	.LVL8:
 136              	.LFB135:
 127:STM32F411/Drivers/STM32F4xx_HAL_Driver/Src/stm32f4xx_hal_crc.c ****   /* Check the CRC handle allocation */
ARM GAS  /tmp/ccpDeFt2.s 			page 7


 137              		.loc 1 127 1 is_stmt 1 view -0
 138              		.cfi_startproc
 139              		@ args = 0, pretend = 0, frame = 0
 140              		@ frame_needed = 0, uses_anonymous_args = 0
 129:STM32F411/Drivers/STM32F4xx_HAL_Driver/Src/stm32f4xx_hal_crc.c ****   {
 141              		.loc 1 129 3 view .LVU26
 129:STM32F411/Drivers/STM32F4xx_HAL_Driver/Src/stm32f4xx_hal_crc.c ****   {
 142              		.loc 1 129 6 is_stmt 0 view .LVU27
 143 0000 B0B1     		cbz	r0, .L14
 127:STM32F411/Drivers/STM32F4xx_HAL_Driver/Src/stm32f4xx_hal_crc.c ****   /* Check the CRC handle allocation */
 144              		.loc 1 127 1 view .LVU28
 145 0002 38B5     		push	{r3, r4, r5, lr}
 146              	.LCFI2:
 147              		.cfi_def_cfa_offset 16
 148              		.cfi_offset 3, -16
 149              		.cfi_offset 4, -12
 150              		.cfi_offset 5, -8
 151              		.cfi_offset 14, -4
 152 0004 0546     		mov	r5, r0
 135:STM32F411/Drivers/STM32F4xx_HAL_Driver/Src/stm32f4xx_hal_crc.c **** 
 153              		.loc 1 135 3 is_stmt 1 view .LVU29
 138:STM32F411/Drivers/STM32F4xx_HAL_Driver/Src/stm32f4xx_hal_crc.c ****   {
 154              		.loc 1 138 3 view .LVU30
 138:STM32F411/Drivers/STM32F4xx_HAL_Driver/Src/stm32f4xx_hal_crc.c ****   {
 155              		.loc 1 138 11 is_stmt 0 view .LVU31
 156 0006 4079     		ldrb	r0, [r0, #5]	@ zero_extendqisi2
 157              	.LVL9:
 138:STM32F411/Drivers/STM32F4xx_HAL_Driver/Src/stm32f4xx_hal_crc.c ****   {
 158              		.loc 1 138 11 view .LVU32
 159 0008 C0B2     		uxtb	r0, r0
 138:STM32F411/Drivers/STM32F4xx_HAL_Driver/Src/stm32f4xx_hal_crc.c ****   {
 160              		.loc 1 138 6 view .LVU33
 161 000a 0228     		cmp	r0, #2
 162 000c 0FD0     		beq	.L13
 144:STM32F411/Drivers/STM32F4xx_HAL_Driver/Src/stm32f4xx_hal_crc.c **** 
 163              		.loc 1 144 3 is_stmt 1 view .LVU34
 144:STM32F411/Drivers/STM32F4xx_HAL_Driver/Src/stm32f4xx_hal_crc.c **** 
 164              		.loc 1 144 15 is_stmt 0 view .LVU35
 165 000e 0223     		movs	r3, #2
 166 0010 6B71     		strb	r3, [r5, #5]
 147:STM32F411/Drivers/STM32F4xx_HAL_Driver/Src/stm32f4xx_hal_crc.c **** 
 167              		.loc 1 147 3 is_stmt 1 view .LVU36
 168 0012 2A68     		ldr	r2, [r5]
 169 0014 9368     		ldr	r3, [r2, #8]
 170 0016 43F00103 		orr	r3, r3, #1
 171 001a 9360     		str	r3, [r2, #8]
 150:STM32F411/Drivers/STM32F4xx_HAL_Driver/Src/stm32f4xx_hal_crc.c **** 
 172              		.loc 1 150 3 view .LVU37
 173 001c 2B68     		ldr	r3, [r5]
 174 001e 0024     		movs	r4, #0
 175 0020 1C71     		strb	r4, [r3, #4]
 153:STM32F411/Drivers/STM32F4xx_HAL_Driver/Src/stm32f4xx_hal_crc.c **** 
 176              		.loc 1 153 3 view .LVU38
 177 0022 2846     		mov	r0, r5
 178 0024 FFF7FEFF 		bl	HAL_CRC_MspDeInit
 179              	.LVL10:
 156:STM32F411/Drivers/STM32F4xx_HAL_Driver/Src/stm32f4xx_hal_crc.c **** 
ARM GAS  /tmp/ccpDeFt2.s 			page 8


 180              		.loc 1 156 3 view .LVU39
 156:STM32F411/Drivers/STM32F4xx_HAL_Driver/Src/stm32f4xx_hal_crc.c **** 
 181              		.loc 1 156 15 is_stmt 0 view .LVU40
 182 0028 6C71     		strb	r4, [r5, #5]
 159:STM32F411/Drivers/STM32F4xx_HAL_Driver/Src/stm32f4xx_hal_crc.c **** 
 183              		.loc 1 159 3 is_stmt 1 view .LVU41
 159:STM32F411/Drivers/STM32F4xx_HAL_Driver/Src/stm32f4xx_hal_crc.c **** 
 184              		.loc 1 159 3 view .LVU42
 185 002a 2C71     		strb	r4, [r5, #4]
 159:STM32F411/Drivers/STM32F4xx_HAL_Driver/Src/stm32f4xx_hal_crc.c **** 
 186              		.loc 1 159 3 view .LVU43
 162:STM32F411/Drivers/STM32F4xx_HAL_Driver/Src/stm32f4xx_hal_crc.c **** }
 187              		.loc 1 162 3 view .LVU44
 162:STM32F411/Drivers/STM32F4xx_HAL_Driver/Src/stm32f4xx_hal_crc.c **** }
 188              		.loc 1 162 10 is_stmt 0 view .LVU45
 189 002c 2046     		mov	r0, r4
 190              	.L13:
 163:STM32F411/Drivers/STM32F4xx_HAL_Driver/Src/stm32f4xx_hal_crc.c **** 
 191              		.loc 1 163 1 view .LVU46
 192 002e 38BD     		pop	{r3, r4, r5, pc}
 193              	.LVL11:
 194              	.L14:
 195              	.LCFI3:
 196              		.cfi_def_cfa_offset 0
 197              		.cfi_restore 3
 198              		.cfi_restore 4
 199              		.cfi_restore 5
 200              		.cfi_restore 14
 131:STM32F411/Drivers/STM32F4xx_HAL_Driver/Src/stm32f4xx_hal_crc.c ****   }
 201              		.loc 1 131 12 view .LVU47
 202 0030 0120     		movs	r0, #1
 203              	.LVL12:
 163:STM32F411/Drivers/STM32F4xx_HAL_Driver/Src/stm32f4xx_hal_crc.c **** 
 204              		.loc 1 163 1 view .LVU48
 205 0032 7047     		bx	lr
 206              		.cfi_endproc
 207              	.LFE135:
 209              		.section	.text.HAL_CRC_Accumulate,"ax",%progbits
 210              		.align	1
 211              		.global	HAL_CRC_Accumulate
 212              		.syntax unified
 213              		.thumb
 214              		.thumb_func
 216              	HAL_CRC_Accumulate:
 217              	.LVL13:
 218              	.LFB138:
 194:STM32F411/Drivers/STM32F4xx_HAL_Driver/Src/stm32f4xx_hal_crc.c **** 
 195:STM32F411/Drivers/STM32F4xx_HAL_Driver/Src/stm32f4xx_hal_crc.c **** /**
 196:STM32F411/Drivers/STM32F4xx_HAL_Driver/Src/stm32f4xx_hal_crc.c ****   * @}
 197:STM32F411/Drivers/STM32F4xx_HAL_Driver/Src/stm32f4xx_hal_crc.c ****   */
 198:STM32F411/Drivers/STM32F4xx_HAL_Driver/Src/stm32f4xx_hal_crc.c **** 
 199:STM32F411/Drivers/STM32F4xx_HAL_Driver/Src/stm32f4xx_hal_crc.c **** /** @defgroup CRC_Exported_Functions_Group2 Peripheral Control functions
 200:STM32F411/Drivers/STM32F4xx_HAL_Driver/Src/stm32f4xx_hal_crc.c ****   *  @brief    management functions.
 201:STM32F411/Drivers/STM32F4xx_HAL_Driver/Src/stm32f4xx_hal_crc.c ****   *
 202:STM32F411/Drivers/STM32F4xx_HAL_Driver/Src/stm32f4xx_hal_crc.c **** @verbatim
 203:STM32F411/Drivers/STM32F4xx_HAL_Driver/Src/stm32f4xx_hal_crc.c ****  ===============================================================================
 204:STM32F411/Drivers/STM32F4xx_HAL_Driver/Src/stm32f4xx_hal_crc.c ****                       ##### Peripheral Control functions #####
ARM GAS  /tmp/ccpDeFt2.s 			page 9


 205:STM32F411/Drivers/STM32F4xx_HAL_Driver/Src/stm32f4xx_hal_crc.c ****  ===============================================================================
 206:STM32F411/Drivers/STM32F4xx_HAL_Driver/Src/stm32f4xx_hal_crc.c ****     [..]  This section provides functions allowing to:
 207:STM32F411/Drivers/STM32F4xx_HAL_Driver/Src/stm32f4xx_hal_crc.c ****       (+) compute the 32-bit CRC value of a 32-bit data buffer
 208:STM32F411/Drivers/STM32F4xx_HAL_Driver/Src/stm32f4xx_hal_crc.c ****           using combination of the previous CRC value and the new one.
 209:STM32F411/Drivers/STM32F4xx_HAL_Driver/Src/stm32f4xx_hal_crc.c **** 
 210:STM32F411/Drivers/STM32F4xx_HAL_Driver/Src/stm32f4xx_hal_crc.c ****        [..]  or
 211:STM32F411/Drivers/STM32F4xx_HAL_Driver/Src/stm32f4xx_hal_crc.c **** 
 212:STM32F411/Drivers/STM32F4xx_HAL_Driver/Src/stm32f4xx_hal_crc.c ****       (+) compute the 32-bit CRC value of a 32-bit data buffer
 213:STM32F411/Drivers/STM32F4xx_HAL_Driver/Src/stm32f4xx_hal_crc.c ****           independently of the previous CRC value.
 214:STM32F411/Drivers/STM32F4xx_HAL_Driver/Src/stm32f4xx_hal_crc.c **** 
 215:STM32F411/Drivers/STM32F4xx_HAL_Driver/Src/stm32f4xx_hal_crc.c **** @endverbatim
 216:STM32F411/Drivers/STM32F4xx_HAL_Driver/Src/stm32f4xx_hal_crc.c ****   * @{
 217:STM32F411/Drivers/STM32F4xx_HAL_Driver/Src/stm32f4xx_hal_crc.c ****   */
 218:STM32F411/Drivers/STM32F4xx_HAL_Driver/Src/stm32f4xx_hal_crc.c **** 
 219:STM32F411/Drivers/STM32F4xx_HAL_Driver/Src/stm32f4xx_hal_crc.c **** /**
 220:STM32F411/Drivers/STM32F4xx_HAL_Driver/Src/stm32f4xx_hal_crc.c ****   * @brief  Compute the 32-bit CRC value of a 32-bit data buffer
 221:STM32F411/Drivers/STM32F4xx_HAL_Driver/Src/stm32f4xx_hal_crc.c ****   *         starting with the previously computed CRC as initialization value.
 222:STM32F411/Drivers/STM32F4xx_HAL_Driver/Src/stm32f4xx_hal_crc.c ****   * @param  hcrc CRC handle
 223:STM32F411/Drivers/STM32F4xx_HAL_Driver/Src/stm32f4xx_hal_crc.c ****   * @param  pBuffer pointer to the input data buffer.
 224:STM32F411/Drivers/STM32F4xx_HAL_Driver/Src/stm32f4xx_hal_crc.c ****   * @param  BufferLength input data buffer length (number of uint32_t words).
 225:STM32F411/Drivers/STM32F4xx_HAL_Driver/Src/stm32f4xx_hal_crc.c ****   * @retval uint32_t CRC (returned value LSBs for CRC shorter than 32 bits)
 226:STM32F411/Drivers/STM32F4xx_HAL_Driver/Src/stm32f4xx_hal_crc.c ****   */
 227:STM32F411/Drivers/STM32F4xx_HAL_Driver/Src/stm32f4xx_hal_crc.c **** uint32_t HAL_CRC_Accumulate(CRC_HandleTypeDef *hcrc, uint32_t pBuffer[], uint32_t BufferLength)
 228:STM32F411/Drivers/STM32F4xx_HAL_Driver/Src/stm32f4xx_hal_crc.c **** {
 219              		.loc 1 228 1 is_stmt 1 view -0
 220              		.cfi_startproc
 221              		@ args = 0, pretend = 0, frame = 0
 222              		@ frame_needed = 0, uses_anonymous_args = 0
 223              		@ link register save eliminated.
 224              		.loc 1 228 1 is_stmt 0 view .LVU50
 225 0000 8446     		mov	ip, r0
 229:STM32F411/Drivers/STM32F4xx_HAL_Driver/Src/stm32f4xx_hal_crc.c ****   uint32_t index;      /* CRC input data buffer index */
 226              		.loc 1 229 3 is_stmt 1 view .LVU51
 230:STM32F411/Drivers/STM32F4xx_HAL_Driver/Src/stm32f4xx_hal_crc.c ****   uint32_t temp = 0U;  /* CRC output (read from hcrc->Instance->DR register) */
 227              		.loc 1 230 3 view .LVU52
 228              	.LVL14:
 231:STM32F411/Drivers/STM32F4xx_HAL_Driver/Src/stm32f4xx_hal_crc.c **** 
 232:STM32F411/Drivers/STM32F4xx_HAL_Driver/Src/stm32f4xx_hal_crc.c ****   /* Change CRC peripheral state */
 233:STM32F411/Drivers/STM32F4xx_HAL_Driver/Src/stm32f4xx_hal_crc.c ****   hcrc->State = HAL_CRC_STATE_BUSY;
 229              		.loc 1 233 3 view .LVU53
 230              		.loc 1 233 15 is_stmt 0 view .LVU54
 231 0002 0223     		movs	r3, #2
 232 0004 4371     		strb	r3, [r0, #5]
 234:STM32F411/Drivers/STM32F4xx_HAL_Driver/Src/stm32f4xx_hal_crc.c **** 
 235:STM32F411/Drivers/STM32F4xx_HAL_Driver/Src/stm32f4xx_hal_crc.c ****   /* Enter Data to the CRC calculator */
 236:STM32F411/Drivers/STM32F4xx_HAL_Driver/Src/stm32f4xx_hal_crc.c ****   for (index = 0U; index < BufferLength; index++)
 233              		.loc 1 236 3 is_stmt 1 view .LVU55
 234              	.LVL15:
 235              		.loc 1 236 14 is_stmt 0 view .LVU56
 236 0006 0023     		movs	r3, #0
 237              	.LVL16:
 238              		.loc 1 236 26 is_stmt 1 discriminator 1 view .LVU57
 239 0008 9342     		cmp	r3, r2
 240 000a 11D2     		bcs	.L26
 228:STM32F411/Drivers/STM32F4xx_HAL_Driver/Src/stm32f4xx_hal_crc.c ****   uint32_t index;      /* CRC input data buffer index */
 241              		.loc 1 228 1 is_stmt 0 view .LVU58
 242 000c 10B4     		push	{r4}
ARM GAS  /tmp/ccpDeFt2.s 			page 10


 243              	.LCFI4:
 244              		.cfi_def_cfa_offset 4
 245              		.cfi_offset 4, -4
 246              	.LVL17:
 247              	.L21:
 237:STM32F411/Drivers/STM32F4xx_HAL_Driver/Src/stm32f4xx_hal_crc.c ****   {
 238:STM32F411/Drivers/STM32F4xx_HAL_Driver/Src/stm32f4xx_hal_crc.c ****     hcrc->Instance->DR = pBuffer[index];
 248              		.loc 1 238 5 is_stmt 1 view .LVU59
 249              		.loc 1 238 24 is_stmt 0 view .LVU60
 250 000e DCF80000 		ldr	r0, [ip]
 251 0012 51F82340 		ldr	r4, [r1, r3, lsl #2]
 252 0016 0460     		str	r4, [r0]
 236:STM32F411/Drivers/STM32F4xx_HAL_Driver/Src/stm32f4xx_hal_crc.c ****   {
 253              		.loc 1 236 47 is_stmt 1 discriminator 3 view .LVU61
 254 0018 0133     		adds	r3, r3, #1
 255              	.LVL18:
 236:STM32F411/Drivers/STM32F4xx_HAL_Driver/Src/stm32f4xx_hal_crc.c ****   {
 256              		.loc 1 236 26 discriminator 1 view .LVU62
 257 001a 9342     		cmp	r3, r2
 258 001c F7D3     		bcc	.L21
 239:STM32F411/Drivers/STM32F4xx_HAL_Driver/Src/stm32f4xx_hal_crc.c ****   }
 240:STM32F411/Drivers/STM32F4xx_HAL_Driver/Src/stm32f4xx_hal_crc.c ****   temp = hcrc->Instance->DR;
 259              		.loc 1 240 3 view .LVU63
 260              		.loc 1 240 14 is_stmt 0 view .LVU64
 261 001e DCF80030 		ldr	r3, [ip]
 262              	.LVL19:
 263              		.loc 1 240 8 view .LVU65
 264 0022 1868     		ldr	r0, [r3]
 265              	.LVL20:
 241:STM32F411/Drivers/STM32F4xx_HAL_Driver/Src/stm32f4xx_hal_crc.c **** 
 242:STM32F411/Drivers/STM32F4xx_HAL_Driver/Src/stm32f4xx_hal_crc.c ****   /* Change CRC peripheral state */
 243:STM32F411/Drivers/STM32F4xx_HAL_Driver/Src/stm32f4xx_hal_crc.c ****   hcrc->State = HAL_CRC_STATE_READY;
 266              		.loc 1 243 3 is_stmt 1 view .LVU66
 267              		.loc 1 243 15 is_stmt 0 view .LVU67
 268 0024 0123     		movs	r3, #1
 269 0026 8CF80530 		strb	r3, [ip, #5]
 244:STM32F411/Drivers/STM32F4xx_HAL_Driver/Src/stm32f4xx_hal_crc.c **** 
 245:STM32F411/Drivers/STM32F4xx_HAL_Driver/Src/stm32f4xx_hal_crc.c ****   /* Return the CRC computed value */
 246:STM32F411/Drivers/STM32F4xx_HAL_Driver/Src/stm32f4xx_hal_crc.c ****   return temp;
 270              		.loc 1 246 3 is_stmt 1 view .LVU68
 247:STM32F411/Drivers/STM32F4xx_HAL_Driver/Src/stm32f4xx_hal_crc.c **** }
 271              		.loc 1 247 1 is_stmt 0 view .LVU69
 272 002a 5DF8044B 		ldr	r4, [sp], #4
 273              	.LCFI5:
 274              		.cfi_restore 4
 275              		.cfi_def_cfa_offset 0
 276 002e 7047     		bx	lr
 277              	.LVL21:
 278              	.L26:
 240:STM32F411/Drivers/STM32F4xx_HAL_Driver/Src/stm32f4xx_hal_crc.c **** 
 279              		.loc 1 240 3 is_stmt 1 view .LVU70
 240:STM32F411/Drivers/STM32F4xx_HAL_Driver/Src/stm32f4xx_hal_crc.c **** 
 280              		.loc 1 240 14 is_stmt 0 view .LVU71
 281 0030 0368     		ldr	r3, [r0]
 282              	.LVL22:
 240:STM32F411/Drivers/STM32F4xx_HAL_Driver/Src/stm32f4xx_hal_crc.c **** 
 283              		.loc 1 240 8 view .LVU72
ARM GAS  /tmp/ccpDeFt2.s 			page 11


 284 0032 1868     		ldr	r0, [r3]
 285              	.LVL23:
 243:STM32F411/Drivers/STM32F4xx_HAL_Driver/Src/stm32f4xx_hal_crc.c **** 
 286              		.loc 1 243 3 is_stmt 1 view .LVU73
 243:STM32F411/Drivers/STM32F4xx_HAL_Driver/Src/stm32f4xx_hal_crc.c **** 
 287              		.loc 1 243 15 is_stmt 0 view .LVU74
 288 0034 0123     		movs	r3, #1
 289 0036 8CF80530 		strb	r3, [ip, #5]
 246:STM32F411/Drivers/STM32F4xx_HAL_Driver/Src/stm32f4xx_hal_crc.c **** }
 290              		.loc 1 246 3 is_stmt 1 view .LVU75
 291              		.loc 1 247 1 is_stmt 0 view .LVU76
 292 003a 7047     		bx	lr
 293              		.cfi_endproc
 294              	.LFE138:
 296              		.section	.text.HAL_CRC_Calculate,"ax",%progbits
 297              		.align	1
 298              		.global	HAL_CRC_Calculate
 299              		.syntax unified
 300              		.thumb
 301              		.thumb_func
 303              	HAL_CRC_Calculate:
 304              	.LVL24:
 305              	.LFB139:
 248:STM32F411/Drivers/STM32F4xx_HAL_Driver/Src/stm32f4xx_hal_crc.c **** 
 249:STM32F411/Drivers/STM32F4xx_HAL_Driver/Src/stm32f4xx_hal_crc.c **** /**
 250:STM32F411/Drivers/STM32F4xx_HAL_Driver/Src/stm32f4xx_hal_crc.c ****   * @brief  Compute the 32-bit CRC value of a 32-bit data buffer
 251:STM32F411/Drivers/STM32F4xx_HAL_Driver/Src/stm32f4xx_hal_crc.c ****   *         starting with hcrc->Instance->INIT as initialization value.
 252:STM32F411/Drivers/STM32F4xx_HAL_Driver/Src/stm32f4xx_hal_crc.c ****   * @param  hcrc CRC handle
 253:STM32F411/Drivers/STM32F4xx_HAL_Driver/Src/stm32f4xx_hal_crc.c ****   * @param  pBuffer pointer to the input data buffer.
 254:STM32F411/Drivers/STM32F4xx_HAL_Driver/Src/stm32f4xx_hal_crc.c ****   * @param  BufferLength input data buffer length (number of uint32_t words).
 255:STM32F411/Drivers/STM32F4xx_HAL_Driver/Src/stm32f4xx_hal_crc.c ****   * @retval uint32_t CRC (returned value LSBs for CRC shorter than 32 bits)
 256:STM32F411/Drivers/STM32F4xx_HAL_Driver/Src/stm32f4xx_hal_crc.c ****   */
 257:STM32F411/Drivers/STM32F4xx_HAL_Driver/Src/stm32f4xx_hal_crc.c **** uint32_t HAL_CRC_Calculate(CRC_HandleTypeDef *hcrc, uint32_t pBuffer[], uint32_t BufferLength)
 258:STM32F411/Drivers/STM32F4xx_HAL_Driver/Src/stm32f4xx_hal_crc.c **** {
 306              		.loc 1 258 1 is_stmt 1 view -0
 307              		.cfi_startproc
 308              		@ args = 0, pretend = 0, frame = 0
 309              		@ frame_needed = 0, uses_anonymous_args = 0
 310              		@ link register save eliminated.
 311              		.loc 1 258 1 is_stmt 0 view .LVU78
 312 0000 8446     		mov	ip, r0
 259:STM32F411/Drivers/STM32F4xx_HAL_Driver/Src/stm32f4xx_hal_crc.c ****   uint32_t index;      /* CRC input data buffer index */
 313              		.loc 1 259 3 is_stmt 1 view .LVU79
 260:STM32F411/Drivers/STM32F4xx_HAL_Driver/Src/stm32f4xx_hal_crc.c ****   uint32_t temp = 0U;  /* CRC output (read from hcrc->Instance->DR register) */
 314              		.loc 1 260 3 view .LVU80
 315              	.LVL25:
 261:STM32F411/Drivers/STM32F4xx_HAL_Driver/Src/stm32f4xx_hal_crc.c **** 
 262:STM32F411/Drivers/STM32F4xx_HAL_Driver/Src/stm32f4xx_hal_crc.c ****   /* Change CRC peripheral state */
 263:STM32F411/Drivers/STM32F4xx_HAL_Driver/Src/stm32f4xx_hal_crc.c ****   hcrc->State = HAL_CRC_STATE_BUSY;
 316              		.loc 1 263 3 view .LVU81
 317              		.loc 1 263 15 is_stmt 0 view .LVU82
 318 0002 0223     		movs	r3, #2
 319 0004 4371     		strb	r3, [r0, #5]
 264:STM32F411/Drivers/STM32F4xx_HAL_Driver/Src/stm32f4xx_hal_crc.c **** 
 265:STM32F411/Drivers/STM32F4xx_HAL_Driver/Src/stm32f4xx_hal_crc.c ****   /* Reset CRC Calculation Unit (hcrc->Instance->INIT is
 266:STM32F411/Drivers/STM32F4xx_HAL_Driver/Src/stm32f4xx_hal_crc.c ****   *  written in hcrc->Instance->DR) */
 267:STM32F411/Drivers/STM32F4xx_HAL_Driver/Src/stm32f4xx_hal_crc.c ****   __HAL_CRC_DR_RESET(hcrc);
ARM GAS  /tmp/ccpDeFt2.s 			page 12


 320              		.loc 1 267 3 is_stmt 1 view .LVU83
 321 0006 0068     		ldr	r0, [r0]
 322              	.LVL26:
 323              		.loc 1 267 3 is_stmt 0 view .LVU84
 324 0008 8368     		ldr	r3, [r0, #8]
 325 000a 43F00103 		orr	r3, r3, #1
 326 000e 8360     		str	r3, [r0, #8]
 268:STM32F411/Drivers/STM32F4xx_HAL_Driver/Src/stm32f4xx_hal_crc.c **** 
 269:STM32F411/Drivers/STM32F4xx_HAL_Driver/Src/stm32f4xx_hal_crc.c ****   /* Enter 32-bit input data to the CRC calculator */
 270:STM32F411/Drivers/STM32F4xx_HAL_Driver/Src/stm32f4xx_hal_crc.c ****   for (index = 0U; index < BufferLength; index++)
 327              		.loc 1 270 3 is_stmt 1 view .LVU85
 328              	.LVL27:
 329              		.loc 1 270 14 is_stmt 0 view .LVU86
 330 0010 0023     		movs	r3, #0
 331              	.LVL28:
 332              		.loc 1 270 26 is_stmt 1 discriminator 1 view .LVU87
 333 0012 9342     		cmp	r3, r2
 334 0014 11D2     		bcs	.L34
 258:STM32F411/Drivers/STM32F4xx_HAL_Driver/Src/stm32f4xx_hal_crc.c ****   uint32_t index;      /* CRC input data buffer index */
 335              		.loc 1 258 1 is_stmt 0 view .LVU88
 336 0016 10B4     		push	{r4}
 337              	.LCFI6:
 338              		.cfi_def_cfa_offset 4
 339              		.cfi_offset 4, -4
 340              	.L29:
 271:STM32F411/Drivers/STM32F4xx_HAL_Driver/Src/stm32f4xx_hal_crc.c ****   {
 272:STM32F411/Drivers/STM32F4xx_HAL_Driver/Src/stm32f4xx_hal_crc.c ****     hcrc->Instance->DR = pBuffer[index];
 341              		.loc 1 272 5 is_stmt 1 view .LVU89
 342              		.loc 1 272 24 is_stmt 0 view .LVU90
 343 0018 DCF80000 		ldr	r0, [ip]
 344 001c 51F82340 		ldr	r4, [r1, r3, lsl #2]
 345 0020 0460     		str	r4, [r0]
 270:STM32F411/Drivers/STM32F4xx_HAL_Driver/Src/stm32f4xx_hal_crc.c ****   {
 346              		.loc 1 270 47 is_stmt 1 discriminator 3 view .LVU91
 347 0022 0133     		adds	r3, r3, #1
 348              	.LVL29:
 270:STM32F411/Drivers/STM32F4xx_HAL_Driver/Src/stm32f4xx_hal_crc.c ****   {
 349              		.loc 1 270 26 discriminator 1 view .LVU92
 350 0024 9342     		cmp	r3, r2
 351 0026 F7D3     		bcc	.L29
 273:STM32F411/Drivers/STM32F4xx_HAL_Driver/Src/stm32f4xx_hal_crc.c ****   }
 274:STM32F411/Drivers/STM32F4xx_HAL_Driver/Src/stm32f4xx_hal_crc.c ****   temp = hcrc->Instance->DR;
 352              		.loc 1 274 3 view .LVU93
 353              		.loc 1 274 14 is_stmt 0 view .LVU94
 354 0028 DCF80030 		ldr	r3, [ip]
 355              	.LVL30:
 356              		.loc 1 274 8 view .LVU95
 357 002c 1868     		ldr	r0, [r3]
 358              	.LVL31:
 275:STM32F411/Drivers/STM32F4xx_HAL_Driver/Src/stm32f4xx_hal_crc.c **** 
 276:STM32F411/Drivers/STM32F4xx_HAL_Driver/Src/stm32f4xx_hal_crc.c ****   /* Change CRC peripheral state */
 277:STM32F411/Drivers/STM32F4xx_HAL_Driver/Src/stm32f4xx_hal_crc.c ****   hcrc->State = HAL_CRC_STATE_READY;
 359              		.loc 1 277 3 is_stmt 1 view .LVU96
 360              		.loc 1 277 15 is_stmt 0 view .LVU97
 361 002e 0123     		movs	r3, #1
 362 0030 8CF80530 		strb	r3, [ip, #5]
 278:STM32F411/Drivers/STM32F4xx_HAL_Driver/Src/stm32f4xx_hal_crc.c **** 
ARM GAS  /tmp/ccpDeFt2.s 			page 13


 279:STM32F411/Drivers/STM32F4xx_HAL_Driver/Src/stm32f4xx_hal_crc.c ****   /* Return the CRC computed value */
 280:STM32F411/Drivers/STM32F4xx_HAL_Driver/Src/stm32f4xx_hal_crc.c ****   return temp;
 363              		.loc 1 280 3 is_stmt 1 view .LVU98
 281:STM32F411/Drivers/STM32F4xx_HAL_Driver/Src/stm32f4xx_hal_crc.c **** }
 364              		.loc 1 281 1 is_stmt 0 view .LVU99
 365 0034 5DF8044B 		ldr	r4, [sp], #4
 366              	.LCFI7:
 367              		.cfi_restore 4
 368              		.cfi_def_cfa_offset 0
 369 0038 7047     		bx	lr
 370              	.LVL32:
 371              	.L34:
 274:STM32F411/Drivers/STM32F4xx_HAL_Driver/Src/stm32f4xx_hal_crc.c **** 
 372              		.loc 1 274 3 is_stmt 1 view .LVU100
 274:STM32F411/Drivers/STM32F4xx_HAL_Driver/Src/stm32f4xx_hal_crc.c **** 
 373              		.loc 1 274 14 is_stmt 0 view .LVU101
 374 003a DCF80030 		ldr	r3, [ip]
 375              	.LVL33:
 274:STM32F411/Drivers/STM32F4xx_HAL_Driver/Src/stm32f4xx_hal_crc.c **** 
 376              		.loc 1 274 8 view .LVU102
 377 003e 1868     		ldr	r0, [r3]
 378              	.LVL34:
 277:STM32F411/Drivers/STM32F4xx_HAL_Driver/Src/stm32f4xx_hal_crc.c **** 
 379              		.loc 1 277 3 is_stmt 1 view .LVU103
 277:STM32F411/Drivers/STM32F4xx_HAL_Driver/Src/stm32f4xx_hal_crc.c **** 
 380              		.loc 1 277 15 is_stmt 0 view .LVU104
 381 0040 0123     		movs	r3, #1
 382 0042 8CF80530 		strb	r3, [ip, #5]
 280:STM32F411/Drivers/STM32F4xx_HAL_Driver/Src/stm32f4xx_hal_crc.c **** }
 383              		.loc 1 280 3 is_stmt 1 view .LVU105
 384              		.loc 1 281 1 is_stmt 0 view .LVU106
 385 0046 7047     		bx	lr
 386              		.cfi_endproc
 387              	.LFE139:
 389              		.section	.text.HAL_CRC_GetState,"ax",%progbits
 390              		.align	1
 391              		.global	HAL_CRC_GetState
 392              		.syntax unified
 393              		.thumb
 394              		.thumb_func
 396              	HAL_CRC_GetState:
 397              	.LVL35:
 398              	.LFB140:
 282:STM32F411/Drivers/STM32F4xx_HAL_Driver/Src/stm32f4xx_hal_crc.c **** 
 283:STM32F411/Drivers/STM32F4xx_HAL_Driver/Src/stm32f4xx_hal_crc.c **** /**
 284:STM32F411/Drivers/STM32F4xx_HAL_Driver/Src/stm32f4xx_hal_crc.c ****   * @}
 285:STM32F411/Drivers/STM32F4xx_HAL_Driver/Src/stm32f4xx_hal_crc.c ****   */
 286:STM32F411/Drivers/STM32F4xx_HAL_Driver/Src/stm32f4xx_hal_crc.c **** 
 287:STM32F411/Drivers/STM32F4xx_HAL_Driver/Src/stm32f4xx_hal_crc.c **** /** @defgroup CRC_Exported_Functions_Group3 Peripheral State functions
 288:STM32F411/Drivers/STM32F4xx_HAL_Driver/Src/stm32f4xx_hal_crc.c ****   *  @brief    Peripheral State functions.
 289:STM32F411/Drivers/STM32F4xx_HAL_Driver/Src/stm32f4xx_hal_crc.c ****   *
 290:STM32F411/Drivers/STM32F4xx_HAL_Driver/Src/stm32f4xx_hal_crc.c **** @verbatim
 291:STM32F411/Drivers/STM32F4xx_HAL_Driver/Src/stm32f4xx_hal_crc.c ****  ===============================================================================
 292:STM32F411/Drivers/STM32F4xx_HAL_Driver/Src/stm32f4xx_hal_crc.c ****                       ##### Peripheral State functions #####
 293:STM32F411/Drivers/STM32F4xx_HAL_Driver/Src/stm32f4xx_hal_crc.c ****  ===============================================================================
 294:STM32F411/Drivers/STM32F4xx_HAL_Driver/Src/stm32f4xx_hal_crc.c ****     [..]
 295:STM32F411/Drivers/STM32F4xx_HAL_Driver/Src/stm32f4xx_hal_crc.c ****     This subsection permits to get in run-time the status of the peripheral.
ARM GAS  /tmp/ccpDeFt2.s 			page 14


 296:STM32F411/Drivers/STM32F4xx_HAL_Driver/Src/stm32f4xx_hal_crc.c **** 
 297:STM32F411/Drivers/STM32F4xx_HAL_Driver/Src/stm32f4xx_hal_crc.c **** @endverbatim
 298:STM32F411/Drivers/STM32F4xx_HAL_Driver/Src/stm32f4xx_hal_crc.c ****   * @{
 299:STM32F411/Drivers/STM32F4xx_HAL_Driver/Src/stm32f4xx_hal_crc.c ****   */
 300:STM32F411/Drivers/STM32F4xx_HAL_Driver/Src/stm32f4xx_hal_crc.c **** 
 301:STM32F411/Drivers/STM32F4xx_HAL_Driver/Src/stm32f4xx_hal_crc.c **** /**
 302:STM32F411/Drivers/STM32F4xx_HAL_Driver/Src/stm32f4xx_hal_crc.c ****   * @brief  Return the CRC handle state.
 303:STM32F411/Drivers/STM32F4xx_HAL_Driver/Src/stm32f4xx_hal_crc.c ****   * @param  hcrc CRC handle
 304:STM32F411/Drivers/STM32F4xx_HAL_Driver/Src/stm32f4xx_hal_crc.c ****   * @retval HAL state
 305:STM32F411/Drivers/STM32F4xx_HAL_Driver/Src/stm32f4xx_hal_crc.c ****   */
 306:STM32F411/Drivers/STM32F4xx_HAL_Driver/Src/stm32f4xx_hal_crc.c **** HAL_CRC_StateTypeDef HAL_CRC_GetState(const CRC_HandleTypeDef *hcrc)
 307:STM32F411/Drivers/STM32F4xx_HAL_Driver/Src/stm32f4xx_hal_crc.c **** {
 399              		.loc 1 307 1 is_stmt 1 view -0
 400              		.cfi_startproc
 401              		@ args = 0, pretend = 0, frame = 0
 402              		@ frame_needed = 0, uses_anonymous_args = 0
 403              		@ link register save eliminated.
 308:STM32F411/Drivers/STM32F4xx_HAL_Driver/Src/stm32f4xx_hal_crc.c ****   /* Return CRC handle state */
 309:STM32F411/Drivers/STM32F4xx_HAL_Driver/Src/stm32f4xx_hal_crc.c ****   return hcrc->State;
 404              		.loc 1 309 3 view .LVU108
 405              		.loc 1 309 14 is_stmt 0 view .LVU109
 406 0000 4079     		ldrb	r0, [r0, #5]	@ zero_extendqisi2
 407              	.LVL36:
 310:STM32F411/Drivers/STM32F4xx_HAL_Driver/Src/stm32f4xx_hal_crc.c **** }
 408              		.loc 1 310 1 view .LVU110
 409 0002 7047     		bx	lr
 410              		.cfi_endproc
 411              	.LFE140:
 413              		.text
 414              	.Letext0:
 415              		.file 2 "/usr/lib/gcc/arm-none-eabi/13.2.1/include/stdint.h"
 416              		.file 3 "STM32F411/Drivers/CMSIS/Device/ST/STM32F4xx/Include/stm32f411xe.h"
 417              		.file 4 "STM32F411/Drivers/STM32F4xx_HAL_Driver/Inc/stm32f4xx_hal_def.h"
 418              		.file 5 "STM32F411/Drivers/STM32F4xx_HAL_Driver/Inc/stm32f4xx_hal_crc.h"
ARM GAS  /tmp/ccpDeFt2.s 			page 15


DEFINED SYMBOLS
                            *ABS*:00000000 stm32f4xx_hal_crc.c
     /tmp/ccpDeFt2.s:21     .text.HAL_CRC_MspInit:00000000 $t
     /tmp/ccpDeFt2.s:27     .text.HAL_CRC_MspInit:00000000 HAL_CRC_MspInit
     /tmp/ccpDeFt2.s:42     .text.HAL_CRC_Init:00000000 $t
     /tmp/ccpDeFt2.s:48     .text.HAL_CRC_Init:00000000 HAL_CRC_Init
     /tmp/ccpDeFt2.s:107    .text.HAL_CRC_MspDeInit:00000000 $t
     /tmp/ccpDeFt2.s:113    .text.HAL_CRC_MspDeInit:00000000 HAL_CRC_MspDeInit
     /tmp/ccpDeFt2.s:128    .text.HAL_CRC_DeInit:00000000 $t
     /tmp/ccpDeFt2.s:134    .text.HAL_CRC_DeInit:00000000 HAL_CRC_DeInit
     /tmp/ccpDeFt2.s:210    .text.HAL_CRC_Accumulate:00000000 $t
     /tmp/ccpDeFt2.s:216    .text.HAL_CRC_Accumulate:00000000 HAL_CRC_Accumulate
     /tmp/ccpDeFt2.s:297    .text.HAL_CRC_Calculate:00000000 $t
     /tmp/ccpDeFt2.s:303    .text.HAL_CRC_Calculate:00000000 HAL_CRC_Calculate
     /tmp/ccpDeFt2.s:390    .text.HAL_CRC_GetState:00000000 $t
     /tmp/ccpDeFt2.s:396    .text.HAL_CRC_GetState:00000000 HAL_CRC_GetState

NO UNDEFINED SYMBOLS
